 Scan The fastest combinaison 64

 MKL_NUM_THREADS=32 OMP_NUM_THREADS=32




Feast 3.0:  image size = 64 X 64  ,   # Sub-Intervals= 8

| Sub-Intervals| 		| -1.09 -- -0.556 -- -0.454 -- -0.366 -- -0.285 -- -0.209 -- -0.138 -- -0.0689 -- 0 |
| List M0 |   		          | 337 -- 325 -- 334 -- 332 -- 331 -- 344 -- 339 -- 338 |


Parallel Feast Double

h 	 gm 	 fe 	 Emin 	 Emax 	 M0 	 #cnt 	 ratio 	 Meth 	 eps 	 PSNR0  	 PSNR 	 eig(s) 	 Split(s) 	 Total(s) 	 #iter 	 Nh % 	 info	 store_fact 	 cnvgce_trace_Resdl 	 guess_M0 % 	  Run_Q_M0
0.260	0.500	1.000	-1.087	-0.556	404	  8	 1	0	6	 inf	   50.615	   129.551	   457.516	  587.275	 2	2560	0	0	0	0	0
0.260	0.500	1.000	-1.087	-0.556	404	  8	 1	0	6	 inf	   50.615	   77.751	   467.044	  545.106	 2	2560	0	1	0	0	0
0.260	0.500	1.000	-1.087	-0.556	404	  8	 1	0	6	 inf	   50.615	   86.443	   466.193	  552.837	 1	2560	0	0	1	0	0
0.260	0.500	1.000	-1.087	-0.556	404	  8	 1	0	6	 inf	   50.615	   62.205	   465.760	  528.181	 1	2560	0	1	1	0	0
0.260	0.500	1.000	-1.087	-0.556	404	  8	 1	0	12	 inf	   50.615	   148.592	   469.468	  618.264	 2	2560	0	0	0	0	0
0.260	0.500	1.000	-1.087	-0.556	404	  8	 1	0	12	 inf	   50.615	   92.145	   467.512	  559.968	 2	2560	0	1	0	0	0
0.260	0.500	1.000	-1.087	-0.556	404	  8	 1	0	12	 inf	   50.615	   171.693	   469.296	  641.319	 9	2560	2	0	1	0	0
0.260	0.500	1.000	-1.087	-0.556	404	  8	 1	0	12	 inf	   50.615	   96.616	   469.927	  566.754	 10	2560	4	1	1	0	0
0.260	0.500	1.000	-1.087	-0.556	404	  8	 1	1	6	 inf	   50.615	   130.069	   468.148	  598.421	 2	2560	0	0	0	0	0
0.260	0.500	1.000	-1.087	-0.556	404	  8	 1	1	6	 inf	   50.615	   79.040	   469.164	  548.477	 2	2560	0	1	0	0	0
0.260	0.500	1.000	-1.087	-0.556	404	  8	 1	1	6	 inf	   50.615	   131.418	   470.001	  601.624	 2	2560	0	0	1	0	0
0.260	0.500	1.000	-1.087	-0.556	404	  8	 1	1	6	 inf	   50.615	   80.351	   470.660	  551.213	 2	2560	0	1	1	0	0
0.260	0.500	1.000	-1.087	-0.556	404	  8	 1	1	12	 inf	   50.615	   149.778	   470.572	  620.583	 2	2560	0	0	0	0	0
0.260	0.500	1.000	-1.087	-0.556	404	  8	 1	1	12	 inf	   50.615	   91.677	   470.011	  561.996	 2	2560	0	1	0	0	0
0.260	0.500	1.000	-1.087	-0.556	404	  8	 1	1	12	 inf	   50.615	   195.861	   469.756	  665.861	 4	2560	0	0	1	0	0
0.260	0.500	1.000	-1.087	-0.556	404	  8	 1	1	12	 inf	   50.615	   111.560	   469.173	  580.932	 5	2560	0	1	1	0	0
0.260	0.500	1.000	-1.087	-0.556	404	  8	 1	2	6	 inf	   50.615	   174.681	   467.615	  642.496	 3	2560	0	0	0	0	0
0.260	0.500	1.000	-1.087	-0.556	404	  8	 1	2	6	 inf	   50.615	   97.377	   467.878	  565.522	 3	2560	0	1	0	0	0
0.260	0.500	1.000	-1.087	-0.556	404	  8	 1	2	6	 inf	   50.615	   173.058	   467.160	  640.497	 4	2560	0	0	1	0	0
0.260	0.500	1.000	-1.087	-0.556	404	  8	 1	2	6	 inf	   50.615	   100.492	   468.441	  569.159	 4	2560	0	1	1	0	0
0.260	0.500	1.000	-1.087	-0.556	404	  8	 1	2	12	 inf	   50.615	   233.923	   470.141	  704.367	 4	2560	0	0	0	0	0
0.260	0.500	1.000	-1.087	-0.556	404	  8	 1	2	12	 inf	   50.615	   124.640	   472.326	  597.297	 4	2560	0	1	0	0	0
0.260	0.500	1.000	-1.087	-0.556	404	  8	 1	2	12	 inf	   50.615	   300.654	   470.412	  771.337	 7	2560	0	0	1	0	0
0.260	0.500	1.000	-1.087	-0.556	404	  8	 1	2	12	 inf	   50.615	   149.365	   472.010	  621.597	 8	2560	0	1	1	0	0
0.260	0.500	1.000	-1.087	-0.556	404	  8	 100	0	6	 inf	   50.615	   165.456	   470.751	  636.408	 2	2560	0	0	0	0	0
0.260	0.500	1.000	-1.087	-0.556	404	  8	 100	0	6	 inf	   50.615	   95.831	   469.158	  565.200	 2	2560	0	1	0	0	0
0.260	0.500	1.000	-1.087	-0.556	404	  8	 100	0	6	 inf	   50.615	   148.239	   467.744	  616.185	 2	2560	0	0	1	0	0
0.260	0.500	1.000	-1.087	-0.556	404	  8	 100	0	6	 inf	   50.615	   90.866	   464.930	  556.095	 2	2560	0	1	1	0	0
0.260	0.500	1.000	-1.087	-0.556	404	  8	 100	0	12	 inf	   50.615	   189.547	   465.071	  654.900	 3	2560	0	0	0	0	0
0.260	0.500	1.000	-1.087	-0.556	404	  8	 100	0	12	 inf	   50.615	   107.799	   463.427	  571.496	 3	2560	0	1	0	0	0
0.260	0.500	1.000	-1.087	-0.556	404	  8	 100	0	12	 inf	   50.615	   265.438	   464.166	  729.849	 4	2560	0	0	1	0	0
0.260	0.500	1.000	-1.087	-0.556	404	  8	 100	0	12	 inf	   50.615	   146.919	   465.087	  612.326	 4	2560	0	1	1	0	0
0.260	0.500	1.000	-1.087	-0.556	404	  8	 100	1	6	 inf	   50.615	   239.856	   465.051	  705.141	 4	2560	0	0	0	0	0
0.260	0.500	1.000	-1.087	-0.556	404	  8	 100	1	6	 inf	   50.615	   134.924	   467.771	  602.983	 4	2560	0	1	0	0	0
0.260	0.500	1.000	-1.087	-0.556	404	  8	 100	1	6	 inf	   50.615	   338.157	   469.490	  807.894	 5	2560	0	0	1	0	0
0.260	0.500	1.000	-1.087	-0.556	404	  8	 100	1	6	 inf	   50.615	   190.190	   472.447	  662.945	 5	2560	0	1	1	0	0
0.260	0.500	1.000	-1.087	-0.556	404	  8	 100	1	12	 inf	   50.615	   390.191	   472.004	  862.497	 6	2560	0	0	0	0	0
0.260	0.500	1.000	-1.087	-0.556	404	  8	 100	1	12	 inf	   50.615	   225.110	   469.313	  694.744	 5	2560	0	1	0	0	0
0.260	0.500	1.000	-1.087	-0.556	404	  8	 100	1	12	 inf	   50.615	   604.645	   467.179	  1072.103	 10	2560	2	0	1	0	0
0.260	0.500	1.000	-1.087	-0.556	404	  8	 100	1	12	 inf	   50.615	   325.532	   465.404	  791.201	 10	2560	2	1	1	0	0
0.260	0.500	1.000	-1.087	-0.556	404	  8	 100	2	6	 inf	   50.615	   171.559	   467.348	  639.154	 3	2560	0	0	0	0	0
0.260	0.500	1.000	-1.087	-0.556	404	  8	 100	2	6	 inf	   50.615	   96.227	   468.947	  565.517	 3	2560	0	1	0	0	0
0.260	0.500	1.000	-1.087	-0.556	404	  8	 100	2	6	 inf	   50.615	   177.619	   468.118	  645.962	 4	2560	0	0	1	0	0
0.260	0.500	1.000	-1.087	-0.556	404	  8	 100	2	6	 inf	   50.615	   97.287	   469.146	  566.654	 4	2560	0	1	1	0	0
0.260	0.500	1.000	-1.087	-0.556	404	  8	 100	2	12	 inf	   50.615	   229.541	   469.133	  698.953	 4	2560	0	0	0	0	0
0.260	0.500	1.000	-1.087	-0.556	404	  8	 100	2	12	 inf	   50.615	   126.672	   472.416	  599.287	 4	2560	0	1	0	0	0
0.260	0.500	1.000	-1.087	-0.556	404	  8	 100	2	12	 inf	   50.615	   298.454	   471.618	  770.370	 7	2560	0	0	1	0	0
0.260	0.500	1.000	-1.087	-0.556	404	  8	 100	2	12	 inf	   50.615	   151.162	   473.208	  624.597	 7	2560	0	1	1	0	0
0.260	0.500	1.000	-1.087	-0.556	404	  56	 1	0	6	 inf	   50.615	   536.128	   475.201	  1011.528	 1	2560	0	0	0	0	0
0.260	0.500	1.000	-1.087	-0.556	404	  56	 1	0	6	 inf	   50.615	   291.925	   472.884	  765.092	 1	2560	0	1	0	0	0
0.260	0.500	1.000	-1.087	-0.556	404	  56	 1	0	6	 inf	   50.615	   240.732	   469.535	  710.467	 0	2560	0	0	1	0	0
0.260	0.500	1.000	-1.087	-0.556	404	  56	 1	0	6	 inf	   50.615	   263.687	   468.405	  732.286	 0	2560	0	1	1	0	0
0.260	0.500	1.000	-1.087	-0.556	404	  56	 1	0	12	 inf	   50.615	   695.950	   469.739	  1165.887	 2	2560	0	0	0	0	0
0.260	0.500	1.000	-1.087	-0.556	404	  56	 1	0	12	 inf	   50.615	   343.133	   469.621	  812.948	 2	2560	0	1	0	0	0
0.260	0.500	1.000	-1.087	-0.556	404	  56	 1	0	12	 inf	   50.615	   476.632	   472.771	  949.602	 1	2560	0	0	1	0	0
0.260	0.500	1.000	-1.087	-0.556	404	  56	 1	0	12	 inf	   50.615	   297.128	   474.491	  771.863	 1	2560	0	1	1	0	0
0.260	0.500	1.000	-1.087	-0.556	404	  56	 1	1	6	 inf	   50.615	   706.153	   473.678	  1180.029	 2	2560	0	0	0	0	0
0.260	0.500	1.000	-1.087	-0.556	404	  56	 1	1	6	 inf	   50.615	   346.316	   473.698	  820.208	 1	2560	0	1	0	0	0
0.260	0.500	1.000	-1.087	-0.556	404	  56	 1	1	6	 inf	   50.615	   415.879	   471.105	  887.182	 0	2560	0	0	1	0	0
0.260	0.500	1.000	-1.087	-0.556	404	  56	 1	1	6	 inf	   50.615	   286.075	   473.572	  759.842	 0	2560	0	1	1	0	0
0.260	0.500	1.000	-1.087	-0.556	404	  56	 1	1	12	 inf	   50.615	   708.704	   473.831	  1182.745	 2	2560	0	0	0	0	0
0.260	0.500	1.000	-1.087	-0.556	404	  56	 1	1	12	 inf	   50.615	   347.803	   473.421	  821.418	 2	2560	0	1	0	0	0
0.260	0.500	1.000	-1.087	-0.556	404	  56	 1	1	12	 inf	   50.615	   473.700	   473.237	  947.147	 1	2560	0	0	1	0	0
0.260	0.500	1.000	-1.087	-0.556	404	  56	 1	1	12	 inf	   50.615	   294.574	   473.576	  768.348	 1	2560	0	1	1	0	0
0.260	0.500	1.000	-1.087	-0.556	404	  56	 1	2	6	 inf	   50.615	   528.528	   473.413	  1002.141	 1	2560	0	0	0	0	0
0.260	0.500	1.000	-1.087	-0.556	404	  56	 1	2	6	 inf	   50.615	   290.620	   471.958	  762.840	 1	2560	0	1	0	0	0
0.260	0.500	1.000	-1.087	-0.556	404	  56	 1	2	6	 inf	   50.615	   299.905	   474.006	  774.107	 0	2560	0	0	1	0	0
0.260	0.500	1.000	-1.087	-0.556	404	  56	 1	2	6	 inf	   50.615	   272.927	   474.638	  747.762	 0	2560	0	1	1	0	0
0.260	0.500	1.000	-1.087	-0.556	404	  56	 1	2	12	 inf	   50.615	   642.456	   473.330	  1115.986	 1	2560	0	0	0	0	0
0.260	0.500	1.000	-1.087	-0.556	404	  56	 1	2	12	 inf	   50.615	   344.220	   472.568	  816.984	 1	2560	0	1	0	0	0
0.260	0.500	1.000	-1.087	-0.556	404	  56	 1	2	12	 inf	   50.615	   474.880	   475.061	  950.150	 1	2560	0	0	1	0	0
0.260	0.500	1.000	-1.087	-0.556	404	  56	 1	2	12	 inf	   50.615	   293.934	   474.173	  768.302	 1	2560	0	1	1	0	0
0.260	0.500	1.000	-1.087	-0.556	404	  56	 100	0	6	 inf	   50.615	   702.025	   474.804	  1177.029	 2	2560	0	0	0	0	0
0.260	0.500	1.000	-1.087	-0.556	404	  56	 100	0	6	 inf	   50.615	   346.422	   474.115	  820.733	 2	2560	0	1	0	0	0
0.260	0.500	1.000	-1.087	-0.556	404	  56	 100	0	6	 inf	   50.615	   416.940	   474.100	  891.241	 1	2560	0	0	1	0	0
0.260	0.500	1.000	-1.087	-0.556	404	  56	 100	0	6	 inf	   50.615	   293.231	   472.949	  766.375	 1	2560	0	1	1	0	0
0.260	0.500	1.000	-1.087	-0.556	404	  56	 100	0	12	 inf	   50.615	   708.920	   470.393	  1179.520	 2	2560	0	0	0	0	0
0.260	0.500	1.000	-1.087	-0.556	404	  56	 100	0	12	 inf	   50.615	   348.900	   469.385	  818.547	 2	2560	0	1	0	0	0
0.260	0.500	1.000	-1.087	-0.556	404	  56	 100	0	12	 inf	   50.615	   471.888	   468.957	  941.043	 1	2560	0	0	1	0	0
0.260	0.500	1.000	-1.087	-0.556	404	  56	 100	0	12	 inf	   50.615	   290.999	   472.375	  763.569	 1	2560	0	1	1	0	0
0.260	0.500	1.000	-1.087	-0.556	404	  56	 100	1	6	 inf	   50.615	   482.273	   473.983	  956.471	 1	2560	0	0	0	0	0
0.260	0.500	1.000	-1.087	-0.556	404	  56	 100	1	6	 inf	   50.615	   305.894	   475.395	  781.521	 1	2560	0	1	0	0	0
0.260	0.500	1.000	-1.087	-0.556	404	  56	 100	1	6	 inf	   50.615	   486.196	   476.994	  963.388	 1	2560	0	0	1	0	0
0.260	0.500	1.000	-1.087	-0.556	404	  56	 100	1	6	 inf	   50.615	   305.916	   475.384	  781.520	 1	2560	0	1	1	0	0
0.260	0.500	1.000	-1.087	-0.556	404	  56	 100	1	12	 inf	   50.615	   728.647	   474.890	  1203.738	 2	2560	0	0	0	0	0
0.260	0.500	1.000	-1.087	-0.556	404	  56	 100	1	12	 inf	   50.615	   361.406	   476.523	  838.177	 2	2560	0	1	0	0	0
0.260	0.500	1.000	-1.087	-0.556	404	  56	 100	1	12	 inf	   50.615	   672.759	   478.138	  1151.096	 1	2560	0	0	1	0	0
0.260	0.500	1.000	-1.087	-0.556	404	  56	 100	1	12	 inf	   50.615	   352.742	   477.763	  830.700	 1	2560	0	1	1	0	0
0.260	0.500	1.000	-1.087	-0.556	404	  56	 100	2	6	 inf	   50.615	   542.409	   477.730	  1020.337	 1	2560	0	0	0	0	0
0.260	0.500	1.000	-1.087	-0.556	404	  56	 100	2	6	 inf	   50.615	   316.906	   479.646	  796.879	 1	2560	0	1	0	0	0
0.260	0.500	1.000	-1.087	-0.556	404	  56	 100	2	6	 inf	   50.615	   242.658	   477.688	  720.543	 0	2560	0	0	1	0	0
0.260	0.500	1.000	-1.087	-0.556	404	  56	 100	2	6	 inf	   50.615	   265.708	   476.231	  742.132	 0	2560	0	1	1	0	0
0.260	0.500	1.000	-1.087	-0.556	404	  56	 100	2	12	 inf	   50.615	   713.520	   477.954	  1191.694	 1	2560	0	0	0	0	0
0.260	0.500	1.000	-1.087	-0.556	404	  56	 100	2	12	 inf	   50.615	   346.203	   476.835	  823.379	 2	2560	0	1	0	0	0
0.260	0.500	1.000	-1.087	-0.556	404	  56	 100	2	12	 inf	   50.615	   419.023	   477.676	  896.901	 0	2560	0	0	1	0	0
0.260	0.500	1.000	-1.087	-0.556	404	  56	 100	2	12	 inf	   50.615	   276.880	   476.806	  753.957	 0	2560	0	1	1	0	0

                            The run.sh command was:                                 
##########################################################################################
#!/bin/bash
#SBATCH --account=k1251
#SBATCH --job-name=pfeast_nc64
#SBATCH --output=./sensTV/64/3pfeast_nc_64-%j.out
#SBATCH --error=./sensTV/64/errors/pfeast_nc_64-%j.err
#SBATCH --nodes=1
#SBATCH --time=23:30:00

export MKL_NUM_THREADS=32 OMP_NUM_THREADS=32
echo " Scan The fastest combinaison 64"
echo""
echo " MKL_NUM_THREADS=32 OMP_NUM_THREADS=32"
echo""
echo""

#srun --ntasks=1 --ntasks-per-node=1    ./SCSA_2D2D_dfeast_parallel   -nc 8 --data ../dat_data/img64_Lena64.dat ../dat_data/img64_Lena64.dat  -N 64 -h 0.26 -gm 0.5
#srun --ntasks=4 --ntasks-per-node=4  --ntasks-per-socket=2  ./SCSA_2D2D_dfeast_parallel   -nc 8 --data ../dat_data/img64_Lena64.dat ../dat_data/img64_Lena64.dat  -N 64 -h 0.26 -gm 0.5
srun --ntasks=8 --ntasks-per-node=8  --ntasks-per-socket=4  ./SCSA_2D2D_dfeast_parallel   -nc 8 --data ../dat_data/img64_Lena64.dat ../dat_data/img64_Lena64.dat  -N 64 -h 0.26 -gm 0.5
#srun --ntasks=12 --ntasks-per-node=12  --ntasks-per-socket=6  ./SCSA_2D2D_dfeast_parallel   -nc 8 --data ../dat_data/img64_Lena64.dat ../dat_data/img64_Lena64.dat  -N 64 -h 0.26 -gm 0.5

echo""
echo "                            The run.sh command was:                                 "
echo "##########################################################################################"
cat run_64.sh
