 Scan The fastest combinaison 64

 MKL_NUM_THREADS=32 OMP_NUM_THREADS=32




Feast 3.0:  image size = 64 X 64  ,   # Sub-Intervals= 8

| Sub-Intervals| 		| -1.09 -- -0.556 -- -0.454 -- -0.366 -- -0.285 -- -0.209 -- -0.138 -- -0.0689 -- 0 |
| List M0 |   		          | 337 -- 325 -- 334 -- 332 -- 331 -- 344 -- 339 -- 338 |


Parallel Feast Double

h 	 gm 	 fe 	 Emin 	 Emax 	 M0 	 #cnt 	 ratio 	 Meth 	 eps 	 PSNR0  	 PSNR 	 eig(s) 	 Split(s) 	 Total(s) 	 #iter 	 Nh % 	 info	 store_fact 	 cnvgce_trace_Resdl 	 guess_M0 % 	  Run_Q_M0
0.260	0.500	1.000	-1.087	-0.556	606	  8	 1	0	6	 inf	   50.615	   115.825	   454.290	  570.350	 1	2560	0	0	0	0	0
0.260	0.500	1.000	-1.087	-0.556	606	  8	 1	0	6	 inf	   50.615	   79.268	   458.231	  537.700	 1	2560	0	1	0	0	0
0.260	0.500	1.000	-1.087	-0.556	606	  8	 1	0	6	 inf	   50.615	   113.878	   460.429	  574.552	 1	2560	0	0	1	0	0
0.260	0.500	1.000	-1.087	-0.556	606	  8	 1	0	6	 inf	   50.615	   78.732	   468.093	  547.029	 1	2560	0	1	1	0	0
0.260	0.500	1.000	-1.087	-0.556	606	  8	 1	0	12	 inf	   50.615	   147.359	   469.624	  617.185	 2	2560	0	0	0	0	0
0.260	0.500	1.000	-1.087	-0.556	606	  8	 1	0	12	 inf	   50.615	   98.267	   468.847	  567.403	 2	2560	0	1	0	0	0
0.260	0.500	1.000	-1.087	-0.556	606	  8	 1	0	12	 inf	   50.615	   159.208	   469.151	  628.662	 6	2560	0	0	1	0	0
0.260	0.500	1.000	-1.087	-0.556	606	  8	 1	0	12	 inf	   50.615	   100.422	   467.604	  568.228	 4	2560	0	1	1	0	0
0.260	0.500	1.000	-1.087	-0.556	606	  8	 1	1	6	 inf	   50.615	   112.772	   472.311	  585.403	 1	2560	0	0	0	0	0
0.260	0.500	1.000	-1.087	-0.556	606	  8	 1	1	6	 inf	   50.615	   78.393	   469.107	  547.701	 1	2560	0	1	0	0	0
0.260	0.500	1.000	-1.087	-0.556	606	  8	 1	1	6	 inf	   50.615	   116.770	   469.736	  586.759	 1	2560	0	0	1	0	0
0.260	0.500	1.000	-1.087	-0.556	606	  8	 1	1	6	 inf	   50.615	   80.657	   470.501	  551.401	 1	2560	0	1	1	0	0
0.260	0.500	1.000	-1.087	-0.556	606	  8	 1	1	12	 inf	   50.615	   147.252	   468.874	  616.331	 2	2560	0	0	0	0	0
0.260	0.500	1.000	-1.087	-0.556	606	  8	 1	1	12	 inf	   50.615	   97.695	   466.541	  564.549	 2	2560	0	1	0	0	0
0.260	0.500	1.000	-1.087	-0.556	606	  8	 1	1	12	 inf	   50.615	   149.295	   466.238	  615.824	 4	2560	0	0	1	0	0
0.260	0.500	1.000	-1.087	-0.556	606	  8	 1	1	12	 inf	   50.615	   103.463	   466.931	  570.650	 4	2560	0	1	1	0	0
0.260	0.500	1.000	-1.087	-0.556	606	  8	 1	2	6	 inf	   50.615	   202.363	   469.462	  672.027	 3	2560	0	0	0	0	0
0.260	0.500	1.000	-1.087	-0.556	606	  8	 1	2	6	 inf	   50.615	   127.070	   472.553	  599.826	 3	2560	0	1	0	0	0
0.260	0.500	1.000	-1.087	-0.556	606	  8	 1	2	6	 inf	   50.615	   203.617	   474.109	  677.945	 4	2560	0	0	1	0	0
0.260	0.500	1.000	-1.087	-0.556	606	  8	 1	2	6	 inf	   50.615	   127.040	   476.597	  603.847	 4	2560	0	1	1	0	0
0.260	0.500	1.000	-1.087	-0.556	606	  8	 1	2	12	 inf	   50.615	   256.771	   478.044	  735.018	 4	2560	0	0	0	0	0
0.260	0.500	1.000	-1.087	-0.556	606	  8	 1	2	12	 inf	   50.615	   148.641	   476.774	  625.743	 4	2560	0	1	0	0	0
0.260	0.500	1.000	-1.087	-0.556	606	  8	 1	2	12	 inf	   50.615	   351.030	   476.047	  827.377	 10	2560	4	0	1	0	0
0.260	0.500	1.000	-1.087	-0.556	606	  8	 1	2	12	 inf	   50.615	   203.158	   477.328	  680.748	 10	2560	4	1	1	0	0
0.260	0.500	1.000	-1.087	-0.556	606	  8	 100	0	6	 inf	   50.615	   154.656	   476.092	  631.009	 2	2560	0	0	0	0	0
0.260	0.500	1.000	-1.087	-0.556	606	  8	 100	0	6	 inf	   50.615	   101.063	   475.265	  576.687	 2	2560	0	1	0	0	0
0.260	0.500	1.000	-1.087	-0.556	606	  8	 100	0	6	 inf	   50.615	   102.457	   475.395	  578.069	 1	2560	0	0	1	0	0
0.260	0.500	1.000	-1.087	-0.556	606	  8	 100	0	6	 inf	   50.615	   79.173	   476.111	  555.509	 1	2560	0	1	1	0	0
0.260	0.500	1.000	-1.087	-0.556	606	  8	 100	0	12	 inf	   50.615	   187.093	   477.356	  664.647	 2	2560	0	0	0	0	0
0.260	0.500	1.000	-1.087	-0.556	606	  8	 100	0	12	 inf	   50.615	   122.575	   476.033	  598.868	 2	2560	0	1	0	0	0
0.260	0.500	1.000	-1.087	-0.556	606	  8	 100	0	12	 inf	   50.615	   196.738	   475.191	  672.205	 3	2560	0	0	1	0	0
0.260	0.500	1.000	-1.087	-0.556	606	  8	 100	0	12	 inf	   50.615	   122.782	   475.271	  598.403	 2	2560	0	1	1	0	0
0.260	0.500	1.000	-1.087	-0.556	606	  8	 100	1	6	 inf	   50.615	   153.429	   475.946	  629.573	 2	2560	0	0	0	0	0
0.260	0.500	1.000	-1.087	-0.556	606	  8	 100	1	6	 inf	   50.615	   100.062	   477.552	  577.951	 2	2560	0	1	0	0	0
0.260	0.500	1.000	-1.087	-0.556	606	  8	 100	1	6	 inf	   50.615	   154.260	   479.043	  633.547	 2	2560	0	0	1	0	0
0.260	0.500	1.000	-1.087	-0.556	606	  8	 100	1	6	 inf	   50.615	   101.259	   479.995	  581.529	 2	2560	0	1	1	0	0
0.260	0.500	1.000	-1.087	-0.556	606	  8	 100	1	12	 inf	   50.615	   200.818	   479.738	  680.791	 2	2560	0	0	0	0	0
0.260	0.500	1.000	-1.087	-0.556	606	  8	 100	1	12	 inf	   50.615	   137.822	   477.765	  615.878	 2	2560	0	1	0	0	0
0.260	0.500	1.000	-1.087	-0.556	606	  8	 100	1	12	 inf	   50.615	   270.866	   478.075	  749.175	 3	2560	0	0	1	0	0
0.260	0.500	1.000	-1.087	-0.556	606	  8	 100	1	12	 inf	   50.615	   178.945	   481.315	  660.535	 3	2560	0	1	1	0	0
0.260	0.500	1.000	-1.087	-0.556	606	  8	 100	2	6	 inf	   50.615	   204.836	   479.225	  684.307	 3	2560	0	0	0	0	0
0.260	0.500	1.000	-1.087	-0.556	606	  8	 100	2	6	 inf	   50.615	   125.021	   479.217	  604.437	 3	2560	0	1	0	0	0
0.260	0.500	1.000	-1.087	-0.556	606	  8	 100	2	6	 inf	   50.615	   204.603	   479.465	  684.268	 4	2560	0	0	1	0	0
0.260	0.500	1.000	-1.087	-0.556	606	  8	 100	2	6	 inf	   50.615	   130.050	   477.702	  607.972	 4	2560	0	1	1	0	0
0.260	0.500	1.000	-1.087	-0.556	606	  8	 100	2	12	 inf	   50.615	   256.174	   478.783	  735.158	 4	2560	0	0	0	0	0
0.260	0.500	1.000	-1.087	-0.556	606	  8	 100	2	12	 inf	   50.615	   149.557	   479.388	  629.211	 4	2560	0	1	0	0	0
0.260	0.500	1.000	-1.087	-0.556	606	  8	 100	2	12	 inf	   50.615	   352.689	   479.784	  832.742	 10	2560	4	0	1	0	0
0.260	0.500	1.000	-1.087	-0.556	606	  8	 100	2	12	 inf	   50.615	   206.110	   480.960	  687.321	 10	2560	4	1	1	0	0
0.260	0.500	1.000	-1.087	-0.556	606	  56	 1	0	6	 inf	   50.615	   562.901	   479.345	  1042.447	 1	2560	0	0	0	0	0
0.260	0.500	1.000	-1.087	-0.556	606	  56	 1	0	6	 inf	   50.615	   335.091	   478.026	  813.448	 1	2560	0	1	0	0	0
0.260	0.500	1.000	-1.087	-0.556	606	  56	 1	0	6	 inf	   50.615	   322.047	   476.066	  798.311	 0	2560	0	0	1	0	0
0.260	0.500	1.000	-1.087	-0.556	606	  56	 1	0	6	 inf	   50.615	   293.514	   475.629	  769.341	 0	2560	0	1	1	0	0
0.260	0.500	1.000	-1.087	-0.556	606	  56	 1	0	12	 inf	   50.615	   738.367	   476.737	  1215.342	 2	2560	0	0	0	0	0
0.260	0.500	1.000	-1.087	-0.556	606	  56	 1	0	12	 inf	   50.615	   364.540	   477.888	  842.753	 2	2560	0	1	0	0	0
0.260	0.500	1.000	-1.087	-0.556	606	  56	 1	0	12	 inf	   50.615	   502.796	   479.556	  982.551	 1	2560	0	0	1	0	0
0.260	0.500	1.000	-1.087	-0.556	606	  56	 1	0	12	 inf	   50.615	   313.365	   479.087	  792.709	 1	2560	0	1	1	0	0
0.260	0.500	1.000	-1.087	-0.556	606	  56	 1	1	6	 inf	   50.615	   611.964	   478.700	  1090.864	 1	2560	0	0	0	0	0
0.260	0.500	1.000	-1.087	-0.556	606	  56	 1	1	6	 inf	   50.615	   369.250	   478.583	  848.147	 1	2560	0	1	0	0	0
0.260	0.500	1.000	-1.087	-0.556	606	  56	 1	1	6	 inf	   50.615	   374.668	   477.373	  852.240	 0	2560	0	0	1	0	0
0.260	0.500	1.000	-1.087	-0.556	606	  56	 1	1	6	 inf	   50.615	   293.469	   478.772	  772.436	 0	2560	0	1	1	0	0
0.260	0.500	1.000	-1.087	-0.556	606	  56	 1	1	12	 inf	   50.615	   737.583	   478.020	  1215.803	 2	2560	0	0	0	0	0
0.260	0.500	1.000	-1.087	-0.556	606	  56	 1	1	12	 inf	   50.615	   365.286	   476.887	  842.374	 2	2560	0	1	0	0	0
0.260	0.500	1.000	-1.087	-0.556	606	  56	 1	1	12	 inf	   50.615	   615.136	   477.891	  1093.226	 2	2560	0	0	1	0	0
0.260	0.500	1.000	-1.087	-0.556	606	  56	 1	1	12	 inf	   50.615	   315.343	   477.616	  793.164	 1	2560	0	1	1	0	0
0.260	0.500	1.000	-1.087	-0.556	606	  56	 1	2	6	 inf	   50.615	   556.144	   476.995	  1033.338	 1	2560	0	0	0	0	0
0.260	0.500	1.000	-1.087	-0.556	606	  56	 1	2	6	 inf	   50.615	   314.462	   476.782	  791.439	 1	2560	0	1	0	0	0
0.260	0.500	1.000	-1.087	-0.556	606	  56	 1	2	6	 inf	   50.615	   373.332	   477.132	  850.673	 0	2560	0	0	1	0	0
0.260	0.500	1.000	-1.087	-0.556	606	  56	 1	2	6	 inf	   50.615	   283.099	   475.035	  758.425	 0	2560	0	1	1	0	0
0.260	0.500	1.000	-1.087	-0.556	606	  56	 1	2	12	 inf	   50.615	   734.592	   475.827	  1210.619	 1	2560	0	0	0	0	0
0.260	0.500	1.000	-1.087	-0.556	606	  56	 1	2	12	 inf	   50.615	   364.411	   476.685	  841.411	 2	2560	0	1	0	0	0
0.260	0.500	1.000	-1.087	-0.556	606	  56	 1	2	12	 inf	   50.615	   500.140	   478.691	  979.030	 1	2560	0	0	1	0	0
0.260	0.500	1.000	-1.087	-0.556	606	  56	 1	2	12	 inf	   50.615	   332.801	   478.767	  811.764	 0	2560	0	1	1	0	0
0.260	0.500	1.000	-1.087	-0.556	606	  56	 100	0	6	 inf	   50.615	   742.924	   481.205	  1224.329	 2	2560	0	0	0	0	0
0.260	0.500	1.000	-1.087	-0.556	606	  56	 100	0	6	 inf	   50.615	   364.626	   479.945	  844.940	 2	2560	0	1	0	0	0
0.260	0.500	1.000	-1.087	-0.556	606	  56	 100	0	6	 inf	   50.615	   501.296	   480.512	  982.071	 1	2560	0	0	1	0	0
0.260	0.500	1.000	-1.087	-0.556	606	  56	 100	0	6	 inf	   50.615	   304.378	   479.125	  783.771	 1	2560	0	1	1	0	0
0.260	0.500	1.000	-1.087	-0.556	606	  56	 100	0	12	 inf	   50.615	   678.304	   479.270	  1157.774	 1	2560	0	0	0	0	0
0.260	0.500	1.000	-1.087	-0.556	606	  56	 100	0	12	 inf	   50.615	   365.405	   479.140	  844.770	 2	2560	0	1	0	0	0
0.260	0.500	1.000	-1.087	-0.556	606	  56	 100	0	12	 inf	   50.615	   747.036	   479.326	  1226.563	 1	2560	0	0	1	0	0
0.260	0.500	1.000	-1.087	-0.556	606	  56	 100	0	12	 inf	   50.615	   316.522	   481.893	  798.774	 1	2560	0	1	1	0	0
0.260	0.500	1.000	-1.087	-0.556	606	  56	 100	1	6	 inf	   50.615	   758.527	   480.597	  1239.325	 2	2560	0	0	0	0	0
0.260	0.500	1.000	-1.087	-0.556	606	  56	 100	1	6	 inf	   50.615	   379.158	   480.933	  860.413	 2	2560	0	1	0	0	0
0.260	0.500	1.000	-1.087	-0.556	606	  56	 100	1	6	 inf	   50.615	   510.997	   481.768	  992.964	 1	2560	0	0	1	0	0
0.260	0.500	1.000	-1.087	-0.556	606	  56	 100	1	6	 inf	   50.615	   327.334	   483.818	  811.375	 1	2560	0	1	1	0	0
0.260	0.500	1.000	-1.087	-0.556	606	  56	 100	1	12	 inf	   50.615	   760.408	   482.418	  1243.026	 2	2560	0	0	0	0	0
0.260	0.500	1.000	-1.087	-0.556	606	  56	 100	1	12	 inf	   50.615	   380.788	   481.505	  862.551	 2	2560	0	1	0	0	0
0.260	0.500	1.000	-1.087	-0.556	606	  56	 100	1	12	 inf	   50.615	   510.253	   482.506	  992.957	 1	2560	0	0	1	0	0
0.260	0.500	1.000	-1.087	-0.556	606	  56	 100	1	12	 inf	   50.615	   357.532	   482.599	  840.326	 1	2560	0	1	1	0	0
0.260	0.500	1.000	-1.087	-0.556	606	  56	 100	2	6	 inf	   50.615	   501.654	   481.460	  983.312	 1	2560	0	0	0	0	0
0.260	0.500	1.000	-1.087	-0.556	606	  56	 100	2	6	 inf	   50.615	   334.852	   482.091	  817.140	 1	2560	0	1	0	0	0
0.260	0.500	1.000	-1.087	-0.556	606	  56	 100	2	6	 inf	   50.615	   260.877	   480.552	  741.629	 0	2560	0	0	1	0	0
0.260	0.500	1.000	-1.087	-0.556	606	  56	 100	2	6	 inf	   50.615	   282.726	   479.127	  762.112	 0	2560	0	1	1	0	0
0.260	0.500	1.000	-1.087	-0.556	606	  56	 100	2	12	 inf	   50.615	   737.379	   480.175	  1217.754	 1	2560	0	0	0	0	0
0.260	0.500	1.000	-1.087	-0.556	606	  56	 100	2	12	 inf	   50.615	   362.705	   477.767	  840.735	 2	2560	0	1	0	0	0
0.260	0.500	1.000	-1.087	-0.556	606	  56	 100	2	12	 inf	   50.615	   561.869	   478.355	  1040.424	 1	2560	0	0	1	0	0
0.260	0.500	1.000	-1.087	-0.556	606	  56	 100	2	12	 inf	   50.615	   303.576	   479.753	  783.629	 0	2560	0	1	1	0	0

                            The run.sh command was:                                 
##########################################################################################
#!/bin/bash
#SBATCH --account=k1251
#SBATCH --job-name=pfeast_nc64
#SBATCH --output=./sensTV/64/3pfeast_nc_64-%j.out
#SBATCH --error=./sensTV/64/errors/pfeast_nc_64-%j.err
#SBATCH --nodes=1
#SBATCH --time=23:30:00

export MKL_NUM_THREADS=32 OMP_NUM_THREADS=32
echo " Scan The fastest combinaison 64"
echo""
echo " MKL_NUM_THREADS=32 OMP_NUM_THREADS=32"
echo""
echo""

#srun --ntasks=1 --ntasks-per-node=1    ./SCSA_2D2D_dfeast_parallel   -nc 8 --data ../dat_data/img64_Lena64.dat ../dat_data/img64_Lena64.dat  -N 64 -h 0.26 -gm 0.5
#srun --ntasks=4 --ntasks-per-node=4  --ntasks-per-socket=2  ./SCSA_2D2D_dfeast_parallel   -nc 8 --data ../dat_data/img64_Lena64.dat ../dat_data/img64_Lena64.dat  -N 64 -h 0.26 -gm 0.5
srun --ntasks=8 --ntasks-per-node=8  --ntasks-per-socket=4  ./SCSA_2D2D_dfeast_parallel   -nc 8 --data ../dat_data/img64_Lena64.dat ../dat_data/img64_Lena64.dat  -N 64 -h 0.26 -gm 0.5
#srun --ntasks=12 --ntasks-per-node=12  --ntasks-per-socket=6  ./SCSA_2D2D_dfeast_parallel   -nc 8 --data ../dat_data/img64_Lena64.dat ../dat_data/img64_Lena64.dat  -N 64 -h 0.26 -gm 0.5

echo""
echo "                            The run.sh command was:                                 "
echo "##########################################################################################"
cat run_64.sh
