 Scan The fastest combinaison 64

 MKL_NUM_THREADS=32 OMP_NUM_THREADS=32




Feast 3.0:  image size = 64 X 64  ,   # Sub-Intervals= 4

| Sub-Intervals| 		| -1.09 -- -0.454 -- -0.285 -- -0.138 -- 0 |
| List M0 |   		          | 660 -- 667 -- 675 -- 676 |


Parallel Feast Double

h 	 gm 	 fe 	 Emin 	 Emax 	 M0 	 #cnt 	 ratio 	 Meth 	 eps 	 PSNR0  	 PSNR 	 eig(s) 	 Split(s) 	 Total(s) 	 #iter 	 Nh % 	 info	 store_fact 	 cnvgce_trace_Resdl 	 guess_M0 % 	  Run_Q_M0
0.260	0.500	1.000	-1.087	-0.454	528	  8	 1	0	6	 inf	   21.840	   505.314	   186.665	  692.238	 20	2051	8	0	0	0	0
0.260	0.500	1.000	-1.087	-0.454	528	  8	 1	0	6	 inf	   21.840	   340.867	   185.979	  527.045	 20	2051	8	1	0	0	0
0.260	0.500	1.000	-1.087	-0.454	528	  8	 1	0	6	 inf	   21.840	   505.473	   186.642	  692.355	 20	2051	8	0	1	0	0
0.260	0.500	1.000	-1.087	-0.454	528	  8	 1	0	6	 inf	   21.840	   335.796	   186.081	  522.077	 20	2051	8	1	1	0	0
0.260	0.500	1.000	-1.087	-0.454	528	  8	 1	0	12	 inf	   21.840	   495.421	   186.379	  682.003	 20	2051	8	0	0	0	0
0.260	0.500	1.000	-1.087	-0.454	528	  8	 1	0	12	 inf	   21.840	   336.634	   187.499	  524.335	 20	2051	8	1	0	0	0
0.260	0.500	1.000	-1.087	-0.454	528	  8	 1	0	12	 inf	   21.840	   498.153	   187.989	  686.443	 20	2051	8	0	1	0	0
0.260	0.500	1.000	-1.087	-0.454	528	  8	 1	0	12	 inf	   21.840	   338.161	   186.638	  525.001	 20	2051	8	1	1	0	0
0.260	0.500	1.000	-1.087	-0.454	528	  8	 1	1	6	 inf	   21.104	   509.180	   185.904	  695.349	 20	1992	8	0	0	0	0
0.260	0.500	1.000	-1.087	-0.454	528	  8	 1	1	6	 inf	   21.104	   337.094	   185.899	  523.195	 20	1992	8	1	0	0	0
0.260	0.500	1.000	-1.087	-0.454	528	  8	 1	1	6	 inf	   21.104	   502.074	   187.077	  689.354	 20	1992	8	0	1	0	0
0.260	0.500	1.000	-1.087	-0.454	528	  8	 1	1	6	 inf	   21.104	   339.231	   187.295	  526.725	 20	1992	8	1	1	0	0
0.260	0.500	1.000	-1.087	-0.454	528	  8	 1	1	12	 inf	   21.104	   487.829	   188.891	  677.053	 20	1992	8	0	0	0	0
0.260	0.500	1.000	-1.087	-0.454	528	  8	 1	1	12	 inf	   21.104	   336.347	   188.776	  525.321	 20	1992	8	1	0	0	0
0.260	0.500	1.000	-1.087	-0.454	528	  8	 1	1	12	 inf	   21.104	   505.776	   188.214	  694.190	 20	1992	8	0	1	0	0
0.260	0.500	1.000	-1.087	-0.454	528	  8	 1	1	12	 inf	   21.104	   336.988	   186.103	  523.293	 20	1992	8	1	1	0	0
0.260	0.500	1.000	-1.087	-0.454	528	  8	 1	2	6	 inf	   23.881	   79.637	   185.395	  265.225	 2	2141	12	0	0	0	0
0.260	0.500	1.000	-1.087	-0.454	528	  8	 1	2	6	 inf	   23.881	   59.789	   186.596	  246.582	 2	2141	12	1	0	0	0
0.260	0.500	1.000	-1.087	-0.454	528	  8	 1	2	6	 inf	   23.881	   80.245	   187.432	  267.870	 2	2141	12	0	1	0	0
0.260	0.500	1.000	-1.087	-0.454	528	  8	 1	2	6	 inf	   23.881	   58.551	   188.987	  247.734	 2	2141	12	1	1	0	0
0.260	0.500	1.000	-1.087	-0.454	528	  8	 1	2	12	 inf	   23.881	   79.627	   191.544	  271.362	 2	2141	12	0	0	0	0
0.260	0.500	1.000	-1.087	-0.454	528	  8	 1	2	12	 inf	   23.881	   59.007	   189.485	  248.683	 2	2141	12	1	0	0	0
0.260	0.500	1.000	-1.087	-0.454	528	  8	 1	2	12	 inf	   23.881	   79.721	   189.326	  269.240	 2	2141	12	0	1	0	0
0.260	0.500	1.000	-1.087	-0.454	528	  8	 1	2	12	 inf	   23.881	   58.549	   189.160	  247.901	 2	2141	12	1	1	0	0
0.260	0.500	1.000	-1.087	-0.454	528	  8	 100	0	6	 inf	   23.948	   79.533	   188.484	  268.208	 2	2141	12	0	0	0	0
0.260	0.500	1.000	-1.087	-0.454	528	  8	 100	0	6	 inf	   23.948	   59.549	   188.722	  248.463	 2	2141	12	1	0	0	0
0.260	0.500	1.000	-1.087	-0.454	528	  8	 100	0	6	 inf	   23.948	   80.189	   187.611	  267.994	 2	2141	12	0	1	0	0
0.260	0.500	1.000	-1.087	-0.454	528	  8	 100	0	6	 inf	   23.948	   59.361	   189.332	  248.885	 2	2141	12	1	1	0	0
0.260	0.500	1.000	-1.087	-0.454	528	  8	 100	0	12	 inf	   23.948	   79.650	   190.018	  269.859	 2	2141	12	0	0	0	0
0.260	0.500	1.000	-1.087	-0.454	528	  8	 100	0	12	 inf	   23.948	   58.095	   189.500	  247.787	 2	2141	12	1	0	0	0
0.260	0.500	1.000	-1.087	-0.454	528	  8	 100	0	12	 inf	   23.948	   80.590	   189.118	  269.899	 2	2141	12	0	1	0	0
0.260	0.500	1.000	-1.087	-0.454	528	  8	 100	0	12	 inf	   23.948	   57.714	   187.913	  245.821	 2	2141	12	1	1	0	0
0.260	0.500	1.000	-1.087	-0.454	528	  8	 100	1	6	 inf	   24.088	   77.518	   189.768	  267.474	 2	2141	12	0	0	0	0
0.260	0.500	1.000	-1.087	-0.454	528	  8	 100	1	6	 inf	   24.088	   58.482	   188.233	  246.902	 2	2141	12	1	0	0	0
0.260	0.500	1.000	-1.087	-0.454	528	  8	 100	1	6	 inf	   24.088	   77.477	   186.589	  264.253	 2	2141	12	0	1	0	0
0.260	0.500	1.000	-1.087	-0.454	528	  8	 100	1	6	 inf	   24.088	   58.965	   188.114	  247.266	 2	2141	12	1	1	0	0
0.260	0.500	1.000	-1.087	-0.454	528	  8	 100	1	12	 inf	   24.088	   79.138	   189.504	  268.829	 2	2141	12	0	0	0	0
0.260	0.500	1.000	-1.087	-0.454	528	  8	 100	1	12	 inf	   24.088	   58.618	   186.851	  245.656	 2	2141	12	1	0	0	0
0.260	0.500	1.000	-1.087	-0.454	528	  8	 100	1	12	 inf	   24.088	   79.140	   188.306	  267.634	 2	2141	12	0	1	0	0
0.260	0.500	1.000	-1.087	-0.454	528	  8	 100	1	12	 inf	   24.088	   57.915	   189.791	  247.895	 2	2141	12	1	1	0	0
0.260	0.500	1.000	-1.087	-0.454	528	  8	 100	2	6	 inf	   23.881	   79.592	   187.323	  267.105	 2	2141	12	0	0	0	0
0.260	0.500	1.000	-1.087	-0.454	528	  8	 100	2	6	 inf	   23.881	   58.232	   187.921	  246.340	 2	2141	12	1	0	0	0
0.260	0.500	1.000	-1.087	-0.454	528	  8	 100	2	6	 inf	   23.881	   78.580	   186.925	  265.693	 2	2141	12	0	1	0	0
0.260	0.500	1.000	-1.087	-0.454	528	  8	 100	2	6	 inf	   23.881	   58.474	   187.623	  246.286	 2	2141	12	1	1	0	0
0.260	0.500	1.000	-1.087	-0.454	528	  8	 100	2	12	 inf	   23.881	   79.442	   188.893	  268.523	 2	2141	12	0	0	0	0
0.260	0.500	1.000	-1.087	-0.454	528	  8	 100	2	12	 inf	   23.881	   58.484	   185.793	  244.466	 2	2141	12	1	0	0	0
0.260	0.500	1.000	-1.087	-0.454	528	  8	 100	2	12	 inf	   23.881	   77.910	   187.437	  265.536	 2	2141	12	0	1	0	0
0.260	0.500	1.000	-1.087	-0.454	528	  8	 100	2	12	 inf	   23.881	   57.838	   187.844	  245.871	 2	2141	12	1	1	0	0
0.260	0.500	1.000	-1.087	-0.454	528	  56	 1	0	6	 inf	   19.998	   2312.667	   187.043	  2499.961	 20	1928	8	0	0	0	0
0.260	0.500	1.000	-1.087	-0.454	528	  56	 1	0	6	 inf	   19.998	   901.234	   188.549	  1089.968	 20	1928	8	1	0	0	0
0.260	0.500	1.000	-1.087	-0.454	528	  56	 1	0	6	 inf	   19.998	   2322.104	   187.967	  2510.283	 20	1928	8	0	1	0	0
0.260	0.500	1.000	-1.087	-0.454	528	  56	 1	0	6	 inf	   19.998	   900.129	   189.422	  1089.737	 20	1928	8	1	1	0	0
0.260	0.500	1.000	-1.087	-0.454	528	  56	 1	0	12	 inf	   19.998	   2316.472	   186.846	  2503.544	 20	1928	8	0	0	0	0
0.260	0.500	1.000	-1.087	-0.454	528	  56	 1	0	12	 inf	   19.998	   899.923	   187.309	  1087.417	 20	1928	8	1	0	0	0
0.260	0.500	1.000	-1.087	-0.454	528	  56	 1	0	12	 inf	   19.998	   2299.403	   187.609	  2487.281	 20	1928	8	0	1	0	0
0.260	0.500	1.000	-1.087	-0.454	528	  56	 1	0	12	 inf	   19.998	   901.389	   188.449	  1090.022	 20	1928	8	1	1	0	0
0.260	0.500	1.000	-1.087	-0.454	528	  56	 1	1	6	 inf	   19.198	   2305.173	   188.109	  2493.522	 20	1849	8	0	0	0	0
0.260	0.500	1.000	-1.087	-0.454	528	  56	 1	1	6	 inf	   19.198	   900.595	   189.611	  1090.390	 20	1849	8	1	0	0	0
0.260	0.500	1.000	-1.087	-0.454	528	  56	 1	1	6	 inf	   19.198	   2328.408	   188.941	  2517.584	 20	1849	8	0	1	0	0
0.260	0.500	1.000	-1.087	-0.454	528	  56	 1	1	6	 inf	   19.198	   907.092	   188.793	  1096.070	 20	1849	8	1	1	0	0
0.260	0.500	1.000	-1.087	-0.454	528	  56	 1	1	12	 inf	   19.198	   2350.950	   187.622	  2538.764	 20	1849	8	0	0	0	0
0.260	0.500	1.000	-1.087	-0.454	528	  56	 1	1	12	 inf	   19.198	   902.417	   188.765	  1091.366	 20	1849	8	1	0	0	0
0.260	0.500	1.000	-1.087	-0.454	528	  56	 1	1	12	 inf	   19.198	   2326.170	   187.222	  2513.618	 20	1849	8	0	1	0	0
0.260	0.500	1.000	-1.087	-0.454	528	  56	 1	1	12	 inf	   19.198	   899.791	   188.290	  1088.266	 20	1849	8	1	1	0	0
0.260	0.500	1.000	-1.087	-0.454	528	  56	 1	2	6	 inf	   23.875	   297.195	   188.368	  485.751	 1	2141	6	0	0	0	0
0.260	0.500	1.000	-1.087	-0.454	528	  56	 1	2	6	 inf	   23.875	   183.000	   189.286	  372.474	 1	2141	6	1	0	0	0
0.260	0.500	1.000	-1.087	-0.454	528	  56	 1	2	6	 inf	   23.875	   345.537	   186.765	  532.491	 2	2141	12	0	1	0	0
0.260	0.500	1.000	-1.087	-0.454	528	  56	 1	2	6	 inf	   23.875	   194.241	   187.716	  382.145	 2	2141	12	1	1	0	0
0.260	0.500	1.000	-1.087	-0.454	528	  56	 1	2	12	 inf	   23.875	   345.608	   187.040	  532.834	 1	2141	9	0	0	0	0
0.260	0.500	1.000	-1.087	-0.454	528	  56	 1	2	12	 inf	   23.875	   195.775	   186.938	  382.900	 1	2141	9	1	0	0	0
0.260	0.500	1.000	-1.087	-0.454	528	  56	 1	2	12	 inf	   23.875	   347.097	   186.623	  533.907	 2	2141	12	0	1	0	0
0.260	0.500	1.000	-1.087	-0.454	528	  56	 1	2	12	 inf	   23.875	   196.213	   185.556	  381.958	 2	2141	12	1	1	0	0
0.260	0.500	1.000	-1.087	-0.454	528	  56	 100	0	6	 inf	   23.876	   344.734	   186.661	  531.582	 2	2141	12	0	0	0	0
0.260	0.500	1.000	-1.087	-0.454	528	  56	 100	0	6	 inf	   23.876	   194.756	   186.792	  381.735	 2	2141	12	1	0	0	0
0.260	0.500	1.000	-1.087	-0.454	528	  56	 100	0	6	 inf	   23.876	   343.991	   185.822	  530.000	 2	2141	12	0	1	0	0
0.260	0.500	1.000	-1.087	-0.454	528	  56	 100	0	6	 inf	   23.876	   197.929	   184.111	  382.228	 2	2141	12	1	1	0	0
0.260	0.500	1.000	-1.087	-0.454	528	  56	 100	0	12	 inf	   23.876	   343.085	   185.136	  528.408	 2	2141	12	0	0	0	0
0.260	0.500	1.000	-1.087	-0.454	528	  56	 100	0	12	 inf	   23.876	   194.793	   185.428	  380.408	 2	2141	12	1	0	0	0
0.260	0.500	1.000	-1.087	-0.454	528	  56	 100	0	12	 inf	   23.876	   343.178	   184.975	  528.341	 2	2141	12	0	1	0	0
0.260	0.500	1.000	-1.087	-0.454	528	  56	 100	0	12	 inf	   23.876	   197.724	   185.764	  383.675	 2	2141	12	1	1	0	0
0.260	0.500	1.000	-1.087	-0.454	528	  56	 100	1	6	 inf	   23.926	   347.823	   185.831	  533.842	 2	2141	12	0	0	0	0
0.260	0.500	1.000	-1.087	-0.454	528	  56	 100	1	6	 inf	   23.926	   195.474	   186.197	  381.858	 2	2141	12	1	0	0	0
0.260	0.500	1.000	-1.087	-0.454	528	  56	 100	1	6	 inf	   23.926	   344.973	   184.556	  529.718	 2	2141	12	0	1	0	0
0.260	0.500	1.000	-1.087	-0.454	528	  56	 100	1	6	 inf	   23.926	   197.481	   186.925	  384.593	 2	2141	12	1	1	0	0
0.260	0.500	1.000	-1.087	-0.454	528	  56	 100	1	12	 inf	   23.926	   348.249	   185.877	  534.313	 2	2141	12	0	0	0	0
0.260	0.500	1.000	-1.087	-0.454	528	  56	 100	1	12	 inf	   23.926	   196.078	   186.809	  383.076	 2	2141	12	1	0	0	0
0.260	0.500	1.000	-1.087	-0.454	528	  56	 100	1	12	 inf	   23.926	   349.968	   187.561	  537.716	 2	2141	12	0	1	0	0
0.260	0.500	1.000	-1.087	-0.454	528	  56	 100	1	12	 inf	   23.926	   197.744	   188.081	  386.014	 2	2141	12	1	1	0	0
0.260	0.500	1.000	-1.087	-0.454	528	  56	 100	2	6	 inf	   23.875	   300.952	   187.528	  488.666	 1	2141	6	0	0	0	0
0.260	0.500	1.000	-1.087	-0.454	528	  56	 100	2	6	 inf	   23.875	   185.110	   188.010	  373.308	 1	2141	6	1	0	0	0
0.260	0.500	1.000	-1.087	-0.454	528	  56	 100	2	6	 inf	   23.875	   353.550	   188.180	  541.917	 2	2141	12	0	1	0	0
0.260	0.500	1.000	-1.087	-0.454	528	  56	 100	2	6	 inf	   23.875	   199.749	   187.463	  387.399	 2	2141	12	1	1	0	0
0.260	0.500	1.000	-1.087	-0.454	528	  56	 100	2	12	 inf	   23.875	   350.640	   188.639	  539.466	 1	2141	9	0	0	0	0
0.260	0.500	1.000	-1.087	-0.454	528	  56	 100	2	12	 inf	   23.875	   197.846	   188.091	  386.124	 1	2141	9	1	0	0	0
0.260	0.500	1.000	-1.087	-0.454	528	  56	 100	2	12	 inf	   23.875	   353.053	   187.810	  541.052	 2	2141	12	0	1	0	0
0.260	0.500	1.000	-1.087	-0.454	528	  56	 100	2	12	 inf	   23.875	   198.622	   189.384	  388.194	 2	2141	12	1	1	0	0
0.260	0.500	1.000	-1.087	-0.454	792	  8	 1	0	6	 inf	   50.615	   104.892	   189.500	  294.599	 2	2560	0	0	0	0	0
0.260	0.500	1.000	-1.087	-0.454	792	  8	 1	0	6	 inf	   50.615	   81.820	   188.672	  270.698	 2	2560	0	1	0	0	0
0.260	0.500	1.000	-1.087	-0.454	792	  8	 1	0	6	 inf	   50.615	   68.410	   188.476	  257.095	 1	2560	0	0	1	0	0
0.260	0.500	1.000	-1.087	-0.454	792	  8	 1	0	6	 inf	   50.615	   58.644	   188.724	  247.577	 1	2560	0	1	1	0	0
0.260	0.500	1.000	-1.087	-0.454	792	  8	 1	0	12	 inf	   50.615	   102.890	   188.242	  291.340	 2	2560	0	0	0	0	0
0.260	0.500	1.000	-1.087	-0.454	792	  8	 1	0	12	 inf	   50.615	   83.211	   190.099	  273.518	 2	2560	0	1	0	0	0
0.260	0.500	1.000	-1.087	-0.454	792	  8	 1	0	12	 inf	   50.615	   133.205	   189.356	  322.809	 14	2560	4	0	1	0	0
0.260	0.500	1.000	-1.087	-0.454	792	  8	 1	0	12	 inf	   50.615	   122.678	   192.612	  315.496	 14	2560	4	1	1	0	0
0.260	0.500	1.000	-1.087	-0.454	792	  8	 1	1	6	 inf	   50.615	   103.375	   191.393	  294.975	 2	2560	0	0	0	0	0
0.260	0.500	1.000	-1.087	-0.454	792	  8	 1	1	6	 inf	   50.615	   82.256	   192.125	  274.681	 2	2560	0	1	0	0	0
0.260	0.500	1.000	-1.087	-0.454	792	  8	 1	1	6	 inf	   50.615	   105.157	   191.575	  296.941	 2	2560	0	0	1	0	0
0.260	0.500	1.000	-1.087	-0.454	792	  8	 1	1	6	 inf	   50.615	   81.431	   192.303	  273.941	 2	2560	0	1	1	0	0
0.260	0.500	1.000	-1.087	-0.454	792	  8	 1	1	12	 inf	   50.615	   129.744	   193.338	  323.289	 2	2560	0	0	0	0	0
0.260	0.500	1.000	-1.087	-0.454	792	  8	 1	1	12	 inf	   50.615	   102.793	   191.497	  294.609	 2	2560	0	1	0	0	0
0.260	0.500	1.000	-1.087	-0.454	792	  8	 1	1	12	 inf	   50.615	   170.322	   192.131	  362.729	 8	2560	0	0	1	0	0
0.260	0.500	1.000	-1.087	-0.454	792	  8	 1	1	12	 inf	   50.615	   129.987	   193.176	  323.373	 7	2560	0	1	1	0	0
0.260	0.500	1.000	-1.087	-0.454	792	  8	 1	2	6	 inf	   50.615	   137.621	   191.292	  329.121	 3	2560	0	0	0	0	0
0.260	0.500	1.000	-1.087	-0.454	792	  8	 1	2	6	 inf	   50.615	   104.923	   191.608	  296.740	 3	2560	0	1	0	0	0
0.260	0.500	1.000	-1.087	-0.454	792	  8	 1	2	6	 inf	   50.615	   139.560	   191.401	  331.170	 4	2560	0	0	1	0	0
0.260	0.500	1.000	-1.087	-0.454	792	  8	 1	2	6	 inf	   50.615	   106.337	   191.465	  298.009	 4	2560	0	1	1	0	0
0.260	0.500	1.000	-1.087	-0.454	792	  8	 1	2	12	 inf	   50.615	   206.650	   191.528	  398.386	 4	2560	0	0	0	0	0
0.260	0.500	1.000	-1.087	-0.454	792	  8	 1	2	12	 inf	   50.615	   128.623	   191.927	  320.857	 4	2560	0	1	0	0	0
0.260	0.500	1.000	-1.087	-0.454	792	  8	 1	2	12	 inf	   50.615	   234.129	   191.081	  425.455	 9	2560	0	0	1	0	0
0.260	0.500	1.000	-1.087	-0.454	792	  8	 1	2	12	 inf	   50.615	   175.790	   192.169	  368.205	 9	2560	0	1	1	0	0
0.260	0.500	1.000	-1.087	-0.454	792	  8	 100	0	6	 inf	   50.615	   138.167	   192.098	  330.470	 3	2560	0	0	0	0	0
0.260	0.500	1.000	-1.087	-0.454	792	  8	 100	0	6	 inf	   50.615	   107.442	   193.058	  300.779	 3	2560	0	1	0	0	0
0.260	0.500	1.000	-1.087	-0.454	792	  8	 100	0	6	 inf	   50.615	   129.693	   192.948	  322.915	 2	2560	0	0	1	0	0
0.260	0.500	1.000	-1.087	-0.454	792	  8	 100	0	6	 inf	   50.615	   102.876	   192.793	  295.944	 2	2560	0	1	1	0	0
0.260	0.500	1.000	-1.087	-0.454	792	  8	 100	0	12	 inf	   50.615	   162.273	   193.107	  355.649	 3	2560	0	0	0	0	0
0.260	0.500	1.000	-1.087	-0.454	792	  8	 100	0	12	 inf	   50.615	   125.520	   193.416	  319.248	 3	2560	0	1	0	0	0
0.260	0.500	1.000	-1.087	-0.454	792	  8	 100	0	12	 inf	   50.615	   223.003	   192.957	  416.235	 4	2560	0	0	1	0	0
0.260	0.500	1.000	-1.087	-0.454	792	  8	 100	0	12	 inf	   50.615	   169.842	   193.086	  363.189	 4	2560	0	1	1	0	0
0.260	0.500	1.000	-1.087	-0.454	792	  8	 100	1	6	 inf	   50.615	   198.800	   191.943	  390.983	 4	2560	0	0	0	0	0
0.260	0.500	1.000	-1.087	-0.454	792	  8	 100	1	6	 inf	   50.615	   152.137	   193.486	  345.923	 4	2560	0	1	0	0	0
0.260	0.500	1.000	-1.087	-0.454	792	  8	 100	1	6	 inf	   50.615	   264.988	   191.801	  457.021	 5	2560	0	0	1	0	0
0.260	0.500	1.000	-1.087	-0.454	792	  8	 100	1	6	 inf	   50.615	   198.801	   194.039	  393.129	 5	2560	0	1	1	0	0
0.260	0.500	1.000	-1.087	-0.454	792	  8	 100	1	12	 inf	   50.615	   308.697	   192.838	  501.862	 6	2560	0	0	0	0	0
0.260	0.500	1.000	-1.087	-0.454	792	  8	 100	1	12	 inf	   50.615	   233.877	   192.108	  426.286	 6	2560	0	1	0	0	0
0.260	0.500	1.000	-1.087	-0.454	792	  8	 100	1	12	 inf	   50.615	   510.778	   192.732	  703.778	 10	2560	0	0	1	0	0
0.260	0.500	1.000	-1.087	-0.454	792	  8	 100	1	12	 inf	   50.615	   391.020	   193.512	  584.852	 10	2560	0	1	1	0	0
0.260	0.500	1.000	-1.087	-0.454	792	  8	 100	2	6	 inf	   50.615	   136.259	   193.560	  330.061	 3	2560	0	0	0	0	0
0.260	0.500	1.000	-1.087	-0.454	792	  8	 100	2	6	 inf	   50.615	   105.249	   192.213	  297.672	 3	2560	0	1	0	0	0
0.260	0.500	1.000	-1.087	-0.454	792	  8	 100	2	6	 inf	   50.615	   146.337	   193.350	  339.896	 4	2560	0	0	1	0	0
0.260	0.500	1.000	-1.087	-0.454	792	  8	 100	2	6	 inf	   50.615	   106.498	   192.135	  298.842	 4	2560	0	1	1	0	0
0.260	0.500	1.000	-1.087	-0.454	792	  8	 100	2	12	 inf	   50.615	   200.645	   191.669	  392.521	 4	2560	0	0	0	0	0
0.260	0.500	1.000	-1.087	-0.454	792	  8	 100	2	12	 inf	   50.615	   153.799	   192.726	  346.788	 4	2560	0	1	0	0	0
0.260	0.500	1.000	-1.087	-0.454	792	  8	 100	2	12	 inf	   50.615	   235.012	   193.049	  428.308	 10	2560	0	0	1	0	0
0.260	0.500	1.000	-1.087	-0.454	792	  8	 100	2	12	 inf	   50.615	   175.923	   192.614	  368.747	 12	2560	2	1	1	0	0
0.260	0.500	1.000	-1.087	-0.454	792	  56	 1	0	6	 inf	   50.615	   271.263	   191.742	  463.242	 1	2560	0	0	0	0	0
0.260	0.500	1.000	-1.087	-0.454	792	  56	 1	0	6	 inf	   50.615	   187.205	   192.093	  379.494	 1	2560	0	1	0	0	0
0.260	0.500	1.000	-1.087	-0.454	792	  56	 1	0	6	 inf	   50.615	   280.336	   192.964	  473.509	 1	2560	0	0	1	0	0
