 Scan The fastest combinaison 64

 MKL_NUM_THREADS=32 OMP_NUM_THREADS=32



Warrning : M0_Total = 2677  Please change your input attributs  such that : 1 < n <  10 with  1500 > m0 > 250


                            The run.sh command was:                                 
##########################################################################################
#!/bin/bash
#SBATCH --account=k1251
#SBATCH --job-name=pfeast_nc64
#SBATCH --output=./sensTV/64/pfeast_nc_64-%j.out
#SBATCH --error=./sensTV/64/errors/pfeast_nc_64-%j.err
#SBATCH --nodes=1
#SBATCH --time=23:30:00

export MKL_NUM_THREADS=32 OMP_NUM_THREADS=32
echo " Scan The fastest combinaison 64"
echo""
echo " MKL_NUM_THREADS=32 OMP_NUM_THREADS=32"
echo""
echo""

#srun --ntasks=1 --ntasks-per-node=1    ./SCSA_2D2D_dfeast_parallel   -nc 8 --data ../dat_data/img64_Lena64.dat ../dat_data/img64_Lena64.dat  -N 64 -h 0.26 -gm 0.5
#srun --ntasks=4 --ntasks-per-node=4  --ntasks-per-socket=2  ./SCSA_2D2D_dfeast_parallel   -nc 8 --data ../dat_data/img64_Lena64.dat ../dat_data/img64_Lena64.dat  -N 64 -h 0.26 -gm 0.5
#srun --ntasks=8 --ntasks-per-node=8  --ntasks-per-socket=4  ./SCSA_2D2D_dfeast_parallel   -nc 8 --data ../dat_data/img64_Lena64.dat ../dat_data/img64_Lena64.dat  -N 64 -h 0.26 -gm 0.5
srun --ntasks=12 --ntasks-per-node=12  --ntasks-per-socket=6  ./SCSA_2D2D_dfeast_parallel   -nc 8 --data ../dat_data/img64_Lena64.dat ../dat_data/img64_Lena64.dat  -N 64 -h 0.26 -gm 0.5

echo""
echo "                            The run.sh command was:                                 "
echo "##########################################################################################"
cat run_64.sh
