
 MKL_NUM_THREADS=32 OMP_NUM_THREADS=32


 MKL_NUM_THREADS=16 OMP_NUM_THREADS=16



Feast 3.0:  image size = 64 X 64  ,   # Sub-Intervals= 16

| Sub-Intervals| 		| -1.09 -- -0.616 -- -0.556 -- -0.509 -- -0.454 -- -0.408 -- -0.366 -- -0.323 -- -0.285 -- -0.245 -- -0.209 -- -0.173 -- -0.138 -- -0.0991 -- -0.0689 -- -0.0388 -- 0 |
| List M0 |   		          | 164 -- 156 -- 146 -- 166 -- 153 -- 166 -- 168 -- 150 -- 166 -- 150 -- 163 -- 165 -- 178 -- 145 -- 148 -- 175 |


Parallel Feast Double

h 	 gm 	 fe 	 Emin 	 Emax 	 M0 	 #cnt 	 ratio 	 Meth 	 eps 	 PSNR0  	 PSNR 	 eig(s) 	 Split(s) 	 Total(s) 	 #iter 	 Nh % 	 info	 store_fact 	 cnvgce_trace_Resdl 	 guess_M0 % 	  Run_Q_M0
0.260	0.500	1.000	-1.087	-0.616	164	  8	 1	0	6	 inf	   37.830	   75.764	   120.458	  196.400	 10	2499	21	1	1	0	0

                            The run.sh command was:                                 
##########################################################################################
#!/bin/bash
#SBATCH --account=k1251
#SBATCH --job-name=16pfeast_nc64
#SBATCH --output=./sensTV/64/pfeast_N16_nc_64-%j.out
#SBATCH --error=./sensTV/64/errors/pfeast_N16_nc_64-%j.err
#SBATCH --nodes=16
#SBATCH --time=23:59:00

export MKL_NUM_THREADS=32 OMP_NUM_THREADS=32
echo""
echo " MKL_NUM_THREADS=32 OMP_NUM_THREADS=32"
echo""

#srun --ntasks=1 --ntasks-per-node=1    ./SCSA_2D2D_dfeast_parallel   -nc 8 --data ../dat_data/img64_Lena64.dat ../dat_data/img64_Lena64.dat  -N 64 -h 0.26 -gm 0.5
srun --ntasks=16 --ntasks-per-node=1   ./SCSA_2D2D_dfeast_parallel   -nc 8 --data ../dat_data/img64_Lena64.dat ../dat_data/img64_Lena64.dat  -N 64 -h 0.26 -gm 0.5

export MKL_NUM_THREADS=16 OMP_NUM_THREADS=16
echo""
echo " MKL_NUM_THREADS=16 OMP_NUM_THREADS=16"
echo""

#srun --ntasks=1 --ntasks-per-node=1    ./SCSA_2D2D_dfeast_parallel   -nc 8 --data ../dat_data/img64_Lena64.dat ../dat_data/img64_Lena64.dat  -N 64 -h 0.26 -gm 0.5
srun --ntasks=16 --ntasks-per-node=16   ./SCSA_2D2D_dfeast_parallel   -nc 8 --data ../dat_data/img64_Lena64.dat ../dat_data/img64_Lena64.dat  -N 64 -h 0.26 -gm 0.5



echo""
echo "                            The run.sh command was:                                 "
echo "##########################################################################################"
cat run_64.sh
echo""
