 Scan The fastest combinaison 64

 MKL_NUM_THREADS=32 OMP_NUM_THREADS=32




Feast 3.0:  image size = 64 X 64  ,   # Sub-Intervals= 8

| Sub-Intervals| 		| -1.09 -- -0.556 -- -0.454 -- -0.366 -- -0.285 -- -0.209 -- -0.138 -- -0.0689 -- 0 |
| List M0 |   		          | 337 -- 325 -- 334 -- 332 -- 331 -- 344 -- 339 -- 338 |


Parallel Feast Double

h 	 gm 	 fe 	 Emin 	 Emax 	 M0 	 #cnt 	 ratio 	 Meth 	 eps 	 PSNR0  	 PSNR 	 eig(s) 	 Split(s) 	 Total(s) 	 #iter 	 Nh % 	 info	 store_fact 	 cnvgce_trace_Resdl 	 guess_M0 % 	  Run_Q_M0
0.260	0.500	1.000	-1.087	-0.556	269	  8	 1	0	6	 inf	   21.930	   750.008	   457.701	  1207.965	 20	2054	16	0	0	0	0
0.260	0.500	1.000	-1.087	-0.556	269	  8	 1	0	6	 inf	   21.930	   268.954	   464.266	  733.462	 20	2054	16	1	0	0	0
0.260	0.500	1.000	-1.087	-0.556	269	  8	 1	0	6	 inf	   21.930	   731.368	   469.792	  1201.419	 20	2054	16	0	1	0	0
0.260	0.500	1.000	-1.087	-0.556	269	  8	 1	0	6	 inf	   21.930	   273.762	   467.783	  741.883	 20	2054	16	1	1	0	0
0.260	0.500	1.000	-1.087	-0.556	269	  8	 1	0	12	 inf	   21.930	   748.534	   465.080	  1213.910	 20	2054	16	0	0	0	0
0.260	0.500	1.000	-1.087	-0.556	269	  8	 1	0	12	 inf	   21.930	   279.055	   465.297	  744.637	 20	2054	16	1	0	0	0
0.260	0.500	1.000	-1.087	-0.556	269	  8	 1	0	12	 inf	   21.930	   751.071	   466.579	  1217.952	 20	2054	16	0	1	0	0
0.260	0.500	1.000	-1.087	-0.556	269	  8	 1	0	12	 inf	   21.930	   269.408	   466.048	  735.766	 20	2054	16	1	1	0	0
0.260	0.500	1.000	-1.087	-0.556	269	  8	 1	1	6	 inf	   20.910	   754.828	   464.774	  1219.828	 20	1976	16	0	0	0	0
0.260	0.500	1.000	-1.087	-0.556	269	  8	 1	1	6	 inf	   20.910	   272.028	   468.823	  741.126	 20	1976	16	1	0	0	0
0.260	0.500	1.000	-1.087	-0.556	269	  8	 1	1	6	 inf	   20.910	   748.885	   468.805	  1217.885	 20	1976	16	0	1	0	0
0.260	0.500	1.000	-1.087	-0.556	269	  8	 1	1	6	 inf	   20.910	   271.405	   470.774	  742.444	 20	1976	16	1	1	0	0
0.260	0.500	1.000	-1.087	-0.556	269	  8	 1	1	12	 inf	   20.910	   738.294	   468.852	  1207.387	 20	1976	16	0	0	0	0
0.260	0.500	1.000	-1.087	-0.556	269	  8	 1	1	12	 inf	   20.910	   272.282	   470.548	  743.099	 20	1976	16	1	0	0	0
0.260	0.500	1.000	-1.087	-0.556	269	  8	 1	1	12	 inf	   20.910	   754.086	   471.014	  1225.373	 20	1976	16	0	1	0	0
0.260	0.500	1.000	-1.087	-0.556	269	  8	 1	1	12	 inf	   20.910	   270.666	   470.434	  741.406	 20	1976	16	1	1	0	0
0.260	0.500	1.000	-1.087	-0.556	269	  8	 1	2	6	 inf	   23.812	   114.199	   466.032	  580.431	 2	2141	24	0	0	0	0
0.260	0.500	1.000	-1.087	-0.556	269	  8	 1	2	6	 inf	   23.812	   61.882	   464.319	  526.395	 2	2141	24	1	0	0	0
0.260	0.500	1.000	-1.087	-0.556	269	  8	 1	2	6	 inf	   23.812	   112.578	   466.857	  579.630	 2	2141	24	0	1	0	0
0.260	0.500	1.000	-1.087	-0.556	269	  8	 1	2	6	 inf	   23.812	   63.949	   465.268	  529.411	 2	2141	24	1	1	0	0
0.260	0.500	1.000	-1.087	-0.556	269	  8	 1	2	12	 inf	   23.812	   114.987	   466.279	  581.461	 2	2141	24	0	0	0	0
0.260	0.500	1.000	-1.087	-0.556	269	  8	 1	2	12	 inf	   23.812	   64.041	   469.311	  533.547	 2	2141	24	1	0	0	0
0.260	0.500	1.000	-1.087	-0.556	269	  8	 1	2	12	 inf	   23.812	   113.789	   468.975	  582.959	 2	2141	24	0	1	0	0
0.260	0.500	1.000	-1.087	-0.556	269	  8	 1	2	12	 inf	   23.812	   62.649	   468.781	  531.625	 2	2141	24	1	1	0	0
0.260	0.500	1.000	-1.087	-0.556	269	  8	 100	0	6	 inf	   23.836	   114.027	   472.627	  586.853	 2	2141	24	0	0	0	0
0.260	0.500	1.000	-1.087	-0.556	269	  8	 100	0	6	 inf	   23.836	   63.094	   473.291	  536.582	 2	2141	24	1	0	0	0
0.260	0.500	1.000	-1.087	-0.556	269	  8	 100	0	6	 inf	   23.836	   115.851	   475.325	  591.373	 2	2141	24	0	1	0	0
0.260	0.500	1.000	-1.087	-0.556	269	  8	 100	0	6	 inf	   23.836	   63.351	   472.979	  536.522	 2	2141	24	1	1	0	0
0.260	0.500	1.000	-1.087	-0.556	269	  8	 100	0	12	 inf	   23.836	   114.861	   472.565	  587.620	 2	2141	24	0	0	0	0
0.260	0.500	1.000	-1.087	-0.556	269	  8	 100	0	12	 inf	   23.836	   64.069	   475.126	  539.389	 2	2141	24	1	0	0	0
0.260	0.500	1.000	-1.087	-0.556	269	  8	 100	0	12	 inf	   23.836	   116.069	   475.495	  591.759	 2	2141	24	0	1	0	0
0.260	0.500	1.000	-1.087	-0.556	269	  8	 100	0	12	 inf	   23.836	   64.038	   475.660	  539.891	 2	2141	24	1	1	0	0
0.260	0.500	1.000	-1.087	-0.556	269	  8	 100	1	6	 inf	   23.888	   117.641	   476.927	  594.790	 2	2141	24	0	0	0	0
0.260	0.500	1.000	-1.087	-0.556	269	  8	 100	1	6	 inf	   23.888	   64.084	   475.128	  539.432	 2	2141	24	1	0	0	0
0.260	0.500	1.000	-1.087	-0.556	269	  8	 100	1	6	 inf	   23.888	   114.347	   475.565	  590.105	 2	2141	24	0	1	0	0
0.260	0.500	1.000	-1.087	-0.556	269	  8	 100	1	6	 inf	   23.888	   63.806	   475.998	  540.004	 2	2141	24	1	1	0	0
0.260	0.500	1.000	-1.087	-0.556	269	  8	 100	1	12	 inf	   23.888	   117.529	   477.336	  595.077	 2	2141	24	0	0	0	0
0.260	0.500	1.000	-1.087	-0.556	269	  8	 100	1	12	 inf	   23.888	   64.459	   475.333	  540.026	 2	2141	24	1	0	0	0
0.260	0.500	1.000	-1.087	-0.556	269	  8	 100	1	12	 inf	   23.888	   116.424	   475.271	  591.894	 2	2141	24	0	1	0	0
0.260	0.500	1.000	-1.087	-0.556	269	  8	 100	1	12	 inf	   23.888	   65.507	   477.104	  542.809	 2	2141	24	1	1	0	0
0.260	0.500	1.000	-1.087	-0.556	269	  8	 100	2	6	 inf	   23.812	   115.751	   475.731	  591.677	 2	2141	24	0	0	0	0
0.260	0.500	1.000	-1.087	-0.556	269	  8	 100	2	6	 inf	   23.812	   63.675	   473.092	  536.961	 2	2141	24	1	0	0	0
0.260	0.500	1.000	-1.087	-0.556	269	  8	 100	2	6	 inf	   23.812	   116.325	   473.868	  590.388	 2	2141	24	0	1	0	0
0.260	0.500	1.000	-1.087	-0.556	269	  8	 100	2	6	 inf	   23.812	   63.057	   473.334	  536.584	 2	2141	24	1	1	0	0
0.260	0.500	1.000	-1.087	-0.556	269	  8	 100	2	12	 inf	   23.812	   116.418	   473.334	  589.946	 2	2141	24	0	0	0	0
0.260	0.500	1.000	-1.087	-0.556	269	  8	 100	2	12	 inf	   23.812	   63.308	   472.365	  535.868	 2	2141	24	1	0	0	0
0.260	0.500	1.000	-1.087	-0.556	269	  8	 100	2	12	 inf	   23.812	   117.996	   474.878	  593.070	 2	2141	24	0	1	0	0
0.260	0.500	1.000	-1.087	-0.556	269	  8	 100	2	12	 inf	   23.812	   63.632	   477.209	  541.035	 2	2141	24	1	1	0	0
0.260	0.500	1.000	-1.087	-0.556	269	  56	 1	0	6	 inf	   20.119	   4756.698	   472.342	  5229.260	 20	1935	16	0	0	0	0
0.260	0.500	1.000	-1.087	-0.556	269	  56	 1	0	6	 inf	   20.119	   1132.102	   475.249	  1607.658	 20	1935	16	1	0	0	0
0.260	0.500	1.000	-1.087	-0.556	269	  56	 1	0	6	 inf	   20.119	   4783.904	   477.618	  5261.755	 20	1935	16	0	1	0	0
0.260	0.500	1.000	-1.087	-0.556	269	  56	 1	0	6	 inf	   20.119	   1143.251	   478.400	  1622.010	 20	1935	16	1	1	0	0
0.260	0.500	1.000	-1.087	-0.556	269	  56	 1	0	12	 inf	   20.119	   4746.482	   477.464	  5224.180	 20	1935	16	0	0	0	0
0.260	0.500	1.000	-1.087	-0.556	269	  56	 1	0	12	 inf	   20.119	   1145.674	   476.301	  1622.323	 20	1935	16	1	0	0	0
0.260	0.500	1.000	-1.087	-0.556	269	  56	 1	0	12	 inf	   20.119	   4797.773	   478.772	  5276.812	 20	1935	16	0	1	0	0
0.260	0.500	1.000	-1.087	-0.556	269	  56	 1	0	12	 inf	   20.119	   1147.884	   480.620	  1628.810	 20	1935	16	1	1	0	0
0.260	0.500	1.000	-1.087	-0.556	269	  56	 1	1	6	 inf	   18.788	   4771.447	   479.019	  5250.688	 20	1825	16	0	0	0	0
0.260	0.500	1.000	-1.087	-0.556	269	  56	 1	1	6	 inf	   18.788	   1130.507	   477.406	  1608.254	 20	1825	16	1	0	0	0
0.260	0.500	1.000	-1.087	-0.556	269	  56	 1	1	6	 inf	   18.788	   4753.635	   478.399	  5232.265	 20	1825	16	0	1	0	0
0.260	0.500	1.000	-1.087	-0.556	269	  56	 1	1	6	 inf	   18.788	   1128.114	   478.148	  1606.640	 20	1825	16	1	1	0	0
0.260	0.500	1.000	-1.087	-0.556	269	  56	 1	1	12	 inf	   18.788	   4777.746	   479.806	  5257.774	 20	1825	16	0	0	0	0
0.260	0.500	1.000	-1.087	-0.556	269	  56	 1	1	12	 inf	   18.788	   1125.808	   479.926	  1605.995	 20	1825	16	1	0	0	0
