 Scan The fastest combinaison 32

 MKL_NUM_THREADS=32 OMP_NUM_THREADS=32



 Solver Error !! info code=2


Feast 3.0:  image size = 32 X 32  ,   # Sub-Intervals= 1

| Sub-Intervals| 		| -1.08 -- 0 |
| List M0 |   		          | 597 |


Parallel Feast Double

h 	 gm 	 fe 	 Emin 	 Emax 	 M0 	 #cnt 	 ratio 	 Meth 	 eps 	 PSNR0  	 PSNR 	 eig(s) 	 Split(s) 	 Total(s) 	 #iter 	 Nh % 	 info	 store_fact 	 cnvgce_trace_Resdl 	 guess_M0 % 	  Run_Q_M0
0.260	0.500	1.000	-1.082	0.000	358	  8	 1	0	6	 inf	   15.408	   22.108	   0.835	  22.976	 20	339	2	0	0	0	0


 Solver Error !! info code=2
0.260	0.500	1.000	-1.082	0.000	358	  8	 1	0	6	 inf	   15.408	   18.424	   0.672	  19.112	 20	339	2	1	0	0	0


 Solver Error !! info code=2
0.260	0.500	1.000	-1.082	0.000	358	  8	 1	0	6	 inf	   15.408	   21.907	   0.673	  22.596	 20	339	2	0	1	0	0


 Solver Error !! info code=2
0.260	0.500	1.000	-1.082	0.000	358	  8	 1	0	6	 inf	   15.408	   17.050	   0.676	  17.742	 20	339	2	1	1	0	0


 Solver Error !! info code=2
0.260	0.500	1.000	-1.082	0.000	358	  8	 1	0	12	 inf	   15.408	   20.672	   0.672	  21.361	 20	339	2	0	0	0	0


 Solver Error !! info code=2
0.260	0.500	1.000	-1.082	0.000	358	  8	 1	0	12	 inf	   15.408	   16.986	   0.671	  17.673	 20	339	2	1	0	0	0


 Solver Error !! info code=2
0.260	0.500	1.000	-1.082	0.000	358	  8	 1	0	12	 inf	   15.408	   22.042	   0.676	  22.735	 20	339	2	0	1	0	0


 Solver Error !! info code=2
0.260	0.500	1.000	-1.082	0.000	358	  8	 1	0	12	 inf	   15.408	   17.277	   0.673	  17.967	 20	339	2	1	1	0	0


 Solver Error !! info code=2
0.260	0.500	1.000	-1.082	0.000	358	  8	 1	1	6	 inf	   15.977	   20.941	   0.639	  21.596	 20	336	2	0	0	0	0


 Solver Error !! info code=2
0.260	0.500	1.000	-1.082	0.000	358	  8	 1	1	6	 inf	   15.977	   16.897	   0.641	  17.555	 20	336	2	1	0	0	0


 Solver Error !! info code=2
0.260	0.500	1.000	-1.082	0.000	358	  8	 1	1	6	 inf	   15.977	   21.103	   0.641	  21.760	 20	336	2	0	1	0	0


 Solver Error !! info code=2
0.260	0.500	1.000	-1.082	0.000	358	  8	 1	1	6	 inf	   15.977	   17.917	   0.643	  18.576	 20	336	2	1	1	0	0


 Solver Error !! info code=2
0.260	0.500	1.000	-1.082	0.000	358	  8	 1	1	12	 inf	   15.977	   21.201	   0.644	  21.861	 20	336	2	0	0	0	0


 Solver Error !! info code=2
0.260	0.500	1.000	-1.082	0.000	358	  8	 1	1	12	 inf	   15.977	   17.860	   0.646	  18.524	 20	336	2	1	0	0	0


 Solver Error !! info code=2
0.260	0.500	1.000	-1.082	0.000	358	  8	 1	1	12	 inf	   15.977	   21.053	   0.643	  21.712	 20	336	2	0	1	0	0


 Solver Error !! info code=2
0.260	0.500	1.000	-1.082	0.000	358	  8	 1	1	12	 inf	   15.977	   17.924	   0.642	  18.582	 20	336	2	1	1	0	0


 Solver Error !! info code=3
0.260	0.500	1.000	-1.082	0.000	358	  8	 1	2	6	 inf	   17.235	   3.005	   0.643	  3.664	 2	358	3	0	0	0	0


 Solver Error !! info code=3
0.260	0.500	1.000	-1.082	0.000	358	  8	 1	2	6	 inf	   17.235	   2.591	   0.646	  3.251	 2	358	3	1	0	0	0


 Solver Error !! info code=3
0.260	0.500	1.000	-1.082	0.000	358	  8	 1	2	6	 inf	   17.235	   3.341	   0.637	  3.994	 2	358	3	0	1	0	0


 Solver Error !! info code=3
0.260	0.500	1.000	-1.082	0.000	358	  8	 1	2	6	 inf	   17.235	   2.443	   0.642	  3.099	 2	358	3	1	1	0	0


 Solver Error !! info code=3
0.260	0.500	1.000	-1.082	0.000	358	  8	 1	2	12	 inf	   17.235	   3.048	   0.639	  3.700	 2	358	3	0	0	0	0


 Solver Error !! info code=3
0.260	0.500	1.000	-1.082	0.000	358	  8	 1	2	12	 inf	   17.235	   2.751	   0.643	  3.407	 2	358	3	1	0	0	0


 Solver Error !! info code=3
0.260	0.500	1.000	-1.082	0.000	358	  8	 1	2	12	 inf	   17.235	   3.133	   0.640	  3.786	 2	358	3	0	1	0	0


 Solver Error !! info code=3
0.260	0.500	1.000	-1.082	0.000	358	  8	 1	2	12	 inf	   17.235	   2.783	   0.638	  3.435	 2	358	3	1	1	0	0


 Solver Error !! info code=3
0.260	0.500	1.000	-1.082	0.000	358	  8	 100	0	6	 inf	   17.461	   3.137	   0.642	  3.792	 2	358	3	0	0	0	0


 Solver Error !! info code=3
0.260	0.500	1.000	-1.082	0.000	358	  8	 100	0	6	 inf	   17.461	   2.783	   0.641	  3.437	 2	358	3	1	0	0	0


 Solver Error !! info code=3
0.260	0.500	1.000	-1.082	0.000	358	  8	 100	0	6	 inf	   17.461	   3.130	   0.645	  3.793	 2	358	3	0	1	0	0


 Solver Error !! info code=3
0.260	0.500	1.000	-1.082	0.000	358	  8	 100	0	6	 inf	   17.461	   2.778	   0.642	  3.434	 2	358	3	1	1	0	0


 Solver Error !! info code=3
0.260	0.500	1.000	-1.082	0.000	358	  8	 100	0	12	 inf	   17.461	   3.127	   0.655	  3.805	 2	358	3	0	0	0	0


 Solver Error !! info code=3
0.260	0.500	1.000	-1.082	0.000	358	  8	 100	0	12	 inf	   17.461	   2.782	   0.637	  3.432	 2	358	3	1	0	0	0


 Solver Error !! info code=3
0.260	0.500	1.000	-1.082	0.000	358	  8	 100	0	12	 inf	   17.461	   3.142	   0.640	  3.795	 2	358	3	0	1	0	0


 Solver Error !! info code=3
0.260	0.500	1.000	-1.082	0.000	358	  8	 100	0	12	 inf	   17.461	   2.771	   0.646	  3.430	 2	358	3	1	1	0	0


 Solver Error !! info code=3
0.260	0.500	1.000	-1.082	0.000	358	  8	 100	1	6	 inf	   18.335	   3.137	   0.641	  3.791	 2	358	3	0	0	0	0


 Solver Error !! info code=3
0.260	0.500	1.000	-1.082	0.000	358	  8	 100	1	6	 inf	   18.335	   2.779	   0.640	  3.432	 2	358	3	1	0	0	0


 Solver Error !! info code=3
0.260	0.500	1.000	-1.082	0.000	358	  8	 100	1	6	 inf	   18.335	   3.179	   0.641	  3.834	 2	358	3	0	1	0	0


 Solver Error !! info code=3
0.260	0.500	1.000	-1.082	0.000	358	  8	 100	1	6	 inf	   18.335	   2.632	   0.640	  3.285	 2	358	3	1	1	0	0


 Solver Error !! info code=3
0.260	0.500	1.000	-1.082	0.000	358	  8	 100	1	12	 inf	   18.335	   3.062	   0.640	  3.715	 2	358	3	0	0	0	0


 Solver Error !! info code=3
0.260	0.500	1.000	-1.082	0.000	358	  8	 100	1	12	 inf	   18.335	   2.767	   0.641	  3.422	 2	358	3	1	0	0	0


 Solver Error !! info code=3
0.260	0.500	1.000	-1.082	0.000	358	  8	 100	1	12	 inf	   18.335	   3.134	   0.638	  3.785	 2	358	3	0	1	0	0


 Solver Error !! info code=3
0.260	0.500	1.000	-1.082	0.000	358	  8	 100	1	12	 inf	   18.335	   2.790	   0.641	  3.445	 2	358	3	1	1	0	0


 Solver Error !! info code=3
0.260	0.500	1.000	-1.082	0.000	358	  8	 100	2	6	 inf	   17.235	   3.127	   0.645	  3.785	 2	358	3	0	0	0	0


 Solver Error !! info code=3
0.260	0.500	1.000	-1.082	0.000	358	  8	 100	2	6	 inf	   17.235	   2.777	   0.636	  3.426	 2	358	3	1	0	0	0


 Solver Error !! info code=3
0.260	0.500	1.000	-1.082	0.000	358	  8	 100	2	6	 inf	   17.235	   3.144	   0.639	  3.796	 2	358	3	0	1	0	0


 Solver Error !! info code=3
0.260	0.500	1.000	-1.082	0.000	358	  8	 100	2	6	 inf	   17.235	   2.777	   0.645	  3.435	 2	358	3	1	1	0	0


 Solver Error !! info code=3
0.260	0.500	1.000	-1.082	0.000	358	  8	 100	2	12	 inf	   17.235	   3.138	   0.640	  3.791	 2	358	3	0	0	0	0


 Solver Error !! info code=3
0.260	0.500	1.000	-1.082	0.000	358	  8	 100	2	12	 inf	   17.235	   2.785	   0.639	  3.437	 2	358	3	1	0	0	0


 Solver Error !! info code=3
0.260	0.500	1.000	-1.082	0.000	358	  8	 100	2	12	 inf	   17.235	   3.142	   0.641	  3.797	 2	358	3	0	1	0	0


 Solver Error !! info code=3
0.260	0.500	1.000	-1.082	0.000	358	  8	 100	2	12	 inf	   17.235	   2.774	   0.637	  3.424	 2	358	3	1	1	0	0


 Solver Error !! info code=2
0.260	0.500	1.000	-1.082	0.000	358	  56	 1	0	6	 inf	   14.530	   50.356	   0.638	  51.008	 20	313	2	0	0	0	0


 Solver Error !! info code=2
0.260	0.500	1.000	-1.082	0.000	358	  56	 1	0	6	 inf	   14.530	   26.533	   0.640	  27.190	 20	313	2	1	0	0	0


 Solver Error !! info code=2
0.260	0.500	1.000	-1.082	0.000	358	  56	 1	0	6	 inf	   14.530	   48.153	   0.646	  48.816	 20	313	2	0	1	0	0


 Solver Error !! info code=2
0.260	0.500	1.000	-1.082	0.000	358	  56	 1	0	6	 inf	   14.530	   26.429	   0.640	  27.086	 20	313	2	1	1	0	0


 Solver Error !! info code=2
0.260	0.500	1.000	-1.082	0.000	358	  56	 1	0	12	 inf	   14.530	   49.270	   0.640	  49.926	 20	313	2	0	0	0	0


 Solver Error !! info code=2
0.260	0.500	1.000	-1.082	0.000	358	  56	 1	0	12	 inf	   14.530	   27.562	   0.642	  28.220	 20	313	2	1	0	0	0


 Solver Error !! info code=2
0.260	0.500	1.000	-1.082	0.000	358	  56	 1	0	12	 inf	   14.530	   50.636	   0.659	  51.320	 20	313	2	0	1	0	0


 Solver Error !! info code=2
0.260	0.500	1.000	-1.082	0.000	358	  56	 1	0	12	 inf	   14.530	   26.528	   0.644	  27.189	 20	313	2	1	1	0	0


 Solver Error !! info code=2
0.260	0.500	1.000	-1.082	0.000	358	  56	 1	1	6	 inf	   15.113	   50.391	   0.643	  51.050	 20	314	2	0	0	0	0


 Solver Error !! info code=2
0.260	0.500	1.000	-1.082	0.000	358	  56	 1	1	6	 inf	   15.113	   26.544	   0.645	  27.205	 20	314	2	1	0	0	0


 Solver Error !! info code=2
0.260	0.500	1.000	-1.082	0.000	358	  56	 1	1	6	 inf	   15.113	   50.387	   0.643	  51.045	 20	314	2	0	1	0	0


 Solver Error !! info code=2
0.260	0.500	1.000	-1.082	0.000	358	  56	 1	1	6	 inf	   15.113	   26.344	   0.642	  27.002	 20	314	2	1	1	0	0


 Solver Error !! info code=2
0.260	0.500	1.000	-1.082	0.000	358	  56	 1	1	12	 inf	   15.113	   50.389	   0.642	  51.048	 20	314	2	0	0	0	0


 Solver Error !! info code=2
0.260	0.500	1.000	-1.082	0.000	358	  56	 1	1	12	 inf	   15.113	   26.545	   0.643	  27.205	 20	314	2	1	0	0	0


 Solver Error !! info code=2
0.260	0.500	1.000	-1.082	0.000	358	  56	 1	1	12	 inf	   15.113	   50.396	   0.640	  51.053	 20	314	2	0	1	0	0


 Solver Error !! info code=2
0.260	0.500	1.000	-1.082	0.000	358	  56	 1	1	12	 inf	   15.113	   26.536	   0.650	  27.203	 20	314	2	1	1	0	0


 Solver Error !! info code=3
0.260	0.500	1.000	-1.082	0.000	358	  56	 1	2	6	 inf	   17.244	   7.171	   0.653	  7.849	 2	358	3	0	0	0	0


 Solver Error !! info code=3
0.260	0.500	1.000	-1.082	0.000	358	  56	 1	2	6	 inf	   17.244	   4.917	   0.643	  5.573	 2	358	3	1	0	0	0


 Solver Error !! info code=3
0.260	0.500	1.000	-1.082	0.000	358	  56	 1	2	6	 inf	   17.244	   7.198	   0.641	  7.852	 2	358	3	0	1	0	0


 Solver Error !! info code=3
0.260	0.500	1.000	-1.082	0.000	358	  56	 1	2	6	 inf	   17.244	   4.922	   0.642	  5.577	 2	358	3	1	1	0	0


 Solver Error !! info code=3
0.260	0.500	1.000	-1.082	0.000	358	  56	 1	2	12	 inf	   17.244	   7.186	   0.645	  7.844	 2	358	3	0	0	0	0


 Solver Error !! info code=3
0.260	0.500	1.000	-1.082	0.000	358	  56	 1	2	12	 inf	   17.244	   4.690	   0.638	  5.341	 2	358	3	1	0	0	0


 Solver Error !! info code=3
0.260	0.500	1.000	-1.082	0.000	358	  56	 1	2	12	 inf	   17.244	   7.232	   0.642	  7.887	 2	358	3	0	1	0	0


 Solver Error !! info code=3
0.260	0.500	1.000	-1.082	0.000	358	  56	 1	2	12	 inf	   17.244	   4.925	   0.644	  5.581	 2	358	3	1	1	0	0


 Solver Error !! info code=3
0.260	0.500	1.000	-1.082	0.000	358	  56	 100	0	6	 inf	   17.243	   7.183	   0.643	  7.840	 2	358	3	0	0	0	0


 Solver Error !! info code=3
0.260	0.500	1.000	-1.082	0.000	358	  56	 100	0	6	 inf	   17.243	   4.767	   0.642	  5.423	 2	358	3	1	0	0	0


 Solver Error !! info code=3
0.260	0.500	1.000	-1.082	0.000	358	  56	 100	0	6	 inf	   17.243	   7.153	   0.638	  7.804	 2	358	3	0	1	0	0


 Solver Error !! info code=3
0.260	0.500	1.000	-1.082	0.000	358	  56	 100	0	6	 inf	   17.243	   4.768	   0.643	  5.424	 2	358	3	1	1	0	0


 Solver Error !! info code=3
0.260	0.500	1.000	-1.082	0.000	358	  56	 100	0	12	 inf	   17.243	   7.153	   0.645	  7.811	 2	358	3	0	0	0	0


 Solver Error !! info code=3
0.260	0.500	1.000	-1.082	0.000	358	  56	 100	0	12	 inf	   17.243	   4.767	   0.638	  5.418	 2	358	3	1	0	0	0


 Solver Error !! info code=3
0.260	0.500	1.000	-1.082	0.000	358	  56	 100	0	12	 inf	   17.243	   7.152	   0.641	  7.806	 2	358	3	0	1	0	0


 Solver Error !! info code=3
0.260	0.500	1.000	-1.082	0.000	358	  56	 100	0	12	 inf	   17.243	   4.764	   0.646	  5.423	 2	358	3	1	1	0	0


 Solver Error !! info code=3
0.260	0.500	1.000	-1.082	0.000	358	  56	 100	1	6	 inf	   17.392	   7.140	   0.641	  7.796	 2	358	3	0	0	0	0


 Solver Error !! info code=3
0.260	0.500	1.000	-1.082	0.000	358	  56	 100	1	6	 inf	   17.392	   4.769	   0.641	  5.423	 2	358	3	1	0	0	0


 Solver Error !! info code=3
0.260	0.500	1.000	-1.082	0.000	358	  56	 100	1	6	 inf	   17.392	   7.156	   0.640	  7.810	 2	358	3	0	1	0	0


 Solver Error !! info code=3
0.260	0.500	1.000	-1.082	0.000	358	  56	 100	1	6	 inf	   17.392	   4.775	   0.640	  5.428	 2	358	3	1	1	0	0


 Solver Error !! info code=3
0.260	0.500	1.000	-1.082	0.000	358	  56	 100	1	12	 inf	   17.392	   6.862	   0.640	  7.516	 2	358	3	0	0	0	0


 Solver Error !! info code=3
0.260	0.500	1.000	-1.082	0.000	358	  56	 100	1	12	 inf	   17.392	   4.837	   0.643	  5.493	 2	358	3	1	0	0	0


 Solver Error !! info code=3
0.260	0.500	1.000	-1.082	0.000	358	  56	 100	1	12	 inf	   17.392	   7.044	   0.642	  7.701	 2	358	3	0	1	0	0


 Solver Error !! info code=3
0.260	0.500	1.000	-1.082	0.000	358	  56	 100	1	12	 inf	   17.392	   4.993	   0.640	  5.649	 2	358	3	1	1	0	0


 Solver Error !! info code=3
0.260	0.500	1.000	-1.082	0.000	358	  56	 100	2	6	 inf	   17.244	   7.232	   0.645	  7.890	 2	358	3	0	0	0	0


 Solver Error !! info code=3
0.260	0.500	1.000	-1.082	0.000	358	  56	 100	2	6	 inf	   17.244	   4.776	   0.645	  5.435	 2	358	3	1	0	0	0


 Solver Error !! info code=3
0.260	0.500	1.000	-1.082	0.000	358	  56	 100	2	6	 inf	   17.244	   7.158	   0.644	  7.816	 2	358	3	0	1	0	0


 Solver Error !! info code=3
0.260	0.500	1.000	-1.082	0.000	358	  56	 100	2	6	 inf	   17.244	   4.916	   0.644	  5.573	 2	358	3	1	1	0	0


 Solver Error !! info code=3
0.260	0.500	1.000	-1.082	0.000	358	  56	 100	2	12	 inf	   17.244	   7.189	   0.643	  7.845	 2	358	3	0	0	0	0


 Solver Error !! info code=3
0.260	0.500	1.000	-1.082	0.000	358	  56	 100	2	12	 inf	   17.244	   4.922	   0.642	  5.577	 2	358	3	1	0	0	0


 Solver Error !! info code=3
0.260	0.500	1.000	-1.082	0.000	358	  56	 100	2	12	 inf	   17.244	   7.195	   0.642	  7.850	 2	358	3	0	1	0	0


 Solver Error !! info code=3
0.260	0.500	1.000	-1.082	0.000	358	  56	 100	2	12	 inf	   17.244	   4.967	   0.643	  5.623	 2	358	3	1	1	0	0

0.260	0.500	1.000	-1.082	0.000	597	  8	 1	0	6	 inf	   47.917	   5.304	   0.643	  5.965	 2	571	0	0	0	0	0

0.260	0.500	1.000	-1.082	0.000	597	  8	 1	0	6	 inf	   47.917	   4.834	   0.644	  5.499	 2	571	0	1	0	0	0

0.260	0.500	1.000	-1.082	0.000	597	  8	 1	0	6	 inf	   47.917	   5.178	   0.640	  5.839	 2	571	0	0	1	0	0

0.260	0.500	1.000	-1.082	0.000	597	  8	 1	0	6	 inf	   47.917	   4.848	   0.634	  5.503	 2	571	0	1	1	0	0

0.260	0.500	1.000	-1.082	0.000	597	  8	 1	0	12	 inf	   47.917	   6.865	   0.634	  7.520	 3	571	0	0	0	0	0

0.260	0.500	1.000	-1.082	0.000	597	  8	 1	0	12	 inf	   47.917	   6.372	   0.636	  7.028	 3	571	0	1	0	0	0

0.260	0.500	1.000	-1.082	0.000	597	  8	 1	0	12	 inf	   47.917	   8.630	   0.635	  9.286	 4	571	0	0	1	0	0

0.260	0.500	1.000	-1.082	0.000	597	  8	 1	0	12	 inf	   47.917	   7.887	   0.637	  8.545	 4	571	0	1	1	0	0

0.260	0.500	1.000	-1.082	0.000	597	  8	 1	1	6	 inf	   47.917	   6.912	   0.640	  7.573	 3	571	0	0	0	0	0

0.260	0.500	1.000	-1.082	0.000	597	  8	 1	1	6	 inf	   47.917	   6.394	   0.638	  7.052	 3	571	0	1	0	0	0

0.260	0.500	1.000	-1.082	0.000	597	  8	 1	1	6	 inf	   47.917	   8.614	   0.652	  9.292	 4	571	0	0	1	0	0

0.260	0.500	1.000	-1.082	0.000	597	  8	 1	1	6	 inf	   47.917	   7.952	   0.651	  8.627	 4	571	0	1	1	0	0

0.260	0.500	1.000	-1.082	0.000	597	  8	 1	1	12	 inf	   47.917	   10.350	   0.643	  11.013	 5	571	0	0	0	0	0

0.260	0.500	1.000	-1.082	0.000	597	  8	 1	1	12	 inf	   47.917	   9.434	   0.643	  10.098	 5	571	0	1	0	0	0

0.260	0.500	1.000	-1.082	0.000	597	  8	 1	1	12	 inf	   47.917	   15.460	   0.644	  16.125	 8	571	0	0	1	0	0

0.260	0.500	1.000	-1.082	0.000	597	  8	 1	1	12	 inf	   47.917	   14.043	   0.645	  14.708	 8	571	0	1	1	0	0

0.260	0.500	1.000	-1.082	0.000	597	  8	 1	2	6	 inf	   47.917	   6.863	   0.656	  7.545	 3	571	0	0	0	0	0

0.260	0.500	1.000	-1.082	0.000	597	  8	 1	2	6	 inf	   47.917	   6.340	   0.652	  7.013	 3	571	0	1	0	0	0

0.260	0.500	1.000	-1.082	0.000	597	  8	 1	2	6	 inf	   47.917	   6.863	   0.648	  7.533	 3	571	0	0	1	0	0

0.260	0.500	1.000	-1.082	0.000	597	  8	 1	2	6	 inf	   47.917	   6.353	   0.646	  7.020	 3	571	0	1	1	0	0

0.260	0.500	1.000	-1.082	0.000	597	  8	 1	2	12	 inf	   47.917	   8.595	   0.652	  9.274	 4	571	0	0	0	0	0

0.260	0.500	1.000	-1.082	0.000	597	  8	 1	2	12	 inf	   47.917	   7.882	   0.655	  8.564	 4	571	0	1	0	0	0

0.260	0.500	1.000	-1.082	0.000	597	  8	 1	2	12	 inf	   47.917	   12.023	   0.649	  12.693	 6	571	0	0	1	0	0

0.260	0.500	1.000	-1.082	0.000	597	  8	 1	2	12	 inf	   47.917	   10.997	   0.648	  11.666	 6	571	0	1	1	0	0

0.260	0.500	1.000	-1.082	0.000	597	  8	 100	0	6	 inf	   47.917	   8.607	   0.642	  9.270	 4	571	0	0	0	0	0

0.260	0.500	1.000	-1.082	0.000	597	  8	 100	0	6	 inf	   47.917	   7.912	   0.647	  8.580	 4	571	0	1	0	0	0

0.260	0.500	1.000	-1.082	0.000	597	  8	 100	0	6	 inf	   47.917	   8.613	   0.643	  9.278	 4	571	0	0	1	0	0

0.260	0.500	1.000	-1.082	0.000	597	  8	 100	0	6	 inf	   47.917	   7.885	   0.644	  8.550	 4	571	0	1	1	0	0

0.260	0.500	1.000	-1.082	0.000	597	  8	 100	0	12	 inf	   47.917	   11.980	   0.650	  12.658	 6	571	0	0	0	0	0

0.260	0.500	1.000	-1.082	0.000	597	  8	 100	0	12	 inf	   47.917	   10.953	   0.655	  11.634	 6	571	0	1	0	0	0

0.260	0.500	1.000	-1.082	0.000	597	  8	 100	0	12	 inf	   47.917	   17.169	   0.645	  17.836	 9	571	0	0	1	0	0

0.260	0.500	1.000	-1.082	0.000	597	  8	 100	0	12	 inf	   47.917	   15.535	   0.647	  16.202	 9	571	0	1	1	0	0

0.260	0.500	1.000	-1.082	0.000	597	  8	 100	1	6	 inf	   47.917	   25.709	   0.641	  26.371	 14	571	0	0	0	0	0

0.260	0.500	1.000	-1.082	0.000	597	  8	 100	1	6	 inf	   47.917	   23.280	   0.647	  23.949	 14	571	0	1	0	0	0


 Solver Error !! info code=2
0.260	0.500	1.000	-1.082	0.000	597	  8	 100	1	6	 inf	   47.917	   35.955	   0.646	  36.623	 20	571	2	0	1	0	0


 Solver Error !! info code=2
0.260	0.500	1.000	-1.082	0.000	597	  8	 100	1	6	 inf	   47.917	   32.425	   0.646	  33.093	 20	571	2	1	1	0	0


 Solver Error !! info code=2
0.260	0.500	1.000	-1.082	0.000	597	  8	 100	1	12	 inf	   47.917	   35.968	   0.644	  36.633	 20	571	2	0	0	0	0


 Solver Error !! info code=2
0.260	0.500	1.000	-1.082	0.000	597	  8	 100	1	12	 inf	   47.917	   32.486	   0.645	  33.153	 20	571	2	1	0	0	0


 Solver Error !! info code=2
0.260	0.500	1.000	-1.082	0.000	597	  8	 100	1	12	 inf	   47.917	   35.833	   0.639	  36.494	 20	571	2	0	1	0	0


 Solver Error !! info code=2
0.260	0.500	1.000	-1.082	0.000	597	  8	 100	1	12	 inf	   47.917	   32.404	   0.644	  33.069	 20	571	2	1	1	0	0

0.260	0.500	1.000	-1.082	0.000	597	  8	 100	2	6	 inf	   47.917	   6.883	   0.646	  7.550	 3	571	0	0	0	0	0

0.260	0.500	1.000	-1.082	0.000	597	  8	 100	2	6	 inf	   47.917	   6.353	   0.658	  7.038	 3	571	0	1	0	0	0

0.260	0.500	1.000	-1.082	0.000	597	  8	 100	2	6	 inf	   47.917	   6.877	   0.648	  7.547	 3	571	0	0	1	0	0

0.260	0.500	1.000	-1.082	0.000	597	  8	 100	2	6	 inf	   47.917	   6.341	   0.643	  7.005	 3	571	0	1	1	0	0

0.260	0.500	1.000	-1.082	0.000	597	  8	 100	2	12	 inf	   47.917	   8.613	   0.644	  9.278	 4	571	0	0	0	0	0

0.260	0.500	1.000	-1.082	0.000	597	  8	 100	2	12	 inf	   47.917	   7.899	   0.643	  8.563	 4	571	0	1	0	0	0

0.260	0.500	1.000	-1.082	0.000	597	  8	 100	2	12	 inf	   47.917	   12.021	   0.642	  12.684	 6	571	0	0	1	0	0

0.260	0.500	1.000	-1.082	0.000	597	  8	 100	2	12	 inf	   47.917	   10.964	   0.645	  11.630	 6	571	0	1	1	0	0

0.260	0.500	1.000	-1.082	0.000	597	  56	 1	0	6	 inf	   47.917	   6.435	   0.643	  7.099	 1	571	0	0	0	0	0

0.260	0.500	1.000	-1.082	0.000	597	  56	 1	0	6	 inf	   47.917	   7.154	   0.642	  7.818	 2	571	0	1	0	0	0

0.260	0.500	1.000	-1.082	0.000	597	  56	 1	0	6	 inf	   47.917	   3.241	   0.659	  3.927	 0	571	0	0	1	0	0

0.260	0.500	1.000	-1.082	0.000	597	  56	 1	0	6	 inf	   47.917	   3.339	   0.643	  4.003	 0	571	0	1	1	0	0

0.260	0.500	1.000	-1.082	0.000	597	  56	 1	0	12	 inf	   47.917	   9.546	   0.644	  10.211	 2	571	0	0	0	0	0

0.260	0.500	1.000	-1.082	0.000	597	  56	 1	0	12	 inf	   47.917	   7.155	   0.645	  7.822	 2	571	0	1	0	0	0

0.260	0.500	1.000	-1.082	0.000	597	  56	 1	0	12	 inf	   47.917	   6.403	   0.655	  7.085	 1	571	0	0	1	0	0

0.260	0.500	1.000	-1.082	0.000	597	  56	 1	0	12	 inf	   47.917	   7.104	   0.645	  7.771	 2	571	0	1	1	0	0

0.260	0.500	1.000	-1.082	0.000	597	  56	 1	1	6	 inf	   47.917	   9.733	   0.642	  10.396	 2	571	0	0	0	0	0

0.260	0.500	1.000	-1.082	0.000	597	  56	 1	1	6	 inf	   47.917	   7.327	   0.657	  8.011	 2	571	0	1	0	0	0

0.260	0.500	1.000	-1.082	0.000	597	  56	 1	1	6	 inf	   47.917	   6.464	   0.644	  7.129	 1	571	0	0	1	0	0

0.260	0.500	1.000	-1.082	0.000	597	  56	 1	1	6	 inf	   47.917	   5.276	   0.642	  5.939	 1	571	0	1	1	0	0

0.260	0.500	1.000	-1.082	0.000	597	  56	 1	1	12	 inf	   47.917	   9.719	   0.643	  10.383	 2	571	0	0	0	0	0

0.260	0.500	1.000	-1.082	0.000	597	  56	 1	1	12	 inf	   47.917	   7.277	   0.650	  7.954	 2	571	0	1	0	0	0

0.260	0.500	1.000	-1.082	0.000	597	  56	 1	1	12	 inf	   47.917	   9.650	   0.645	  10.316	 2	571	0	0	1	0	0

0.260	0.500	1.000	-1.082	0.000	597	  56	 1	1	12	 inf	   47.917	   5.326	   0.643	  5.990	 1	571	0	1	1	0	0

0.260	0.500	1.000	-1.082	0.000	597	  56	 1	2	6	 inf	   47.917	   6.427	   0.642	  7.090	 1	571	0	0	0	0	0

0.260	0.500	1.000	-1.082	0.000	597	  56	 1	2	6	 inf	   47.917	   5.163	   0.644	  5.829	 1	571	0	1	0	0	0

0.260	0.500	1.000	-1.082	0.000	597	  56	 1	2	6	 inf	   47.917	   3.244	   0.644	  3.909	 0	571	0	0	1	0	0

0.260	0.500	1.000	-1.082	0.000	597	  56	 1	2	6	 inf	   47.917	   7.202	   0.645	  7.868	 2	571	0	1	1	0	0

0.260	0.500	1.000	-1.082	0.000	597	  56	 1	2	12	 inf	   47.917	   9.569	   0.642	  10.232	 2	571	0	0	0	0	0

0.260	0.500	1.000	-1.082	0.000	597	  56	 1	2	12	 inf	   47.917	   7.123	   0.643	  7.787	 2	571	0	1	0	0	0

0.260	0.500	1.000	-1.082	0.000	597	  56	 1	2	12	 inf	   47.917	   9.531	   0.641	  10.193	 2	571	0	0	1	0	0

0.260	0.500	1.000	-1.082	0.000	597	  56	 1	2	12	 inf	   47.917	   5.216	   0.652	  5.895	 1	571	0	1	1	0	0

0.260	0.500	1.000	-1.082	0.000	597	  56	 100	0	6	 inf	   47.917	   9.700	   0.646	  10.367	 2	571	0	0	0	0	0

0.260	0.500	1.000	-1.082	0.000	597	  56	 100	0	6	 inf	   47.917	   7.372	   0.617	  8.009	 2	571	0	1	0	0	0

0.260	0.500	1.000	-1.082	0.000	597	  56	 100	0	6	 inf	   47.917	   6.528	   0.615	  7.163	 1	571	0	0	1	0	0

0.260	0.500	1.000	-1.082	0.000	597	  56	 100	0	6	 inf	   47.917	   5.304	   0.645	  5.976	 1	571	0	1	1	0	0

0.260	0.500	1.000	-1.082	0.000	597	  56	 100	0	12	 inf	   47.917	   9.670	   0.633	  10.323	 2	571	0	0	0	0	0

0.260	0.500	1.000	-1.082	0.000	597	  56	 100	0	12	 inf	   47.917	   7.321	   0.632	  7.973	 2	571	0	1	0	0	0

0.260	0.500	1.000	-1.082	0.000	597	  56	 100	0	12	 inf	   47.917	   6.519	   0.645	  7.191	 1	571	0	0	1	0	0

0.260	0.500	1.000	-1.082	0.000	597	  56	 100	0	12	 inf	   47.917	   5.351	   0.639	  6.011	 1	571	0	1	1	0	0

0.260	0.500	1.000	-1.082	0.000	597	  56	 100	1	6	 inf	   47.917	   9.847	   0.632	  10.500	 2	571	0	0	0	0	0

0.260	0.500	1.000	-1.082	0.000	597	  56	 100	1	6	 inf	   47.917	   7.305	   0.643	  7.974	 2	571	0	1	0	0	0

0.260	0.500	1.000	-1.082	0.000	597	  56	 100	1	6	 inf	   47.917	   13.157	   0.635	  13.813	 3	571	0	0	1	0	0

0.260	0.500	1.000	-1.082	0.000	597	  56	 100	1	6	 inf	   47.917	   9.361	   0.638	  10.020	 3	571	0	1	1	0	0

0.260	0.500	1.000	-1.082	0.000	597	  56	 100	1	12	 inf	   47.917	   16.202	   0.639	  16.861	 4	571	0	0	0	0	0

0.260	0.500	1.000	-1.082	0.000	597	  56	 100	1	12	 inf	   47.917	   11.305	   0.644	  11.970	 4	571	0	1	0	0	0

0.260	0.500	1.000	-1.082	0.000	597	  56	 100	1	12	 inf	   47.917	   19.516	   0.646	  20.183	 5	571	0	0	1	0	0

0.260	0.500	1.000	-1.082	0.000	597	  56	 100	1	12	 inf	   47.917	   13.395	   0.642	  14.059	 5	571	0	1	1	0	0

0.260	0.500	1.000	-1.082	0.000	597	  56	 100	2	6	 inf	   47.917	   6.351	   0.641	  7.014	 1	571	0	0	0	0	0

0.260	0.500	1.000	-1.082	0.000	597	  56	 100	2	6	 inf	   47.917	   5.177	   0.643	  5.841	 1	571	0	1	0	0	0

0.260	0.500	1.000	-1.082	0.000	597	  56	 100	2	6	 inf	   47.917	   3.240	   0.646	  3.907	 0	571	0	0	1	0	0

0.260	0.500	1.000	-1.082	0.000	597	  56	 100	2	6	 inf	   47.917	   3.337	   0.639	  3.998	 0	571	0	1	1	0	0

0.260	0.500	1.000	-1.082	0.000	597	  56	 100	2	12	 inf	   47.917	   9.453	   0.641	  10.116	 2	571	0	0	0	0	0

0.260	0.500	1.000	-1.082	0.000	597	  56	 100	2	12	 inf	   47.917	   7.083	   0.643	  7.747	 2	571	0	1	0	0	0

0.260	0.500	1.000	-1.082	0.000	597	  56	 100	2	12	 inf	   47.917	   9.605	   0.641	  10.267	 2	571	0	0	1	0	0

0.260	0.500	1.000	-1.082	0.000	597	  56	 100	2	12	 inf	   47.917	   5.172	   0.643	  5.836	 1	571	0	1	1	0	0

0.260	0.500	1.000	-1.082	0.000	835	  8	 1	0	6	 inf	   47.917	   6.737	   0.640	  7.399	 2	571	0	0	0	0	0

0.260	0.500	1.000	-1.082	0.000	835	  8	 1	0	6	 inf	   47.917	   6.232	   0.616	  6.868	 2	571	0	1	0	0	0

0.260	0.500	1.000	-1.082	0.000	835	  8	 1	0	6	 inf	   47.917	   4.528	   0.617	  5.166	 1	571	0	0	1	0	0

0.260	0.500	1.000	-1.082	0.000	835	  8	 1	0	6	 inf	   47.917	   4.336	   0.636	  4.992	 1	571	0	1	1	0	0

0.260	0.500	1.000	-1.082	0.000	835	  8	 1	0	12	 inf	   47.917	   6.760	   0.634	  7.415	 2	571	0	0	0	0	0

