
 MKL_NUM_THREADS=32 OMP_NUM_THREADS=32



Feast 3.0:  image size = 32 X 32  ,   # Sub-Intervals= 1

| Sub-Intervals| 		| -1.08 -- 0 |
| List M0 |   		          | 597 |


Parallel Feast Double

h 	 gm 	 fe 	 Emin 	 Emax 	 M0 	 #cnt 	 ratio 	 Meth 	 eps 	 PSNR0  	 PSNR 	 eig(s) 	 Split(s) 	 Total(s) 	 #iter 	 Nh % 	 info	 store_fact 	 cnvgce_trace_Resdl 	 guess_M0 % 	  Run_Q_M0
0.260	0.500	1.000	-1.082	0.000	597	  56	 1	0	6	 inf	   47.917	   3.919	   0.860	  4.827	 0	571	0	1	1	0	0
0.260	0.500	1.000	-1.082	0.000	597	  56	 100	0	6	 inf	   47.917	   5.963	   0.644	  6.628	 1	571	0	1	1	0	0
0.260	0.500	1.000	-1.082	0.000	716	  56	 1	0	6	 inf	   47.917	   3.905	   0.639	  4.566	 0	571	0	1	1	0	0
0.260	0.500	1.000	-1.082	0.000	716	  56	 100	0	6	 inf	   47.917	   6.199	   0.641	  6.861	 1	571	0	1	1	0	0
0.260	0.500	1.000	-1.082	0.000	835	  56	 1	0	6	 inf	   47.917	   4.228	   0.641	  4.891	 0	571	0	1	1	0	0
0.260	0.500	1.000	-1.082	0.000	835	  56	 100	0	6	 inf	   47.917	   6.521	   0.646	  7.189	 1	571	0	1	1	0	0
0.260	0.500	1.000	-1.082	0.000	955	  56	 1	0	6	 inf	   47.917	   4.550	   0.646	  5.217	 0	571	0	1	1	0	0
0.260	0.500	1.000	-1.082	0.000	955	  56	 100	0	6	 inf	   47.917	   6.812	   0.622	  7.455	 1	571	0	1	1	0	0
0.260	0.500	1.000	-1.082	0.000	1024	  56	 1	0	6	 inf	   47.917	   4.759	   0.622	  5.402	 0	571	0	1	1	0	0


Warnning(3) :The estimated Number  of eigevalues is greater than N= 1024


Feast 3.0:  image size = 32 X 32  ,   # Sub-Intervals= 2

| Sub-Intervals| 		| -1.08 -- -0.258 -- 0 |
| List M0 |   		          | 298 -- 299 |


Parallel Feast Double

h 	 gm 	 fe 	 Emin 	 Emax 	 M0 	 #cnt 	 ratio 	 Meth 	 eps 	 PSNR0  	 PSNR 	 eig(s) 	 Split(s) 	 Total(s) 	 #iter 	 Nh % 	 info	 store_fact 	 cnvgce_trace_Resdl 	 guess_M0 % 	  Run_Q_M0
0.260	0.500	1.000	-1.082	-0.258	298	  56	 1	0	6	 inf	   47.917	   4.827	   3.898	  8.745	 1	571	0	1	1	0	0
0.260	0.500	1.000	-1.082	-0.258	298	  56	 100	0	6	 inf	   47.917	   4.296	   3.598	  7.916	 1	571	0	1	1	0	0
0.260	0.500	1.000	-1.082	-0.258	357	  56	 1	0	6	 inf	   47.917	   5.437	   3.606	  9.057	 1	571	0	1	1	0	0
0.260	0.500	1.000	-1.082	-0.258	357	  56	 100	0	6	 inf	   47.917	   4.367	   3.613	  8.002	 1	571	0	1	1	0	0
0.260	0.500	1.000	-1.082	-0.258	417	  56	 1	0	6	 inf	   47.917	   4.088	   3.609	  7.718	 0	571	0	1	1	0	0
0.260	0.500	1.000	-1.082	-0.258	417	  56	 100	0	6	 inf	   47.917	   4.253	   3.562	  7.837	 1	571	0	1	1	0	0
0.260	0.500	1.000	-1.082	-0.258	476	  56	 1	0	6	 inf	   47.917	   4.159	   3.600	  7.781	 0	571	0	1	1	0	0
0.260	0.500	1.000	-1.082	-0.258	476	  56	 100	0	6	 inf	   47.917	   4.254	   3.605	  7.880	 0	571	0	1	1	0	0
0.260	0.500	1.000	-1.082	-0.258	536	  56	 1	0	6	 inf	   47.917	   3.542	   3.599	  7.163	 0	571	0	1	1	0	0
0.260	0.500	1.000	-1.082	-0.258	536	  56	 100	0	6	 inf	   47.917	   4.516	   3.593	  8.124	 1	571	0	1	1	0	0


Feast 3.0:  image size = 32 X 32  ,   # Sub-Intervals= 4

| Sub-Intervals| 		| -1.08 -- -0.427 -- -0.258 -- -0.133 -- 0 |
| List M0 |   		          | 150 -- 149 -- 150 -- 150 |


Parallel Feast Double

h 	 gm 	 fe 	 Emin 	 Emax 	 M0 	 #cnt 	 ratio 	 Meth 	 eps 	 PSNR0  	 PSNR 	 eig(s) 	 Split(s) 	 Total(s) 	 #iter 	 Nh % 	 info	 store_fact 	 cnvgce_trace_Resdl 	 guess_M0 % 	  Run_Q_M0
0.260	0.500	1.000	-1.082	-0.427	150	  56	 1	0	6	 inf	   47.917	   5.847	   13.606	  19.471	 0	571	3	1	1	0	0
0.260	0.500	1.000	-1.082	-0.427	150	  56	 100	0	6	 inf	   47.895	   6.740	   13.126	  19.879	 2	571	3	1	1	0	0
0.260	0.500	1.000	-1.082	-0.427	180	  56	 1	0	6	 inf	   47.917	   5.964	   12.928	  18.921	 0	571	0	1	1	0	0
0.260	0.500	1.000	-1.082	-0.427	180	  56	 100	0	6	 inf	   47.917	   5.769	   13.501	  19.283	 0	571	0	1	1	0	0
0.260	0.500	1.000	-1.082	-0.427	210	  56	 1	0	6	 inf	   47.917	   5.926	   13.270	  19.237	 0	571	0	1	1	0	0
0.260	0.500	1.000	-1.082	-0.427	210	  56	 100	0	6	 inf	   47.917	   5.995	   13.401	  19.419	 0	571	0	1	1	0	0
0.260	0.500	1.000	-1.082	-0.427	240	  56	 1	0	6	 inf	   47.917	   6.026	   13.891	  19.930	 0	571	0	1	1	0	0
0.260	0.500	1.000	-1.082	-0.427	240	  56	 100	0	6	 inf	   47.917	   7.898	   13.090	  21.009	 0	571	0	1	1	0	0
0.260	0.500	1.000	-1.082	-0.427	270	  56	 1	0	6	 inf	   47.917	   5.992	   13.880	  19.893	 0	571	0	1	1	0	0
0.260	0.500	1.000	-1.082	-0.427	270	  56	 100	0	6	 inf	   47.917	   6.572	   13.536	  20.132	 0	571	0	1	1	0	0

 MKL_NUM_THREADS=16 OMP_NUM_THREADS=16



Feast 3.0:  image size = 32 X 32  ,   # Sub-Intervals= 1

| Sub-Intervals| 		| -1.08 -- 0 |
| List M0 |   		          | 597 |


Parallel Feast Double

h 	 gm 	 fe 	 Emin 	 Emax 	 M0 	 #cnt 	 ratio 	 Meth 	 eps 	 PSNR0  	 PSNR 	 eig(s) 	 Split(s) 	 Total(s) 	 #iter 	 Nh % 	 info	 store_fact 	 cnvgce_trace_Resdl 	 guess_M0 % 	  Run_Q_M0
0.260	0.500	1.000	-1.082	0.000	597	  56	 1	0	6	 inf	   47.917	   4.448	   0.802	  5.276	 0	571	0	1	1	0	0
0.260	0.500	1.000	-1.082	0.000	597	  56	 100	0	6	 inf	   47.917	   6.059	   0.622	  6.702	 1	571	0	1	1	0	0
0.260	0.500	1.000	-1.082	0.000	716	  56	 1	0	6	 inf	   47.917	   3.915	   0.618	  4.553	 0	571	0	1	1	0	0
0.260	0.500	1.000	-1.082	0.000	716	  56	 100	0	6	 inf	   47.917	   6.231	   0.616	  6.868	 1	571	0	1	1	0	0
0.260	0.500	1.000	-1.082	0.000	835	  56	 1	0	6	 inf	   47.917	   4.219	   0.620	  4.860	 0	571	0	1	1	0	0
0.260	0.500	1.000	-1.082	0.000	835	  56	 100	0	6	 inf	   47.917	   6.608	   0.600	  7.228	 1	571	0	1	1	0	0
0.260	0.500	1.000	-1.082	0.000	955	  56	 1	0	6	 inf	   47.917	   4.566	   0.601	  5.188	 0	571	0	1	1	0	0
0.260	0.500	1.000	-1.082	0.000	955	  56	 100	0	6	 inf	   47.917	   6.946	   0.600	  7.566	 1	571	0	1	1	0	0
0.260	0.500	1.000	-1.082	0.000	1024	  56	 1	0	6	 inf	   47.917	   7.136	   0.605	  7.761	 1	571	0	1	1	0	0


Warnning(3) :The estimated Number  of eigevalues is greater than N= 1024


Feast 3.0:  image size = 32 X 32  ,   # Sub-Intervals= 2

| Sub-Intervals| 		| -1.08 -- -0.258 -- 0 |
| List M0 |   		          | 298 -- 299 |


Parallel Feast Double

h 	 gm 	 fe 	 Emin 	 Emax 	 M0 	 #cnt 	 ratio 	 Meth 	 eps 	 PSNR0  	 PSNR 	 eig(s) 	 Split(s) 	 Total(s) 	 #iter 	 Nh % 	 info	 store_fact 	 cnvgce_trace_Resdl 	 guess_M0 % 	  Run_Q_M0
0.260	0.500	1.000	-1.082	-0.258	298	  56	 1	0	6	 inf	   47.917	   3.671	   3.584	  7.312	 1	571	0	1	1	0	0
0.260	0.500	1.000	-1.082	-0.258	298	  56	 100	0	6	 inf	   47.917	   2.299	   2.542	  4.857	 1	571	0	1	1	0	0
0.260	0.500	1.000	-1.082	-0.258	357	  56	 1	0	6	 inf	   47.917	   2.562	   2.566	  5.141	 0	571	0	1	1	0	0
0.260	0.500	1.000	-1.082	-0.258	357	  56	 100	0	6	 inf	   47.917	   3.669	   2.575	  6.260	 1	571	0	1	1	0	0
0.260	0.500	1.000	-1.082	-0.258	417	  56	 1	0	6	 inf	   47.917	   3.751	   2.569	  6.334	 0	571	0	1	1	0	0
0.260	0.500	1.000	-1.082	-0.258	417	  56	 100	0	6	 inf	   47.917	   4.012	   2.578	  6.606	 1	571	0	1	1	0	0
0.260	0.500	1.000	-1.082	-0.258	476	  56	 1	0	6	 inf	   47.917	   2.859	   2.580	  5.452	 0	571	0	1	1	0	0
0.260	0.500	1.000	-1.082	-0.258	476	  56	 100	0	6	 inf	   47.917	   3.946	   2.575	  6.537	 1	571	0	1	1	0	0
0.260	0.500	1.000	-1.082	-0.258	536	  56	 1	0	6	 inf	   47.917	   3.857	   2.572	  6.444	 0	571	0	1	1	0	0
0.260	0.500	1.000	-1.082	-0.258	536	  56	 100	0	6	 inf	   47.917	   3.950	   2.579	  6.545	 1	571	0	1	1	0	0


Feast 3.0:  image size = 32 X 32  ,   # Sub-Intervals= 4

| Sub-Intervals| 		| -1.08 -- -0.427 -- -0.258 -- -0.133 -- 0 |
| List M0 |   		          | 150 -- 149 -- 150 -- 150 |


Parallel Feast Double

h 	 gm 	 fe 	 Emin 	 Emax 	 M0 	 #cnt 	 ratio 	 Meth 	 eps 	 PSNR0  	 PSNR 	 eig(s) 	 Split(s) 	 Total(s) 	 #iter 	 Nh % 	 info	 store_fact 	 cnvgce_trace_Resdl 	 guess_M0 % 	  Run_Q_M0
0.260	0.500	1.000	-1.082	-0.427	150	  56	 1	0	6	 inf	   47.917	   2.689	   5.858	  8.578	 0	571	3	1	1	0	0
0.260	0.500	1.000	-1.082	-0.427	150	  56	 100	0	6	 inf	   47.895	   3.249	   5.552	  8.815	 2	571	3	1	1	0	0
0.260	0.500	1.000	-1.082	-0.427	180	  56	 1	0	6	 inf	   47.917	   2.710	   5.590	  8.313	 0	571	0	1	1	0	0
0.260	0.500	1.000	-1.082	-0.427	180	  56	 100	0	6	 inf	   47.917	   3.384	   5.604	  9.008	 1	571	0	1	1	0	0
0.260	0.500	1.000	-1.082	-0.427	210	  56	 1	0	6	 inf	   47.917	   2.809	   5.603	  8.425	 0	571	0	1	1	0	0
0.260	0.500	1.000	-1.082	-0.427	210	  56	 100	0	6	 inf	   47.917	   2.799	   5.617	  8.429	 1	571	0	1	1	0	0
0.260	0.500	1.000	-1.082	-0.427	240	  56	 1	0	6	 inf	   47.917	   2.924	   5.632	  8.576	 0	571	0	1	1	0	0
0.260	0.500	1.000	-1.082	-0.427	240	  56	 100	0	6	 inf	   47.917	   3.617	   5.634	  9.272	 0	571	0	1	1	0	0
0.260	0.500	1.000	-1.082	-0.427	270	  56	 1	0	6	 inf	   47.917	   3.063	   5.636	  8.719	 0	571	0	1	1	0	0
0.260	0.500	1.000	-1.082	-0.427	270	  56	 100	0	6	 inf	   47.917	   3.734	   5.643	  9.398	 0	571	0	1	1	0	0


                            The run.sh command was:                                 
##########################################################################################
#!/bin/bash
#SBATCH --account=k1251
#SBATCH --job-name=pfeast_nc32
#SBATCH --output=./sensTV/32/pfeast_nc_32-%j.out
#SBATCH --error=./sensTV/32/errors/pfeast_nc_32-%j.err
#SBATCH --nodes=1
#SBATCH --time=23:59:00


export MKL_NUM_THREADS=32 OMP_NUM_THREADS=32
echo""
echo " MKL_NUM_THREADS=32 OMP_NUM_THREADS=32"
echo""

srun --ntasks=1 --ntasks-per-node=1   ./SCSA_2D2D_dfeast_parallel   -nc 8  --data ../dat_data/img32_Lena32.dat ../dat_data/img32_Lena32.dat  -N 32 -h 0.26 -gm 0.5
srun --ntasks=2 --ntasks-per-node=2 --ntasks-per-socket=1   ./SCSA_2D2D_dfeast_parallel   -nc 8  --data ../dat_data/img32_Lena32.dat ../dat_data/img32_Lena32.dat  -N 32 -h 0.26 -gm 0.5
srun --ntasks=4 --ntasks-per-node=4 --ntasks-per-socket=2   ./SCSA_2D2D_dfeast_parallel   -nc 8  --data ../dat_data/img32_Lena32.dat ../dat_data/img32_Lena32.dat  -N 32 -h 0.26 -gm 0.5

export MKL_NUM_THREADS=16 OMP_NUM_THREADS=16
echo""
echo " MKL_NUM_THREADS=16 OMP_NUM_THREADS=16"
echo""

srun --ntasks=1 --ntasks-per-node=1   ./SCSA_2D2D_dfeast_parallel   -nc 8  --data ../dat_data/img32_Lena32.dat ../dat_data/img32_Lena32.dat  -N 32 -h 0.26 -gm 0.5
srun --ntasks=2 --ntasks-per-node=2 --ntasks-per-socket=1   ./SCSA_2D2D_dfeast_parallel   -nc 8  --data ../dat_data/img32_Lena32.dat ../dat_data/img32_Lena32.dat  -N 32 -h 0.26 -gm 0.5
srun --ntasks=4 --ntasks-per-node=4 --ntasks-per-socket=2   ./SCSA_2D2D_dfeast_parallel   -nc 8  --data ../dat_data/img32_Lena32.dat ../dat_data/img32_Lena32.dat  -N 32 -h 0.26 -gm 0.5

echo""
echo""
echo "                            The run.sh command was:                                 "
echo "##########################################################################################"
cat run_32.sh
