
 MKL_NUM_THREADS=32 OMP_NUM_THREADS=32



Feast 3.0:  image size = 32 X 32  ,   # Sub-Intervals= 1

| Sub-Intervals| 		| -1.08 -- 0 |
| List M0 |   		          | 597 |


Parallel Feast Double

h 	 gm 	 fe 	 Emin 	 Emax 	 M0 	 #cnt 	 ratio 	 Meth 	 eps 	 PSNR0  	 PSNR 	 eig(s) 	 Split(s) 	 Total(s) 	 #iter 	 Nh % 	 info	 store_fact 	 cnvgce_trace_Resdl 	 guess_M0 % 	  Run_Q_M0
0.260	0.500	1.000	-1.082	0.000	597	  56	 1	0	6	 inf	   47.917	   4.845	   1.624	  6.522	 0	571	0	1	1	0	0
0.260	0.500	1.000	-1.082	0.000	597	  56	 100	0	6	 inf	   47.917	   6.008	   0.669	  6.698	 1	571	0	1	1	0	0
0.260	0.500	1.000	-1.082	0.000	716	  56	 1	0	6	 inf	   47.917	   3.596	   0.628	  4.245	 0	571	0	1	1	0	0
0.260	0.500	1.000	-1.082	0.000	716	  56	 100	0	6	 inf	   47.917	   5.605	   0.621	  6.247	 1	571	0	1	1	0	0
0.260	0.500	1.000	-1.082	0.000	835	  56	 1	0	6	 inf	   47.917	   3.784	   0.629	  4.439	 0	571	0	1	1	0	0
0.260	0.500	1.000	-1.082	0.000	835	  56	 100	0	6	 inf	   47.917	   5.794	   0.623	  6.438	 1	571	0	1	1	0	0
0.260	0.500	1.000	-1.082	0.000	955	  56	 1	0	6	 inf	   47.917	   4.071	   0.619	  4.711	 0	571	0	1	1	0	0
0.260	0.500	1.000	-1.082	0.000	955	  56	 100	0	6	 inf	   47.917	   6.065	   0.623	  6.709	 1	571	0	1	1	0	0
0.260	0.500	1.000	-1.082	0.000	1024	  56	 1	0	6	 inf	   47.917	   4.169	   0.617	  4.807	 0	571	0	1	1	0	0


Warnning(3) :The estimated Number  of eigevalues is greater than N= 1024


Feast 3.0:  image size = 32 X 32  ,   # Sub-Intervals= 2

| Sub-Intervals| 		| -1.08 -- -0.258 -- 0 |
| List M0 |   		          | 298 -- 299 |


Parallel Feast Double

h 	 gm 	 fe 	 Emin 	 Emax 	 M0 	 #cnt 	 ratio 	 Meth 	 eps 	 PSNR0  	 PSNR 	 eig(s) 	 Split(s) 	 Total(s) 	 #iter 	 Nh % 	 info	 store_fact 	 cnvgce_trace_Resdl 	 guess_M0 % 	  Run_Q_M0
0.260	0.500	1.000	-1.082	-0.258	298	  56	 1	0	6	 inf	   47.917	   3.291	   3.895	  7.206	 0	571	0	1	1	0	0
0.260	0.500	1.000	-1.082	-0.258	298	  56	 100	0	6	 inf	   47.917	   2.901	   3.624	  6.546	 1	571	0	1	1	0	0
0.260	0.500	1.000	-1.082	-0.258	357	  56	 1	0	6	 inf	   47.917	   3.096	   3.603	  6.713	 0	571	0	1	1	0	0
0.260	0.500	1.000	-1.082	-0.258	357	  56	 100	0	6	 inf	   47.917	   4.380	   3.603	  8.004	 1	571	0	1	1	0	0
0.260	0.500	1.000	-1.082	-0.258	417	  56	 1	0	6	 inf	   47.917	   3.223	   3.606	  6.843	 0	571	0	1	1	0	0
0.260	0.500	1.000	-1.082	-0.258	417	  56	 100	0	6	 inf	   47.917	   3.173	   3.600	  6.794	 0	571	0	1	1	0	0
0.260	0.500	1.000	-1.082	-0.258	476	  56	 1	0	6	 inf	   47.917	   3.343	   3.607	  6.964	 0	571	0	1	1	0	0
0.260	0.500	1.000	-1.082	-0.258	476	  56	 100	0	6	 inf	   47.917	   4.611	   3.595	  8.227	 1	571	0	1	1	0	0
0.260	0.500	1.000	-1.082	-0.258	536	  56	 1	0	6	 inf	   47.917	   4.559	   3.599	  8.180	 0	571	0	1	1	0	0
0.260	0.500	1.000	-1.082	-0.258	536	  56	 100	0	6	 inf	   47.917	   3.530	   3.573	  7.125	 1	571	0	1	1	0	0


Feast 3.0:  image size = 32 X 32  ,   # Sub-Intervals= 4

| Sub-Intervals| 		| -1.08 -- -0.427 -- -0.258 -- -0.133 -- 0 |
| List M0 |   		          | 150 -- 149 -- 150 -- 150 |


Parallel Feast Double

h 	 gm 	 fe 	 Emin 	 Emax 	 M0 	 #cnt 	 ratio 	 Meth 	 eps 	 PSNR0  	 PSNR 	 eig(s) 	 Split(s) 	 Total(s) 	 #iter 	 Nh % 	 info	 store_fact 	 cnvgce_trace_Resdl 	 guess_M0 % 	  Run_Q_M0
0.260	0.500	1.000	-1.082	-0.427	150	  56	 1	0	6	 inf	   47.917	   6.146	   13.351	  19.517	 0	571	3	1	1	0	0
0.260	0.500	1.000	-1.082	-0.427	150	  56	 100	0	6	 inf	   47.895	   5.573	   13.340	  18.927	 2	571	3	1	1	0	0
0.260	0.500	1.000	-1.082	-0.427	180	  56	 1	0	6	 inf	   47.917	   5.984	   13.138	  19.136	 0	571	0	1	1	0	0
0.260	0.500	1.000	-1.082	-0.427	180	  56	 100	0	6	 inf	   47.917	   7.122	   13.323	  20.465	 1	571	0	1	1	0	0
0.260	0.500	1.000	-1.082	-0.427	210	  56	 1	0	6	 inf	   47.917	   5.918	   13.324	  19.255	 0	571	0	1	1	0	0
0.260	0.500	1.000	-1.082	-0.427	210	  56	 100	0	6	 inf	   47.917	   5.915	   13.400	  19.329	 0	571	0	1	1	0	0
0.260	0.500	1.000	-1.082	-0.427	240	  56	 1	0	6	 inf	   47.917	   5.947	   13.357	  19.326	 0	571	0	1	1	0	0
0.260	0.500	1.000	-1.082	-0.427	240	  56	 100	0	6	 inf	   47.917	   7.295	   13.893	  21.202	 1	571	0	1	1	0	0
0.260	0.500	1.000	-1.082	-0.427	270	  56	 1	0	6	 inf	   47.917	   6.529	   12.990	  19.531	 0	571	0	1	1	0	0
0.260	0.500	1.000	-1.082	-0.427	270	  56	 100	0	6	 inf	   47.917	   7.468	   13.357	  20.839	 1	571	0	1	1	0	0

 MKL_NUM_THREADS=16 OMP_NUM_THREADS=16



Feast 3.0:  image size = 32 X 32  ,   # Sub-Intervals= 1

| Sub-Intervals| 		| -1.08 -- 0 |
| List M0 |   		          | 597 |


Parallel Feast Double

h 	 gm 	 fe 	 Emin 	 Emax 	 M0 	 #cnt 	 ratio 	 Meth 	 eps 	 PSNR0  	 PSNR 	 eig(s) 	 Split(s) 	 Total(s) 	 #iter 	 Nh % 	 info	 store_fact 	 cnvgce_trace_Resdl 	 guess_M0 % 	  Run_Q_M0
0.260	0.500	1.000	-1.082	0.000	597	  56	 1	0	6	 inf	   47.917	   8.436	   0.776	  9.238	 2	571	0	1	1	0	0
0.260	0.500	1.000	-1.082	0.000	597	  56	 100	0	6	 inf	   47.917	   3.600	   0.618	  4.239	 0	571	0	1	1	0	0
0.260	0.500	1.000	-1.082	0.000	716	  56	 1	0	6	 inf	   47.917	   3.955	   0.624	  4.599	 0	571	0	1	1	0	0
0.260	0.500	1.000	-1.082	0.000	716	  56	 100	0	6	 inf	   47.917	   6.200	   0.619	  6.840	 1	571	0	1	1	0	0
0.260	0.500	1.000	-1.082	0.000	835	  56	 1	0	6	 inf	   47.917	   6.442	   0.617	  7.080	 1	571	0	1	1	0	0
0.260	0.500	1.000	-1.082	0.000	835	  56	 100	0	6	 inf	   47.917	   6.574	   0.627	  7.222	 1	571	0	1	1	0	0
0.260	0.500	1.000	-1.082	0.000	955	  56	 1	0	6	 inf	   47.917	   4.504	   0.619	  5.145	 0	571	0	1	1	0	0
0.260	0.500	1.000	-1.082	0.000	955	  56	 100	0	6	 inf	   47.917	   4.618	   0.605	  5.244	 0	571	0	1	1	0	0
0.260	0.500	1.000	-1.082	0.000	1024	  56	 1	0	6	 inf	   47.917	   4.734	   0.607	  5.361	 0	571	0	1	1	0	0


Warnning(3) :The estimated Number  of eigevalues is greater than N= 1024


Feast 3.0:  image size = 32 X 32  ,   # Sub-Intervals= 2

| Sub-Intervals| 		| -1.08 -- -0.258 -- 0 |
| List M0 |   		          | 298 -- 299 |


Parallel Feast Double

h 	 gm 	 fe 	 Emin 	 Emax 	 M0 	 #cnt 	 ratio 	 Meth 	 eps 	 PSNR0  	 PSNR 	 eig(s) 	 Split(s) 	 Total(s) 	 #iter 	 Nh % 	 info	 store_fact 	 cnvgce_trace_Resdl 	 guess_M0 % 	  Run_Q_M0
0.260	0.500	1.000	-1.082	-0.258	298	  56	 1	0	6	 inf	   47.917	   3.399	   2.709	  6.128	 1	571	0	1	1	0	0
0.260	0.500	1.000	-1.082	-0.258	298	  56	 100	0	6	 inf	   47.917	   3.312	   2.548	  5.873	 1	571	0	1	1	0	0
0.260	0.500	1.000	-1.082	-0.258	357	  56	 1	0	6	 inf	   47.917	   2.469	   2.568	  5.050	 0	571	0	1	1	0	0
0.260	0.500	1.000	-1.082	-0.258	357	  56	 100	0	6	 inf	   47.917	   3.536	   2.577	  6.129	 1	571	0	1	1	0	0
0.260	0.500	1.000	-1.082	-0.258	417	  56	 1	0	6	 inf	   47.917	   3.762	   2.579	  6.355	 0	571	0	1	1	0	0
0.260	0.500	1.000	-1.082	-0.258	417	  56	 100	0	6	 inf	   47.917	   3.917	   2.578	  6.511	 1	571	0	1	1	0	0
0.260	0.500	1.000	-1.082	-0.258	476	  56	 1	0	6	 inf	   47.917	   4.038	   2.584	  6.638	 0	571	0	1	1	0	0
0.260	0.500	1.000	-1.082	-0.258	476	  56	 100	0	6	 inf	   47.917	   3.991	   2.584	  6.591	 1	571	0	1	1	0	0
0.260	0.500	1.000	-1.082	-0.258	536	  56	 1	0	6	 inf	   47.917	   3.935	   2.579	  6.530	 0	571	0	1	1	0	0
0.260	0.500	1.000	-1.082	-0.258	536	  56	 100	0	6	 inf	   47.917	   3.949	   2.582	  6.547	 1	571	0	1	1	0	0


Feast 3.0:  image size = 32 X 32  ,   # Sub-Intervals= 4

| Sub-Intervals| 		| -1.08 -- -0.427 -- -0.258 -- -0.133 -- 0 |
| List M0 |   		          | 150 -- 149 -- 150 -- 150 |


Parallel Feast Double

h 	 gm 	 fe 	 Emin 	 Emax 	 M0 	 #cnt 	 ratio 	 Meth 	 eps 	 PSNR0  	 PSNR 	 eig(s) 	 Split(s) 	 Total(s) 	 #iter 	 Nh % 	 info	 store_fact 	 cnvgce_trace_Resdl 	 guess_M0 % 	  Run_Q_M0
0.260	0.500	1.000	-1.082	-0.427	150	  56	 1	0	6	 inf	   47.917	   2.687	   5.798	  8.506	 0	571	3	1	1	0	0
0.260	0.500	1.000	-1.082	-0.427	150	  56	 100	0	6	 inf	   47.895	   3.322	   5.608	  8.943	 2	571	3	1	1	0	0
0.260	0.500	1.000	-1.082	-0.427	180	  56	 1	0	6	 inf	   47.917	   3.390	   5.614	  9.016	 0	571	0	1	1	0	0
0.260	0.500	1.000	-1.082	-0.427	180	  56	 100	0	6	 inf	   47.917	   3.469	   5.685	  9.170	 0	571	0	1	1	0	0
0.260	0.500	1.000	-1.082	-0.427	210	  56	 1	0	6	 inf	   47.917	   2.883	   5.672	  8.576	 0	571	0	1	1	0	0
0.260	0.500	1.000	-1.082	-0.427	210	  56	 100	0	6	 inf	   47.917	   3.520	   5.696	  9.237	 0	571	0	1	1	0	0
0.260	0.500	1.000	-1.082	-0.427	240	  56	 1	0	6	 inf	   47.917	   2.978	   5.700	  8.693	 0	571	0	1	1	0	0
0.260	0.500	1.000	-1.082	-0.427	240	  56	 100	0	6	 inf	   47.917	   2.992	   5.692	  8.698	 0	571	0	1	1	0	0
0.260	0.500	1.000	-1.082	-0.427	270	  56	 1	0	6	 inf	   47.917	   3.084	   5.705	  8.807	 0	571	0	1	1	0	0
0.260	0.500	1.000	-1.082	-0.427	270	  56	 100	0	6	 inf	   47.917	   3.741	   5.707	  9.461	 0	571	0	1	1	0	0


                            The run.sh command was:                                 
##########################################################################################
#!/bin/bash
#SBATCH --account=k1251
#SBATCH --job-name=pfeast_nc32
#SBATCH --output=./sensTV/32/pfeast_nc_32-%j.out
#SBATCH --error=./sensTV/32/errors/pfeast_nc_32-%j.err
#SBATCH --nodes=1
#SBATCH --time=23:59:00


export MKL_NUM_THREADS=32 OMP_NUM_THREADS=32
echo""
echo " MKL_NUM_THREADS=32 OMP_NUM_THREADS=32"
echo""

srun --ntasks=1 --ntasks-per-node=1   ./SCSA_2D2D_dfeast_parallel   -nc 8  --data ../dat_data/img32_Lena32.dat ../dat_data/img32_Lena32.dat  -N 32 -h 0.26 -gm 0.5
srun --ntasks=2 --ntasks-per-node=2 --ntasks-per-socket=1   ./SCSA_2D2D_dfeast_parallel   -nc 8  --data ../dat_data/img32_Lena32.dat ../dat_data/img32_Lena32.dat  -N 32 -h 0.26 -gm 0.5
srun --ntasks=4 --ntasks-per-node=4 --ntasks-per-socket=2   ./SCSA_2D2D_dfeast_parallel   -nc 8  --data ../dat_data/img32_Lena32.dat ../dat_data/img32_Lena32.dat  -N 32 -h 0.26 -gm 0.5

export MKL_NUM_THREADS=16 OMP_NUM_THREADS=16
echo""
echo " MKL_NUM_THREADS=16 OMP_NUM_THREADS=16"
echo""

srun --ntasks=1 --ntasks-per-node=1   ./SCSA_2D2D_dfeast_parallel   -nc 8  --data ../dat_data/img32_Lena32.dat ../dat_data/img32_Lena32.dat  -N 32 -h 0.26 -gm 0.5
srun --ntasks=2 --ntasks-per-node=2 --ntasks-per-socket=1   ./SCSA_2D2D_dfeast_parallel   -nc 8  --data ../dat_data/img32_Lena32.dat ../dat_data/img32_Lena32.dat  -N 32 -h 0.26 -gm 0.5
srun --ntasks=4 --ntasks-per-node=4 --ntasks-per-socket=2   ./SCSA_2D2D_dfeast_parallel   -nc 8  --data ../dat_data/img32_Lena32.dat ../dat_data/img32_Lena32.dat  -N 32 -h 0.26 -gm 0.5

echo""
echo""
echo "                            The run.sh command was:                                 "
echo "##########################################################################################"
cat run_32.sh
