 Scan The fastest combinaison 32

 MKL_NUM_THREADS=32 OMP_NUM_THREADS=32




Feast 3.0:  image size = 32 X 32  ,   # Sub-Intervals= 1

| Sub-Intervals| 		| -1.08 -- 0 |
| List M0 |   		          | 597 |


Parallel Feast Double

h 	 gm 	 fe 	 Emin 	 Emax 	 M0 	 #cnt 	 ratio 	 Meth 	 eps 	 PSNR0  	 PSNR 	 eig(s) 	 Split(s) 	 Total(s) 	 #iter 	 Nh % 	 info	 store_fact 	 cnvgce_trace_Resdl 	 guess_M0 % 	  Run_Q_M0
0.260	0.500	1.000	-1.082	0.000	358	  8	 1	0	6	 inf	   15.408	   20.463	   0.835	  21.328	 20	339	2	0	0	0	0
0.260	0.500	1.000	-1.082	0.000	358	  8	 1	0	6	 inf	   15.408	   20.358	   0.638	  21.012	 20	339	2	0	1	0	0
0.260	0.500	1.000	-1.082	0.000	358	  8	 1	0	6	 inf	   15.408	   16.938	   0.639	  17.594	 20	339	2	1	0	0	0
0.260	0.500	1.000	-1.082	0.000	358	  8	 1	0	6	 inf	   15.408	   16.523	   0.637	  17.176	 20	339	2	1	1	0	0
0.260	0.500	1.000	-1.082	0.000	358	  8	 1	0	12	 inf	   15.408	   20.404	   0.645	  21.065	 20	339	2	0	0	0	0
0.260	0.500	1.000	-1.082	0.000	358	  8	 1	0	12	 inf	   15.408	   20.241	   0.640	  20.897	 20	339	2	0	1	0	0
0.260	0.500	1.000	-1.082	0.000	358	  8	 1	0	12	 inf	   15.408	   16.926	   0.650	  17.592	 20	339	2	1	0	0	0
0.260	0.500	1.000	-1.082	0.000	358	  8	 1	0	12	 inf	   15.408	   17.237	   0.642	  17.896	 20	339	2	1	1	0	0
0.260	0.500	1.000	-1.082	0.000	358	  8	 1	1	6	 inf	   15.977	   21.070	   0.652	  21.738	 20	336	2	0	0	0	0
0.260	0.500	1.000	-1.082	0.000	358	  8	 1	1	6	 inf	   15.977	   21.195	   0.651	  21.862	 20	336	2	0	1	0	0
0.260	0.500	1.000	-1.082	0.000	358	  8	 1	1	6	 inf	   15.977	   18.809	   0.663	  19.489	 20	336	2	1	0	0	0
0.260	0.500	1.000	-1.082	0.000	358	  8	 1	1	6	 inf	   15.977	   18.177	   0.665	  18.858	 20	336	2	1	1	0	0
0.260	0.500	1.000	-1.082	0.000	358	  8	 1	1	12	 inf	   15.977	   21.144	   0.651	  21.812	 20	336	2	0	0	0	0
0.260	0.500	1.000	-1.082	0.000	358	  8	 1	1	12	 inf	   15.977	   21.156	   0.654	  21.826	 20	336	2	0	1	0	0
0.260	0.500	1.000	-1.082	0.000	358	  8	 1	1	12	 inf	   15.977	   18.092	   0.656	  18.765	 20	336	2	1	0	0	0
0.260	0.500	1.000	-1.082	0.000	358	  8	 1	1	12	 inf	   15.977	   18.094	   0.654	  18.764	 20	336	2	1	1	0	0
0.260	0.500	1.000	-1.082	0.000	358	  8	 1	2	6	 inf	   17.235	   3.047	   0.651	  3.715	 2	358	3	0	0	0	0
0.260	0.500	1.000	-1.082	0.000	358	  8	 1	2	6	 inf	   17.235	   3.125	   0.652	  3.790	 2	358	3	0	1	0	0
0.260	0.500	1.000	-1.082	0.000	358	  8	 1	2	6	 inf	   17.235	   2.788	   0.653	  3.454	 2	358	3	1	0	0	0
0.260	0.500	1.000	-1.082	0.000	358	  8	 1	2	6	 inf	   17.235	   2.694	   0.648	  3.356	 2	358	3	1	1	0	0
0.260	0.500	1.000	-1.082	0.000	358	  8	 1	2	12	 inf	   17.235	   3.152	   0.651	  3.816	 2	358	3	0	0	0	0
0.260	0.500	1.000	-1.082	0.000	358	  8	 1	2	12	 inf	   17.235	   3.159	   0.647	  3.819	 2	358	3	0	1	0	0
0.260	0.500	1.000	-1.082	0.000	358	  8	 1	2	12	 inf	   17.235	   2.776	   0.648	  3.437	 2	358	3	1	0	0	0
0.260	0.500	1.000	-1.082	0.000	358	  8	 1	2	12	 inf	   17.235	   2.754	   0.650	  3.418	 2	358	3	1	1	0	0
0.260	0.500	1.000	-1.082	0.000	358	  8	 100	0	6	 inf	   17.461	   3.121	   0.652	  3.786	 2	358	3	0	0	0	0
0.260	0.500	1.000	-1.082	0.000	358	  8	 100	0	6	 inf	   17.461	   3.140	   0.657	  3.810	 2	358	3	0	1	0	0
0.260	0.500	1.000	-1.082	0.000	358	  8	 100	0	6	 inf	   17.461	   2.766	   0.653	  3.433	 2	358	3	1	0	0	0
0.260	0.500	1.000	-1.082	0.000	358	  8	 100	0	6	 inf	   17.461	   2.749	   0.651	  3.414	 2	358	3	1	1	0	0
0.260	0.500	1.000	-1.082	0.000	358	  8	 100	0	12	 inf	   17.461	   3.133	   0.648	  3.795	 2	358	3	0	0	0	0
0.260	0.500	1.000	-1.082	0.000	358	  8	 100	0	12	 inf	   17.461	   3.149	   0.647	  3.810	 2	358	3	0	1	0	0
0.260	0.500	1.000	-1.082	0.000	358	  8	 100	0	12	 inf	   17.461	   2.765	   0.652	  3.431	 2	358	3	1	0	0	0
0.260	0.500	1.000	-1.082	0.000	358	  8	 100	0	12	 inf	   17.461	   2.758	   0.646	  3.418	 2	358	3	1	1	0	0
0.260	0.500	1.000	-1.082	0.000	358	  8	 100	1	6	 inf	   18.335	   3.118	   0.655	  3.786	 2	358	3	0	0	0	0
0.260	0.500	1.000	-1.082	0.000	358	  8	 100	1	6	 inf	   18.335	   3.147	   0.653	  3.814	 2	358	3	0	1	0	0
0.260	0.500	1.000	-1.082	0.000	358	  8	 100	1	6	 inf	   18.335	   2.498	   0.646	  3.157	 2	358	3	1	0	0	0
0.260	0.500	1.000	-1.082	0.000	358	  8	 100	1	6	 inf	   18.335	   2.613	   0.652	  3.278	 2	358	3	1	1	0	0
0.260	0.500	1.000	-1.082	0.000	358	  8	 100	1	12	 inf	   18.335	   3.251	   0.655	  3.919	 2	358	3	0	0	0	0
0.260	0.500	1.000	-1.082	0.000	358	  8	 100	1	12	 inf	   18.335	   3.177	   0.654	  3.844	 2	358	3	0	1	0	0
0.260	0.500	1.000	-1.082	0.000	358	  8	 100	1	12	 inf	   18.335	   2.779	   0.651	  3.444	 2	358	3	1	0	0	0
0.260	0.500	1.000	-1.082	0.000	358	  8	 100	1	12	 inf	   18.335	   2.780	   0.652	  3.446	 2	358	3	1	1	0	0
0.260	0.500	1.000	-1.082	0.000	358	  8	 100	2	6	 inf	   17.235	   3.139	   0.647	  3.800	 2	358	3	0	0	0	0
0.260	0.500	1.000	-1.082	0.000	358	  8	 100	2	6	 inf	   17.235	   3.153	   0.647	  3.813	 2	358	3	0	1	0	0
0.260	0.500	1.000	-1.082	0.000	358	  8	 100	2	6	 inf	   17.235	   2.766	   0.654	  3.433	 2	358	3	1	0	0	0
0.260	0.500	1.000	-1.082	0.000	358	  8	 100	2	6	 inf	   17.235	   2.757	   0.646	  3.417	 2	358	3	1	1	0	0
0.260	0.500	1.000	-1.082	0.000	358	  8	 100	2	12	 inf	   17.235	   3.126	   0.653	  3.792	 2	358	3	0	0	0	0
0.260	0.500	1.000	-1.082	0.000	358	  8	 100	2	12	 inf	   17.235	   3.134	   0.662	  3.817	 2	358	3	0	1	0	0
0.260	0.500	1.000	-1.082	0.000	358	  8	 100	2	12	 inf	   17.235	   2.767	   0.646	  3.426	 2	358	3	1	0	0	0
0.260	0.500	1.000	-1.082	0.000	358	  8	 100	2	12	 inf	   17.235	   2.754	   0.657	  3.425	 2	358	3	1	1	0	0
0.260	0.500	1.000	-1.082	0.000	358	  56	 1	0	6	 inf	   14.530	   50.559	   0.648	  51.220	 20	313	2	0	0	0	0
0.260	0.500	1.000	-1.082	0.000	358	  56	 1	0	6	 inf	   14.530	   50.760	   0.650	  51.426	 20	313	2	0	1	0	0
0.260	0.500	1.000	-1.082	0.000	358	  56	 1	0	6	 inf	   14.530	   29.396	   0.656	  30.069	 20	313	2	1	0	0	0
0.260	0.500	1.000	-1.082	0.000	358	  56	 1	0	6	 inf	   14.530	   26.642	   0.675	  27.333	 20	313	2	1	1	0	0
0.260	0.500	1.000	-1.082	0.000	358	  56	 1	0	12	 inf	   14.530	   50.384	   0.650	  51.050	 20	313	2	0	0	0	0
0.260	0.500	1.000	-1.082	0.000	358	  56	 1	0	12	 inf	   14.530	   50.506	   0.651	  51.174	 20	313	2	0	1	0	0
0.260	0.500	1.000	-1.082	0.000	358	  56	 1	0	12	 inf	   14.530	   26.588	   0.649	  27.254	 20	313	2	1	0	0	0
0.260	0.500	1.000	-1.082	0.000	358	  56	 1	0	12	 inf	   14.530	   26.548	   0.651	  27.216	 20	313	2	1	1	0	0
0.260	0.500	1.000	-1.082	0.000	358	  56	 1	1	6	 inf	   15.113	   50.392	   0.655	  51.064	 20	314	2	0	0	0	0
0.260	0.500	1.000	-1.082	0.000	358	  56	 1	1	6	 inf	   15.113	   50.565	   0.655	  51.237	 20	314	2	0	1	0	0
0.260	0.500	1.000	-1.082	0.000	358	  56	 1	1	6	 inf	   15.113	   26.510	   0.652	  27.179	 20	314	2	1	0	0	0
0.260	0.500	1.000	-1.082	0.000	358	  56	 1	1	6	 inf	   15.113	   26.547	   0.650	  27.213	 20	314	2	1	1	0	0
0.260	0.500	1.000	-1.082	0.000	358	  56	 1	1	12	 inf	   15.113	   50.401	   0.650	  51.068	 20	314	2	0	0	0	0
0.260	0.500	1.000	-1.082	0.000	358	  56	 1	1	12	 inf	   15.113	   50.551	   0.654	  51.222	 20	314	2	0	1	0	0
0.260	0.500	1.000	-1.082	0.000	358	  56	 1	1	12	 inf	   15.113	   26.523	   0.654	  27.193	 20	314	2	1	0	0	0
0.260	0.500	1.000	-1.082	0.000	358	  56	 1	1	12	 inf	   15.113	   26.546	   0.655	  27.218	 20	314	2	1	1	0	0
0.260	0.500	1.000	-1.082	0.000	358	  56	 1	2	6	 inf	   17.244	   7.345	   0.651	  8.012	 2	358	3	0	0	0	0
0.260	0.500	1.000	-1.082	0.000	358	  56	 1	2	6	 inf	   17.244	   7.196	   0.648	  7.858	 2	358	3	0	1	0	0
0.260	0.500	1.000	-1.082	0.000	358	  56	 1	2	6	 inf	   17.244	   4.910	   0.653	  5.576	 2	358	3	1	0	0	0
0.260	0.500	1.000	-1.082	0.000	358	  56	 1	2	6	 inf	   17.244	   4.944	   0.650	  5.608	 2	358	3	1	1	0	0
0.260	0.500	1.000	-1.082	0.000	358	  56	 1	2	12	 inf	   17.244	   6.976	   0.650	  7.639	 2	358	3	0	0	0	0
0.260	0.500	1.000	-1.082	0.000	358	  56	 1	2	12	 inf	   17.244	   7.081	   0.656	  7.751	 2	358	3	0	1	0	0
0.260	0.500	1.000	-1.082	0.000	358	  56	 1	2	12	 inf	   17.244	   4.852	   0.653	  5.519	 2	358	3	1	0	0	0
0.260	0.500	1.000	-1.082	0.000	358	  56	 1	2	12	 inf	   17.244	   4.665	   0.651	  5.329	 2	358	3	1	1	0	0
0.260	0.500	1.000	-1.082	0.000	358	  56	 100	0	6	 inf	   17.243	   7.185	   0.650	  7.848	 2	358	3	0	0	0	0
0.260	0.500	1.000	-1.082	0.000	358	  56	 100	0	6	 inf	   17.243	   7.163	   0.650	  7.826	 2	358	3	0	1	0	0
0.260	0.500	1.000	-1.082	0.000	358	  56	 100	0	6	 inf	   17.243	   4.908	   0.652	  5.573	 2	358	3	1	0	0	0
0.260	0.500	1.000	-1.082	0.000	358	  56	 100	0	6	 inf	   17.243	   4.940	   0.655	  5.609	 2	358	3	1	1	0	0
0.260	0.500	1.000	-1.082	0.000	358	  56	 100	0	12	 inf	   17.243	   7.177	   0.661	  7.861	 2	358	3	0	0	0	0
0.260	0.500	1.000	-1.082	0.000	358	  56	 100	0	12	 inf	   17.243	   7.150	   0.652	  7.815	 2	358	3	0	1	0	0
0.260	0.500	1.000	-1.082	0.000	358	  56	 100	0	12	 inf	   17.243	   4.910	   0.658	  5.581	 2	358	3	1	0	0	0
0.260	0.500	1.000	-1.082	0.000	358	  56	 100	0	12	 inf	   17.243	   4.945	   0.649	  5.607	 2	358	3	1	1	0	0
0.260	0.500	1.000	-1.082	0.000	358	  56	 100	1	6	 inf	   17.392	   7.180	   0.651	  7.844	 2	358	3	0	0	0	0
0.260	0.500	1.000	-1.082	0.000	358	  56	 100	1	6	 inf	   17.392	   7.149	   0.658	  7.821	 2	358	3	0	1	0	0
0.260	0.500	1.000	-1.082	0.000	358	  56	 100	1	6	 inf	   17.392	   4.916	   0.652	  5.581	 2	358	3	1	0	0	0
0.260	0.500	1.000	-1.082	0.000	358	  56	 100	1	6	 inf	   17.392	   4.937	   0.650	  5.601	 2	358	3	1	1	0	0
0.260	0.500	1.000	-1.082	0.000	358	  56	 100	1	12	 inf	   17.392	   7.185	   0.653	  7.851	 2	358	3	0	0	0	0
0.260	0.500	1.000	-1.082	0.000	358	  56	 100	1	12	 inf	   17.392	   7.156	   0.652	  7.822	 2	358	3	0	1	0	0
0.260	0.500	1.000	-1.082	0.000	358	  56	 100	1	12	 inf	   17.392	   4.771	   0.648	  5.432	 2	358	3	1	0	0	0
0.260	0.500	1.000	-1.082	0.000	358	  56	 100	1	12	 inf	   17.392	   4.868	   0.657	  5.539	 2	358	3	1	1	0	0
0.260	0.500	1.000	-1.082	0.000	358	  56	 100	2	6	 inf	   17.244	   7.210	   0.648	  7.872	 2	358	3	0	0	0	0
0.260	0.500	1.000	-1.082	0.000	358	  56	 100	2	6	 inf	   17.244	   7.317	   0.648	  7.979	 2	358	3	0	1	0	0
0.260	0.500	1.000	-1.082	0.000	358	  56	 100	2	6	 inf	   17.244	   4.945	   0.649	  5.608	 2	358	3	1	0	0	0
0.260	0.500	1.000	-1.082	0.000	358	  56	 100	2	6	 inf	   17.244	   4.943	   0.659	  5.616	 2	358	3	1	1	0	0
0.260	0.500	1.000	-1.082	0.000	358	  56	 100	2	12	 inf	   17.244	   7.192	   0.647	  7.852	 2	358	3	0	0	0	0
0.260	0.500	1.000	-1.082	0.000	358	  56	 100	2	12	 inf	   17.244	   7.322	   0.648	  7.984	 2	358	3	0	1	0	0
0.260	0.500	1.000	-1.082	0.000	358	  56	 100	2	12	 inf	   17.244	   4.946	   0.647	  5.607	 2	358	3	1	0	0	0
0.260	0.500	1.000	-1.082	0.000	358	  56	 100	2	12	 inf	   17.244	   4.941	   0.656	  5.611	 2	358	3	1	1	0	0
0.260	0.500	1.000	-1.082	0.000	597	  8	 1	0	6	 inf	   47.917	   5.412	   0.649	  6.079	 2	571	0	0	0	0	0
0.260	0.500	1.000	-1.082	0.000	597	  8	 1	0	6	 inf	   47.917	   5.244	   0.647	  5.911	 2	571	0	0	1	0	0
0.260	0.500	1.000	-1.082	0.000	597	  8	 1	0	6	 inf	   47.917	   4.849	   0.643	  5.513	 2	571	0	1	0	0	0
0.260	0.500	1.000	-1.082	0.000	597	  8	 1	0	6	 inf	   47.917	   4.860	   0.644	  5.525	 2	571	0	1	1	0	0
0.260	0.500	1.000	-1.082	0.000	597	  8	 1	0	12	 inf	   47.917	   6.934	   0.642	  7.597	 3	571	0	0	0	0	0
0.260	0.500	1.000	-1.082	0.000	597	  8	 1	0	12	 inf	   47.917	   8.636	   0.646	  9.303	 4	571	0	0	1	0	0
0.260	0.500	1.000	-1.082	0.000	597	  8	 1	0	12	 inf	   47.917	   6.401	   0.645	  7.067	 3	571	0	1	0	0	0
0.260	0.500	1.000	-1.082	0.000	597	  8	 1	0	12	 inf	   47.917	   7.934	   0.648	  8.603	 4	571	0	1	1	0	0
0.260	0.500	1.000	-1.082	0.000	597	  8	 1	1	6	 inf	   47.917	   6.902	   0.650	  7.572	 3	571	0	0	0	0	0
0.260	0.500	1.000	-1.082	0.000	597	  8	 1	1	6	 inf	   47.917	   8.665	   0.646	  9.332	 4	571	0	0	1	0	0
0.260	0.500	1.000	-1.082	0.000	597	  8	 1	1	6	 inf	   47.917	   6.422	   0.651	  7.094	 3	571	0	1	0	0	0
0.260	0.500	1.000	-1.082	0.000	597	  8	 1	1	6	 inf	   47.917	   7.943	   0.655	  8.618	 4	571	0	1	1	0	0
0.260	0.500	1.000	-1.082	0.000	597	  8	 1	1	12	 inf	   47.917	   10.381	   0.649	  11.051	 5	571	0	0	0	0	0
0.260	0.500	1.000	-1.082	0.000	597	  8	 1	1	12	 inf	   47.917	   15.508	   0.655	  16.184	 8	571	0	0	1	0	0
0.260	0.500	1.000	-1.082	0.000	597	  8	 1	1	12	 inf	   47.917	   9.461	   0.655	  10.138	 5	571	0	1	0	0	0
0.260	0.500	1.000	-1.082	0.000	597	  8	 1	1	12	 inf	   47.917	   14.066	   0.656	  14.743	 8	571	0	1	1	0	0
0.260	0.500	1.000	-1.082	0.000	597	  8	 1	2	6	 inf	   47.917	   6.891	   0.653	  7.566	 3	571	0	0	0	0	0
0.260	0.500	1.000	-1.082	0.000	597	  8	 1	2	6	 inf	   47.917	   6.937	   0.652	  7.610	 3	571	0	0	1	0	0
0.260	0.500	1.000	-1.082	0.000	597	  8	 1	2	6	 inf	   47.917	   6.358	   0.654	  7.034	 3	571	0	1	0	0	0
0.260	0.500	1.000	-1.082	0.000	597	  8	 1	2	6	 inf	   47.917	   6.417	   0.653	  7.091	 3	571	0	1	1	0	0
0.260	0.500	1.000	-1.082	0.000	597	  8	 1	2	12	 inf	   47.917	   8.650	   0.655	  9.327	 4	571	0	0	0	0	0
0.260	0.500	1.000	-1.082	0.000	597	  8	 1	2	12	 inf	   47.917	   12.061	   0.647	  12.729	 6	571	0	0	1	0	0
0.260	0.500	1.000	-1.082	0.000	597	  8	 1	2	12	 inf	   47.917	   7.915	   0.652	  8.589	 4	571	0	1	0	0	0
0.260	0.500	1.000	-1.082	0.000	597	  8	 1	2	12	 inf	   47.917	   10.982	   0.654	  11.657	 6	571	0	1	1	0	0
0.260	0.500	1.000	-1.082	0.000	597	  8	 100	0	6	 inf	   47.917	   8.681	   0.651	  9.353	 4	571	0	0	0	0	0
0.260	0.500	1.000	-1.082	0.000	597	  8	 100	0	6	 inf	   47.917	   8.631	   0.649	  9.301	 4	571	0	0	1	0	0
0.260	0.500	1.000	-1.082	0.000	597	  8	 100	0	6	 inf	   47.917	   7.914	   0.654	  8.588	 4	571	0	1	0	0	0
0.260	0.500	1.000	-1.082	0.000	597	  8	 100	0	6	 inf	   47.917	   7.945	   0.650	  8.616	 4	571	0	1	1	0	0
0.260	0.500	1.000	-1.082	0.000	597	  8	 100	0	12	 inf	   47.917	   12.079	   0.652	  12.752	 6	571	0	0	0	0	0
0.260	0.500	1.000	-1.082	0.000	597	  8	 100	0	12	 inf	   47.917	   17.229	   0.655	  17.906	 9	571	0	0	1	0	0
0.260	0.500	1.000	-1.082	0.000	597	  8	 100	0	12	 inf	   47.917	   11.055	   0.653	  11.729	 6	571	0	1	0	0	0
0.260	0.500	1.000	-1.082	0.000	597	  8	 100	0	12	 inf	   47.917	   15.617	   0.649	  16.287	 9	571	0	1	1	0	0
0.260	0.500	1.000	-1.082	0.000	597	  8	 100	1	6	 inf	   47.917	   25.799	   0.660	  26.483	 14	571	0	0	0	0	0
0.260	0.500	1.000	-1.082	0.000	597	  8	 100	1	6	 inf	   47.917	   36.159	   0.652	  36.833	 20	571	2	0	1	0	0
0.260	0.500	1.000	-1.082	0.000	597	  8	 100	1	6	 inf	   47.917	   23.278	   0.654	  23.953	 14	571	0	1	0	0	0
0.260	0.500	1.000	-1.082	0.000	597	  8	 100	1	6	 inf	   47.917	   32.415	   0.656	  33.093	 20	571	2	1	1	0	0
0.260	0.500	1.000	-1.082	0.000	597	  8	 100	1	12	 inf	   47.917	   36.208	   0.658	  36.889	 20	571	2	0	0	0	0
0.260	0.500	1.000	-1.082	0.000	597	  8	 100	1	12	 inf	   47.917	   36.159	   0.655	  36.835	 20	571	2	0	1	0	0
0.260	0.500	1.000	-1.082	0.000	597	  8	 100	1	12	 inf	   47.917	   32.477	   0.654	  33.152	 20	571	2	1	0	0	0
0.260	0.500	1.000	-1.082	0.000	597	  8	 100	1	12	 inf	   47.917	   32.638	   0.654	  33.315	 20	571	2	1	1	0	0
0.260	0.500	1.000	-1.082	0.000	597	  8	 100	2	6	 inf	   47.917	   6.923	   0.655	  7.599	 3	571	0	0	0	0	0
0.260	0.500	1.000	-1.082	0.000	597	  8	 100	2	6	 inf	   47.917	   6.921	   0.651	  7.593	 3	571	0	0	1	0	0
0.260	0.500	1.000	-1.082	0.000	597	  8	 100	2	6	 inf	   47.917	   6.410	   0.650	  7.081	 3	571	0	1	0	0	0
0.260	0.500	1.000	-1.082	0.000	597	  8	 100	2	6	 inf	   47.917	   6.342	   0.650	  7.014	 3	571	0	1	1	0	0
0.260	0.500	1.000	-1.082	0.000	597	  8	 100	2	12	 inf	   47.917	   8.618	   0.649	  9.289	 4	571	0	0	0	0	0
0.260	0.500	1.000	-1.082	0.000	597	  8	 100	2	12	 inf	   47.917	   12.058	   0.653	  12.733	 6	571	0	0	1	0	0
0.260	0.500	1.000	-1.082	0.000	597	  8	 100	2	12	 inf	   47.917	   7.906	   0.649	  8.577	 4	571	0	1	0	0	0
0.260	0.500	1.000	-1.082	0.000	597	  8	 100	2	12	 inf	   47.917	   10.994	   0.655	  11.670	 6	571	0	1	1	0	0
0.260	0.500	1.000	-1.082	0.000	597	  56	 1	0	6	 inf	   47.917	   6.463	   0.648	  7.132	 1	571	0	0	0	0	0
0.260	0.500	1.000	-1.082	0.000	597	  56	 1	0	6	 inf	   47.917	   3.318	   0.653	  3.993	 0	571	0	0	1	0	0
0.260	0.500	1.000	-1.082	0.000	597	  56	 1	0	6	 inf	   47.917	   5.276	   0.654	  5.952	 1	571	0	1	0	0	0
0.260	0.500	1.000	-1.082	0.000	597	  56	 1	0	6	 inf	   47.917	   3.316	   0.647	  3.984	 0	571	0	1	1	0	0
0.260	0.500	1.000	-1.082	0.000	597	  56	 1	0	12	 inf	   47.917	   9.671	   0.654	  10.346	 2	571	0	0	0	0	0
0.260	0.500	1.000	-1.082	0.000	597	  56	 1	0	12	 inf	   47.917	   9.726	   0.655	  10.403	 2	571	0	0	1	0	0
0.260	0.500	1.000	-1.082	0.000	597	  56	 1	0	12	 inf	   47.917	   7.193	   0.649	  7.863	 2	571	0	1	0	0	0
0.260	0.500	1.000	-1.082	0.000	597	  56	 1	0	12	 inf	   47.917	   7.229	   0.651	  7.901	 2	571	0	1	1	0	0
0.260	0.500	1.000	-1.082	0.000	597	  56	 1	1	6	 inf	   47.917	   6.504	   0.653	  7.178	 1	571	0	0	0	0	0
0.260	0.500	1.000	-1.082	0.000	597	  56	 1	1	6	 inf	   47.917	   3.281	   0.649	  3.951	 0	571	0	0	1	0	0
0.260	0.500	1.000	-1.082	0.000	597	  56	 1	1	6	 inf	   47.917	   7.320	   0.655	  8.001	 2	571	0	1	0	0	0
0.260	0.500	1.000	-1.082	0.000	597	  56	 1	1	6	 inf	   47.917	   5.347	   0.649	  6.017	 1	571	0	1	1	0	0
0.260	0.500	1.000	-1.082	0.000	597	  56	 1	1	12	 inf	   47.917	   9.749	   0.650	  10.421	 2	571	0	0	0	0	0
0.260	0.500	1.000	-1.082	0.000	597	  56	 1	1	12	 inf	   47.917	   6.543	   0.649	  7.214	 1	571	0	0	1	0	0
0.260	0.500	1.000	-1.082	0.000	597	  56	 1	1	12	 inf	   47.917	   7.323	   0.665	  8.014	 2	571	0	1	0	0	0
0.260	0.500	1.000	-1.082	0.000	597	  56	 1	1	12	 inf	   47.917	   5.324	   0.652	  5.997	 1	571	0	1	1	0	0
0.260	0.500	1.000	-1.082	0.000	597	  56	 1	2	6	 inf	   47.917	   6.388	   0.663	  7.078	 1	571	0	0	0	0	0
0.260	0.500	1.000	-1.082	0.000	597	  56	 1	2	6	 inf	   47.917	   3.250	   0.656	  3.927	 0	571	0	0	1	0	0
0.260	0.500	1.000	-1.082	0.000	597	  56	 1	2	6	 inf	   47.917	   7.191	   0.651	  7.863	 2	571	0	1	0	0	0
0.260	0.500	1.000	-1.082	0.000	597	  56	 1	2	6	 inf	   47.917	   5.250	   0.656	  5.928	 1	571	0	1	1	0	0
0.260	0.500	1.000	-1.082	0.000	597	  56	 1	2	12	 inf	   47.917	   9.667	   0.648	  10.337	 2	571	0	0	0	0	0
0.260	0.500	1.000	-1.082	0.000	597	  56	 1	2	12	 inf	   47.917	   9.655	   0.656	  10.332	 2	571	0	0	1	0	0
0.260	0.500	1.000	-1.082	0.000	597	  56	 1	2	12	 inf	   47.917	   7.147	   0.649	  7.817	 2	571	0	1	0	0	0
0.260	0.500	1.000	-1.082	0.000	597	  56	 1	2	12	 inf	   47.917	   7.156	   0.652	  7.830	 2	571	0	1	1	0	0
0.260	0.500	1.000	-1.082	0.000	597	  56	 100	0	6	 inf	   47.917	   6.549	   0.652	  7.222	 1	571	0	0	0	0	0
0.260	0.500	1.000	-1.082	0.000	597	  56	 100	0	6	 inf	   47.917	   6.501	   0.651	  7.174	 1	571	0	0	1	0	0
0.260	0.500	1.000	-1.082	0.000	597	  56	 100	0	6	 inf	   47.917	   7.332	   0.650	  8.004	 2	571	0	1	0	0	0
0.260	0.500	1.000	-1.082	0.000	597	  56	 100	0	6	 inf	   47.917	   3.330	   0.652	  4.004	 0	571	0	1	1	0	0
0.260	0.500	1.000	-1.082	0.000	597	  56	 100	0	12	 inf	   47.917	   9.855	   0.647	  10.523	 2	571	0	0	0	0	0
0.260	0.500	1.000	-1.082	0.000	597	  56	 100	0	12	 inf	   47.917	   6.569	   0.653	  7.243	 1	571	0	0	1	0	0
0.260	0.500	1.000	-1.082	0.000	597	  56	 100	0	12	 inf	   47.917	   7.365	   0.653	  8.040	 2	571	0	1	0	0	0
0.260	0.500	1.000	-1.082	0.000	597	  56	 100	0	12	 inf	   47.917	   5.351	   0.654	  6.026	 1	571	0	1	1	0	0
0.260	0.500	1.000	-1.082	0.000	597	  56	 100	1	6	 inf	   47.917	   9.807	   0.652	  10.481	 2	571	0	0	0	0	0
0.260	0.500	1.000	-1.082	0.000	597	  56	 100	1	6	 inf	   47.917	   13.092	   0.648	  13.760	 3	571	0	0	1	0	0
0.260	0.500	1.000	-1.082	0.000	597	  56	 100	1	6	 inf	   47.917	   7.351	   0.649	  8.022	 2	571	0	1	0	0	0
0.260	0.500	1.000	-1.082	0.000	597	  56	 100	1	6	 inf	   47.917	   9.358	   0.651	  10.031	 3	571	0	1	1	0	0
0.260	0.500	1.000	-1.082	0.000	597	  56	 100	1	12	 inf	   47.917	   16.310	   0.651	  16.984	 4	571	0	0	0	0	0
0.260	0.500	1.000	-1.082	0.000	597	  56	 100	1	12	 inf	   47.917	   19.610	   0.649	  20.280	 5	571	0	0	1	0	0
0.260	0.500	1.000	-1.082	0.000	597	  56	 100	1	12	 inf	   47.917	   11.315	   0.648	  11.985	 4	571	0	1	0	0	0
0.260	0.500	1.000	-1.082	0.000	597	  56	 100	1	12	 inf	   47.917	   13.343	   0.647	  14.011	 5	571	0	1	1	0	0
0.260	0.500	1.000	-1.082	0.000	597	  56	 100	2	6	 inf	   47.917	   6.414	   0.648	  7.083	 1	571	0	0	0	0	0
0.260	0.500	1.000	-1.082	0.000	597	  56	 100	2	6	 inf	   47.917	   3.271	   0.648	  3.941	 0	571	0	0	1	0	0
0.260	0.500	1.000	-1.082	0.000	597	  56	 100	2	6	 inf	   47.917	   5.183	   0.649	  5.854	 1	571	0	1	0	0	0
0.260	0.500	1.000	-1.082	0.000	597	  56	 100	2	6	 inf	   47.917	   5.218	   0.647	  5.887	 1	571	0	1	1	0	0
0.260	0.500	1.000	-1.082	0.000	597	  56	 100	2	12	 inf	   47.917	   6.431	   0.650	  7.103	 1	571	0	0	0	0	0
0.260	0.500	1.000	-1.082	0.000	597	  56	 100	2	12	 inf	   47.917	   9.620	   0.649	  10.291	 2	571	0	0	1	0	0
0.260	0.500	1.000	-1.082	0.000	597	  56	 100	2	12	 inf	   47.917	   7.221	   0.650	  7.892	 2	571	0	1	0	0	0
0.260	0.500	1.000	-1.082	0.000	597	  56	 100	2	12	 inf	   47.917	   5.303	   0.649	  5.974	 1	571	0	1	1	0	0
0.260	0.500	1.000	-1.082	0.000	835	  8	 1	0	6	 inf	   47.917	   6.677	   0.649	  7.347	 2	571	0	0	0	0	0
0.260	0.500	1.000	-1.082	0.000	835	  8	 1	0	6	 inf	   47.917	   4.538	   0.642	  5.201	 1	571	0	0	1	0	0
0.260	0.500	1.000	-1.082	0.000	835	  8	 1	0	6	 inf	   47.917	   6.382	   0.620	  7.022	 2	571	0	1	0	0	0
0.260	0.500	1.000	-1.082	0.000	835	  8	 1	0	6	 inf	   47.917	   4.361	   0.642	  5.024	 1	571	0	1	1	0	0
0.260	0.500	1.000	-1.082	0.000	835	  8	 1	0	12	 inf	   47.917	   6.743	   0.642	  7.406	 2	571	0	0	0	0	0
0.260	0.500	1.000	-1.082	0.000	835	  8	 1	0	12	 inf	   47.917	   6.751	   0.610	  7.382	 2	571	0	0	1	0	0
0.260	0.500	1.000	-1.082	0.000	835	  8	 1	0	12	 inf	   47.917	   6.370	   0.616	  7.007	 2	571	0	1	0	0	0
0.260	0.500	1.000	-1.082	0.000	835	  8	 1	0	12	 inf	   47.917	   6.511	   0.644	  7.175	 2	571	0	1	1	0	0
0.260	0.500	1.000	-1.082	0.000	835	  8	 1	1	6	 inf	   47.917	   6.798	   0.654	  7.473	 2	571	0	0	0	0	0
0.260	0.500	1.000	-1.082	0.000	835	  8	 1	1	6	 inf	   47.917	   4.540	   0.620	  5.181	 1	571	0	0	1	0	0
0.260	0.500	1.000	-1.082	0.000	835	  8	 1	1	6	 inf	   47.917	   6.303	   0.638	  6.962	 2	571	0	1	0	0	0
0.260	0.500	1.000	-1.082	0.000	835	  8	 1	1	6	 inf	   47.917	   4.202	   0.639	  4.862	 1	571	0	1	1	0	0
0.260	0.500	1.000	-1.082	0.000	835	  8	 1	1	12	 inf	   47.917	   6.707	   0.636	  7.364	 2	571	0	0	0	0	0
0.260	0.500	1.000	-1.082	0.000	835	  8	 1	1	12	 inf	   47.917	   6.581	   0.643	  7.245	 2	571	0	0	1	0	0
0.260	0.500	1.000	-1.082	0.000	835	  8	 1	1	12	 inf	   47.917	   6.313	   0.650	  6.984	 2	571	0	1	0	0	0
0.260	0.500	1.000	-1.082	0.000	835	  8	 1	1	12	 inf	   47.917	   6.204	   0.644	  6.869	 2	571	0	1	1	0	0
0.260	0.500	1.000	-1.082	0.000	835	  8	 1	2	6	 inf	   47.917	   7.007	   0.642	  7.670	 2	571	0	0	0	0	0
0.260	0.500	1.000	-1.082	0.000	835	  8	 1	2	6	 inf	   47.917	   6.979	   0.646	  7.646	 2	571	0	0	1	0	0
0.260	0.500	1.000	-1.082	0.000	835	  8	 1	2	6	 inf	   47.917	   6.649	   0.644	  7.315	 2	571	0	1	0	0	0
0.260	0.500	1.000	-1.082	0.000	835	  8	 1	2	6	 inf	   47.917	   6.623	   0.638	  7.282	 2	571	0	1	1	0	0
0.260	0.500	1.000	-1.082	0.000	835	  8	 1	2	12	 inf	   47.917	   11.593	   0.639	  12.253	 4	571	0	0	0	0	0
0.260	0.500	1.000	-1.082	0.000	835	  8	 1	2	12	 inf	   47.917	   13.943	   0.648	  14.612	 5	571	0	0	1	0	0
0.260	0.500	1.000	-1.082	0.000	835	  8	 1	2	12	 inf	   47.917	   10.921	   0.641	  11.584	 4	571	0	1	0	0	0
0.260	0.500	1.000	-1.082	0.000	835	  8	 1	2	12	 inf	   47.917	   13.004	   0.645	  13.669	 5	571	0	1	1	0	0
0.260	0.500	1.000	-1.082	0.000	835	  8	 100	0	6	 inf	   47.917	   6.941	   0.641	  7.603	 2	571	0	0	0	0	0
0.260	0.500	1.000	-1.082	0.000	835	  8	 100	0	6	 inf	   47.917	   4.654	   0.642	  5.318	 1	571	0	0	1	0	0
0.260	0.500	1.000	-1.082	0.000	835	  8	 100	0	6	 inf	   47.917	   6.668	   0.642	  7.331	 2	571	0	1	0	0	0
0.260	0.500	1.000	-1.082	0.000	835	  8	 100	0	6	 inf	   47.917	   4.489	   0.644	  5.154	 1	571	0	1	1	0	0
0.260	0.500	1.000	-1.082	0.000	835	  8	 100	0	12	 inf	   47.917	   6.960	   0.657	  7.653	 2	571	0	0	0	0	0
0.260	0.500	1.000	-1.082	0.000	835	  8	 100	0	12	 inf	   47.917	   9.330	   0.649	  10.000	 3	571	0	0	1	0	0
0.260	0.500	1.000	-1.082	0.000	835	  8	 100	0	12	 inf	   47.917	   6.658	   0.647	  7.326	 2	571	0	1	0	0	0
0.260	0.500	1.000	-1.082	0.000	835	  8	 100	0	12	 inf	   47.917	   8.747	   0.643	  9.411	 3	571	0	1	1	0	0
0.260	0.500	1.000	-1.082	0.000	835	  8	 100	1	6	 inf	   47.917	   6.973	   0.638	  7.633	 2	571	0	0	0	0	0
0.260	0.500	1.000	-1.082	0.000	835	  8	 100	1	6	 inf	   47.917	   7.027	   0.645	  7.693	 2	571	0	0	1	0	0
0.260	0.500	1.000	-1.082	0.000	835	  8	 100	1	6	 inf	   47.917	   6.651	   0.647	  7.319	 2	571	0	1	0	0	0
0.260	0.500	1.000	-1.082	0.000	835	  8	 100	1	6	 inf	   47.917	   6.617	   0.655	  7.298	 2	571	0	1	1	0	0
0.260	0.500	1.000	-1.082	0.000	835	  8	 100	1	12	 inf	   47.917	   9.329	   0.643	  9.993	 3	571	0	0	0	0	0
0.260	0.500	1.000	-1.082	0.000	835	  8	 100	1	12	 inf	   47.917	   11.599	   0.643	  12.263	 4	571	0	0	1	0	0
0.260	0.500	1.000	-1.082	0.000	835	  8	 100	1	12	 inf	   47.917	   8.771	   0.642	  9.434	 3	571	0	1	0	0	0
0.260	0.500	1.000	-1.082	0.000	835	  8	 100	1	12	 inf	   47.917	   10.882	   0.654	  11.562	 4	571	0	1	1	0	0
0.260	0.500	1.000	-1.082	0.000	835	  8	 100	2	6	 inf	   47.917	   6.990	   0.643	  7.655	 2	571	0	0	0	0	0
0.260	0.500	1.000	-1.082	0.000	835	  8	 100	2	6	 inf	   47.917	   6.953	   0.645	  7.619	 2	571	0	0	1	0	0
0.260	0.500	1.000	-1.082	0.000	835	  8	 100	2	6	 inf	   47.917	   6.648	   0.643	  7.312	 2	571	0	1	0	0	0
0.260	0.500	1.000	-1.082	0.000	835	  8	 100	2	6	 inf	   47.917	   6.606	   0.644	  7.271	 2	571	0	1	1	0	0
0.260	0.500	1.000	-1.082	0.000	835	  8	 100	2	12	 inf	   47.917	   11.625	   0.638	  12.284	 4	571	0	0	0	0	0
0.260	0.500	1.000	-1.082	0.000	835	  8	 100	2	12	 inf	   47.917	   13.921	   0.651	  14.599	 5	571	0	0	1	0	0
0.260	0.500	1.000	-1.082	0.000	835	  8	 100	2	12	 inf	   47.917	   10.912	   0.645	  11.579	 4	571	0	1	0	0	0
0.260	0.500	1.000	-1.082	0.000	835	  8	 100	2	12	 inf	   47.917	   12.997	   0.643	  13.662	 5	571	0	1	1	0	0
0.260	0.500	1.000	-1.082	0.000	835	  56	 1	0	6	 inf	   47.917	   6.965	   0.645	  7.635	 1	571	0	0	0	0	0
0.260	0.500	1.000	-1.082	0.000	835	  56	 1	0	6	 inf	   47.917	   3.757	   0.654	  4.438	 0	571	0	0	1	0	0
0.260	0.500	1.000	-1.082	0.000	835	  56	 1	0	6	 inf	   47.917	   7.665	   0.640	  8.326	 2	571	0	1	0	0	0
0.260	0.500	1.000	-1.082	0.000	835	  56	 1	0	6	 inf	   47.917	   3.839	   0.645	  4.505	 0	571	0	1	1	0	0
0.260	0.500	1.000	-1.082	0.000	835	  56	 1	0	12	 inf	   47.917	   10.102	   0.642	  10.766	 2	571	0	0	0	0	0
0.260	0.500	1.000	-1.082	0.000	835	  56	 1	0	12	 inf	   47.917	   10.160	   0.645	  10.826	 2	571	0	0	1	0	0
0.260	0.500	1.000	-1.082	0.000	835	  56	 1	0	12	 inf	   47.917	   7.603	   0.646	  8.270	 2	571	0	1	0	0	0
0.260	0.500	1.000	-1.082	0.000	835	  56	 1	0	12	 inf	   47.917	   5.716	   0.646	  6.383	 1	571	0	1	1	0	0
0.260	0.500	1.000	-1.082	0.000	835	  56	 1	1	6	 inf	   47.917	   6.972	   0.644	  7.638	 1	571	0	0	0	0	0
0.260	0.500	1.000	-1.082	0.000	835	  56	 1	1	6	 inf	   47.917	   6.957	   0.647	  7.626	 1	571	0	0	1	0	0
0.260	0.500	1.000	-1.082	0.000	835	  56	 1	1	6	 inf	   47.917	   7.756	   0.648	  8.426	 2	571	0	1	0	0	0
0.260	0.500	1.000	-1.082	0.000	835	  56	 1	1	6	 inf	   47.917	   5.764	   0.644	  6.429	 1	571	0	1	1	0	0
0.260	0.500	1.000	-1.082	0.000	835	  56	 1	1	12	 inf	   47.917	   10.192	   0.641	  10.854	 2	571	0	0	0	0	0
0.260	0.500	1.000	-1.082	0.000	835	  56	 1	1	12	 inf	   47.917	   6.948	   0.640	  7.609	 1	571	0	0	1	0	0
0.260	0.500	1.000	-1.082	0.000	835	  56	 1	1	12	 inf	   47.917	   7.856	   0.644	  8.521	 2	571	0	1	0	0	0
0.260	0.500	1.000	-1.082	0.000	835	  56	 1	1	12	 inf	   47.917	   5.787	   0.641	  6.450	 1	571	0	1	1	0	0
0.260	0.500	1.000	-1.082	0.000	835	  56	 1	2	6	 inf	   47.917	   10.074	   0.649	  10.745	 2	571	0	0	0	0	0
0.260	0.500	1.000	-1.082	0.000	835	  56	 1	2	6	 inf	   47.917	   3.762	   0.640	  4.423	 0	571	0	0	1	0	0
0.260	0.500	1.000	-1.082	0.000	835	  56	 1	2	6	 inf	   47.917	   5.697	   0.645	  6.364	 1	571	0	1	0	0	0
0.260	0.500	1.000	-1.082	0.000	835	  56	 1	2	6	 inf	   47.917	   3.839	   0.643	  4.503	 0	571	0	1	1	0	0
0.260	0.500	1.000	-1.082	0.000	835	  56	 1	2	12	 inf	   47.917	   10.037	   0.645	  10.703	 2	571	0	0	0	0	0
0.260	0.500	1.000	-1.082	0.000	835	  56	 1	2	12	 inf	   47.917	   10.038	   0.639	  10.698	 2	571	0	0	1	0	0
0.260	0.500	1.000	-1.082	0.000	835	  56	 1	2	12	 inf	   47.917	   7.667	   0.642	  8.331	 2	571	0	1	0	0	0
0.260	0.500	1.000	-1.082	0.000	835	  56	 1	2	12	 inf	   47.917	   5.746	   0.638	  6.405	 1	571	0	1	1	0	0
0.260	0.500	1.000	-1.082	0.000	835	  56	 100	0	6	 inf	   47.917	   10.253	   0.647	  10.921	 2	571	0	0	0	0	0
0.260	0.500	1.000	-1.082	0.000	835	  56	 100	0	6	 inf	   47.917	   6.985	   0.657	  7.668	 1	571	0	0	1	0	0
0.260	0.500	1.000	-1.082	0.000	835	  56	 100	0	6	 inf	   47.917	   7.789	   0.645	  8.456	 2	571	0	1	0	0	0
0.260	0.500	1.000	-1.082	0.000	835	  56	 100	0	6	 inf	   47.917	   5.802	   0.648	  6.471	 1	571	0	1	1	0	0
0.260	0.500	1.000	-1.082	0.000	835	  56	 100	0	12	 inf	   47.917	   10.273	   0.639	  10.933	 2	571	0	0	0	0	0
0.260	0.500	1.000	-1.082	0.000	835	  56	 100	0	12	 inf	   47.917	   7.016	   0.641	  7.677	 1	571	0	0	1	0	0
0.260	0.500	1.000	-1.082	0.000	835	  56	 100	0	12	 inf	   47.917	   7.880	   0.649	  8.550	 2	571	0	1	0	0	0
0.260	0.500	1.000	-1.082	0.000	835	  56	 100	0	12	 inf	   47.917	   5.784	   0.639	  6.444	 1	571	0	1	1	0	0
0.260	0.500	1.000	-1.082	0.000	835	  56	 100	1	6	 inf	   47.917	   10.659	   0.646	  11.327	 2	571	0	0	0	0	0
0.260	0.500	1.000	-1.082	0.000	835	  56	 100	1	6	 inf	   47.917	   7.313	   0.640	  7.974	 1	571	0	0	1	0	0
0.260	0.500	1.000	-1.082	0.000	835	  56	 100	1	6	 inf	   47.917	   6.142	   0.642	  6.805	 1	571	0	1	0	0	0
0.260	0.500	1.000	-1.082	0.000	835	  56	 100	1	6	 inf	   47.917	   6.155	   0.649	  6.830	 1	571	0	1	1	0	0
0.260	0.500	1.000	-1.082	0.000	835	  56	 100	1	12	 inf	   47.917	   10.774	   0.647	  11.442	 2	571	0	0	0	0	0
0.260	0.500	1.000	-1.082	0.000	835	  56	 100	1	12	 inf	   47.917	   7.318	   0.642	  7.981	 1	571	0	0	1	0	0
0.260	0.500	1.000	-1.082	0.000	835	  56	 100	1	12	 inf	   47.917	   8.372	   0.641	  9.034	 2	571	0	1	0	0	0
0.260	0.500	1.000	-1.082	0.000	835	  56	 100	1	12	 inf	   47.917	   6.149	   0.641	  6.811	 1	571	0	1	1	0	0
0.260	0.500	1.000	-1.082	0.000	835	  56	 100	2	6	 inf	   47.917	   6.930	   0.644	  7.596	 1	571	0	0	0	0	0
0.260	0.500	1.000	-1.082	0.000	835	  56	 100	2	6	 inf	   47.917	   3.787	   0.641	  4.449	 0	571	0	0	1	0	0
0.260	0.500	1.000	-1.082	0.000	835	  56	 100	2	6	 inf	   47.917	   7.671	   0.643	  8.336	 2	571	0	1	0	0	0
0.260	0.500	1.000	-1.082	0.000	835	  56	 100	2	6	 inf	   47.917	   3.848	   0.642	  4.511	 0	571	0	1	1	0	0
0.260	0.500	1.000	-1.082	0.000	835	  56	 100	2	12	 inf	   47.917	   10.039	   0.645	  10.705	 2	571	0	0	0	0	0
0.260	0.500	1.000	-1.082	0.000	835	  56	 100	2	12	 inf	   47.917	   6.844	   0.652	  7.522	 1	571	0	0	1	0	0
0.260	0.500	1.000	-1.082	0.000	835	  56	 100	2	12	 inf	   47.917	   7.642	   0.644	  8.307	 2	571	0	1	0	0	0
0.260	0.500	1.000	-1.082	0.000	835	  56	 100	2	12	 inf	   47.917	   5.753	   0.641	  6.416	 1	571	0	1	1	0	0
0.260	0.500	1.000	-1.082	0.000	1024	  8	 1	0	6	 inf	   47.917	   6.992	   0.644	  7.657	 2	571	0	0	0	0	0


Warnning(3) :The estimated Number  of eigevalues is greater than N= 1024


Feast 3.0:  image size = 32 X 32  ,   # Sub-Intervals= 2

| Sub-Intervals| 		| -1.08 -- -0.258 -- 0 |
| List M0 |   		          | 298 -- 299 |


Parallel Feast Double

h 	 gm 	 fe 	 Emin 	 Emax 	 M0 	 #cnt 	 ratio 	 Meth 	 eps 	 PSNR0  	 PSNR 	 eig(s) 	 Split(s) 	 Total(s) 	 #iter 	 Nh % 	 info	 store_fact 	 cnvgce_trace_Resdl 	 guess_M0 % 	  Run_Q_M0
0.260	0.500	1.000	-1.082	-0.258	178	  8	 1	0	6	 inf	   15.662	   12.195	   5.039	  17.292	 20	331	4	0	0	0	0
0.260	0.500	1.000	-1.082	-0.258	178	  8	 1	0	6	 inf	   15.662	   11.365	   3.661	  15.047	 20	331	4	0	1	0	0
0.260	0.500	1.000	-1.082	-0.258	178	  8	 1	0	6	 inf	   15.662	   6.251	   3.658	  9.930	 20	331	4	1	0	0	0
0.260	0.500	1.000	-1.082	-0.258	178	  8	 1	0	6	 inf	   15.662	   6.481	   3.660	  10.162	 20	331	4	1	1	0	0
0.260	0.500	1.000	-1.082	-0.258	178	  8	 1	0	12	 inf	   15.662	   11.668	   3.659	  15.347	 20	331	4	0	0	0	0
0.260	0.500	1.000	-1.082	-0.258	178	  8	 1	0	12	 inf	   15.662	   11.462	   3.653	  15.135	 20	331	4	0	1	0	0
0.260	0.500	1.000	-1.082	-0.258	178	  8	 1	0	12	 inf	   15.662	   6.521	   3.659	  10.200	 20	331	4	1	0	0	0
0.260	0.500	1.000	-1.082	-0.258	178	  8	 1	0	12	 inf	   15.662	   6.547	   3.668	  10.236	 20	331	4	1	1	0	0
0.260	0.500	1.000	-1.082	-0.258	178	  8	 1	1	6	 inf	   16.002	   11.456	   3.670	  15.147	 20	333	4	0	0	0	0
0.260	0.500	1.000	-1.082	-0.258	178	  8	 1	1	6	 inf	   16.002	   11.340	   3.722	  15.083	 20	333	4	0	1	0	0
0.260	0.500	1.000	-1.082	-0.258	178	  8	 1	1	6	 inf	   16.002	   6.324	   3.699	  10.037	 20	333	4	1	0	0	0
0.260	0.500	1.000	-1.082	-0.258	178	  8	 1	1	6	 inf	   16.002	   6.314	   3.698	  10.026	 20	333	4	1	1	0	0
0.260	0.500	1.000	-1.082	-0.258	178	  8	 1	1	12	 inf	   16.002	   11.224	   3.699	  14.937	 20	333	4	0	0	0	0
0.260	0.500	1.000	-1.082	-0.258	178	  8	 1	1	12	 inf	   16.002	   11.209	   3.696	  14.918	 20	333	4	0	1	0	0
0.260	0.500	1.000	-1.082	-0.258	178	  8	 1	1	12	 inf	   16.002	   6.324	   3.696	  10.033	 20	333	4	1	0	0	0
0.260	0.500	1.000	-1.082	-0.258	178	  8	 1	1	12	 inf	   16.002	   6.333	   3.697	  10.044	 20	333	4	1	1	0	0
0.260	0.500	1.000	-1.082	-0.258	178	  8	 1	2	6	 inf	   17.155	   1.633	   3.699	  5.353	 2	357	6	0	0	0	0
0.260	0.500	1.000	-1.082	-0.258	178	  8	 1	2	6	 inf	   17.155	   1.640	   3.694	  5.355	 2	357	6	0	1	0	0
0.260	0.500	1.000	-1.082	-0.258	178	  8	 1	2	6	 inf	   17.155	   1.144	   3.693	  4.858	 2	357	6	1	0	0	0
0.260	0.500	1.000	-1.082	-0.258	178	  8	 1	2	6	 inf	   17.155	   1.149	   3.692	  4.862	 2	357	6	1	1	0	0
0.260	0.500	1.000	-1.082	-0.258	178	  8	 1	2	12	 inf	   17.155	   1.634	   3.692	  5.347	 2	357	6	0	0	0	0
0.260	0.500	1.000	-1.082	-0.258	178	  8	 1	2	12	 inf	   17.155	   1.641	   3.691	  5.353	 2	357	6	0	1	0	0
0.260	0.500	1.000	-1.082	-0.258	178	  8	 1	2	12	 inf	   17.155	   1.152	   3.692	  4.864	 2	357	6	1	0	0	0
0.260	0.500	1.000	-1.082	-0.258	178	  8	 1	2	12	 inf	   17.155	   1.150	   3.693	  4.864	 2	357	6	1	1	0	0
0.260	0.500	1.000	-1.082	-0.258	178	  8	 100	0	6	 inf	   17.263	   1.631	   3.690	  5.342	 2	357	6	0	0	0	0
0.260	0.500	1.000	-1.082	-0.258	178	  8	 100	0	6	 inf	   17.263	   1.628	   3.688	  5.337	 2	357	6	0	1	0	0
0.260	0.500	1.000	-1.082	-0.258	178	  8	 100	0	6	 inf	   17.263	   1.150	   3.688	  4.859	 2	357	6	1	0	0	0
0.260	0.500	1.000	-1.082	-0.258	178	  8	 100	0	6	 inf	   17.263	   1.148	   3.689	  4.858	 2	357	6	1	1	0	0
0.260	0.500	1.000	-1.082	-0.258	178	  8	 100	0	12	 inf	   17.263	   1.622	   3.691	  5.333	 2	357	6	0	0	0	0
0.260	0.500	1.000	-1.082	-0.258	178	  8	 100	0	12	 inf	   17.263	   1.629	   3.687	  5.337	 2	357	6	0	1	0	0
0.260	0.500	1.000	-1.082	-0.258	178	  8	 100	0	12	 inf	   17.263	   1.149	   3.692	  4.862	 2	357	6	1	0	0	0
0.260	0.500	1.000	-1.082	-0.258	178	  8	 100	0	12	 inf	   17.263	   1.149	   3.689	  4.859	 2	357	6	1	1	0	0
0.260	0.500	1.000	-1.082	-0.258	178	  8	 100	1	6	 inf	   17.541	   1.626	   3.687	  5.335	 2	357	6	0	0	0	0
0.260	0.500	1.000	-1.082	-0.258	178	  8	 100	1	6	 inf	   17.541	   1.628	   3.687	  5.336	 2	357	6	0	1	0	0
0.260	0.500	1.000	-1.082	-0.258	178	  8	 100	1	6	 inf	   17.541	   1.147	   3.687	  4.855	 2	357	6	1	0	0	0
0.260	0.500	1.000	-1.082	-0.258	178	  8	 100	1	6	 inf	   17.541	   1.144	   3.688	  4.853	 2	357	6	1	1	0	0
0.260	0.500	1.000	-1.082	-0.258	178	  8	 100	1	12	 inf	   17.541	   1.625	   3.685	  5.331	 2	357	6	0	0	0	0
0.260	0.500	1.000	-1.082	-0.258	178	  8	 100	1	12	 inf	   17.541	   1.622	   3.686	  5.329	 2	357	6	0	1	0	0
0.260	0.500	1.000	-1.082	-0.258	178	  8	 100	1	12	 inf	   17.541	   1.148	   3.700	  4.878	 2	357	6	1	0	0	0
0.260	0.500	1.000	-1.082	-0.258	178	  8	 100	1	12	 inf	   17.541	   1.142	   3.686	  4.850	 2	357	6	1	1	0	0
0.260	0.500	1.000	-1.082	-0.258	178	  8	 100	2	6	 inf	   17.155	   1.628	   3.684	  5.333	 2	357	6	0	0	0	0
0.260	0.500	1.000	-1.082	-0.258	178	  8	 100	2	6	 inf	   17.155	   1.626	   3.686	  5.333	 2	357	6	0	1	0	0
0.260	0.500	1.000	-1.082	-0.258	178	  8	 100	2	6	 inf	   17.155	   1.145	   3.684	  4.850	 2	357	6	1	0	0	0
0.260	0.500	1.000	-1.082	-0.258	178	  8	 100	2	6	 inf	   17.155	   1.154	   3.684	  4.859	 2	357	6	1	1	0	0
0.260	0.500	1.000	-1.082	-0.258	178	  8	 100	2	12	 inf	   17.155	   1.629	   3.684	  5.334	 2	357	6	0	0	0	0
0.260	0.500	1.000	-1.082	-0.258	178	  8	 100	2	12	 inf	   17.155	   1.631	   3.683	  5.335	 2	357	6	0	1	0	0
0.260	0.500	1.000	-1.082	-0.258	178	  8	 100	2	12	 inf	   17.155	   1.147	   3.685	  4.853	 2	357	6	1	0	0	0
0.260	0.500	1.000	-1.082	-0.258	178	  8	 100	2	12	 inf	   17.155	   1.147	   3.682	  4.850	 2	357	6	1	1	0	0
0.260	0.500	1.000	-1.082	-0.258	178	  56	 1	0	6	 inf	   15.040	   48.827	   3.685	  52.533	 20	317	4	0	0	0	0
0.260	0.500	1.000	-1.082	-0.258	178	  56	 1	0	6	 inf	   15.040	   48.916	   3.667	  52.597	 20	317	4	0	1	0	0
0.260	0.500	1.000	-1.082	-0.258	178	  56	 1	0	6	 inf	   15.040	   14.137	   3.666	  17.816	 20	317	4	1	0	0	0
0.260	0.500	1.000	-1.082	-0.258	178	  56	 1	0	6	 inf	   15.040	   14.060	   3.667	  17.741	 20	317	4	1	1	0	0
0.260	0.500	1.000	-1.082	-0.258	178	  56	 1	0	12	 inf	   15.040	   48.874	   3.670	  52.558	 20	317	4	0	0	0	0
0.260	0.500	1.000	-1.082	-0.258	178	  56	 1	0	12	 inf	   15.040	   48.908	   3.669	  52.590	 20	317	4	0	1	0	0
0.260	0.500	1.000	-1.082	-0.258	178	  56	 1	0	12	 inf	   15.040	   14.284	   3.665	  17.963	 20	317	4	1	0	0	0
0.260	0.500	1.000	-1.082	-0.258	178	  56	 1	0	12	 inf	   15.040	   14.199	   3.668	  17.880	 20	317	4	1	1	0	0
0.260	0.500	1.000	-1.082	-0.258	178	  56	 1	1	6	 inf	   15.138	   48.856	   3.670	  52.539	 20	310	4	0	0	0	0
0.260	0.500	1.000	-1.082	-0.258	178	  56	 1	1	6	 inf	   15.138	   48.797	   3.667	  52.478	 20	310	4	0	1	0	0
0.260	0.500	1.000	-1.082	-0.258	178	  56	 1	1	6	 inf	   15.138	   14.062	   3.670	  17.745	 20	310	4	1	0	0	0
0.260	0.500	1.000	-1.082	-0.258	178	  56	 1	1	6	 inf	   15.138	   14.122	   3.663	  17.798	 20	310	4	1	1	0	0
0.260	0.500	1.000	-1.082	-0.258	178	  56	 1	1	12	 inf	   15.138	   48.664	   3.672	  52.350	 20	310	4	0	0	0	0
0.260	0.500	1.000	-1.082	-0.258	178	  56	 1	1	12	 inf	   15.138	   48.607	   3.673	  52.294	 20	310	4	0	1	0	0
0.260	0.500	1.000	-1.082	-0.258	178	  56	 1	1	12	 inf	   15.138	   14.191	   3.665	  17.870	 20	310	4	1	0	0	0
0.260	0.500	1.000	-1.082	-0.258	178	  56	 1	1	12	 inf	   15.138	   14.111	   3.668	  17.793	 20	310	4	1	1	0	0
0.260	0.500	1.000	-1.082	-0.258	178	  56	 1	2	6	 inf	   17.163	   6.950	   3.673	  10.636	 2	357	6	0	0	0	0
0.260	0.500	1.000	-1.082	-0.258	178	  56	 1	2	6	 inf	   17.163	   6.950	   3.670	  10.633	 2	357	6	0	1	0	0
0.260	0.500	1.000	-1.082	-0.258	178	  56	 1	2	6	 inf	   17.163	   3.561	   3.664	  7.238	 2	357	6	1	0	0	0
0.260	0.500	1.000	-1.082	-0.258	178	  56	 1	2	6	 inf	   17.163	   3.569	   3.666	  7.248	 2	357	6	1	1	0	0
0.260	0.500	1.000	-1.082	-0.258	178	  56	 1	2	12	 inf	   17.163	   6.961	   3.665	  10.647	 2	357	6	0	0	0	0
0.260	0.500	1.000	-1.082	-0.258	178	  56	 1	2	12	 inf	   17.163	   6.964	   3.664	  10.646	 2	357	6	0	1	0	0
0.260	0.500	1.000	-1.082	-0.258	178	  56	 1	2	12	 inf	   17.163	   3.576	   3.669	  7.259	 2	357	6	1	0	0	0
0.260	0.500	1.000	-1.082	-0.258	178	  56	 1	2	12	 inf	   17.163	   3.547	   3.662	  7.230	 2	357	6	1	1	0	0
0.260	0.500	1.000	-1.082	-0.258	178	  56	 100	0	6	 inf	   17.162	   6.909	   3.665	  10.595	 2	357	6	0	0	0	0
0.260	0.500	1.000	-1.082	-0.258	178	  56	 100	0	6	 inf	   17.162	   6.931	   3.667	  10.611	 2	357	6	0	1	0	0
0.260	0.500	1.000	-1.082	-0.258	178	  56	 100	0	6	 inf	   17.162	   3.552	   3.669	  7.243	 2	357	6	1	0	0	0
0.260	0.500	1.000	-1.082	-0.258	178	  56	 100	0	6	 inf	   17.162	   3.542	   3.668	  7.231	 2	357	6	1	1	0	0
0.260	0.500	1.000	-1.082	-0.258	178	  56	 100	0	12	 inf	   17.162	   6.926	   3.674	  10.613	 2	357	6	0	0	0	0
0.260	0.500	1.000	-1.082	-0.258	178	  56	 100	0	12	 inf	   17.162	   6.917	   3.667	  10.604	 2	357	6	0	1	0	0
0.260	0.500	1.000	-1.082	-0.258	178	  56	 100	0	12	 inf	   17.162	   3.538	   3.669	  7.220	 2	357	6	1	0	0	0
0.260	0.500	1.000	-1.082	-0.258	178	  56	 100	0	12	 inf	   17.162	   3.537	   3.664	  7.222	 2	357	6	1	1	0	0
0.260	0.500	1.000	-1.082	-0.258	178	  56	 100	1	6	 inf	   17.229	   6.910	   3.665	  10.595	 2	357	6	0	0	0	0
0.260	0.500	1.000	-1.082	-0.258	178	  56	 100	1	6	 inf	   17.229	   6.920	   3.668	  10.609	 2	357	6	0	1	0	0
0.260	0.500	1.000	-1.082	-0.258	178	  56	 100	1	6	 inf	   17.229	   3.540	   3.667	  7.228	 2	357	6	1	0	0	0
0.260	0.500	1.000	-1.082	-0.258	178	  56	 100	1	6	 inf	   17.229	   3.534	   3.662	  7.216	 2	357	6	1	1	0	0
0.260	0.500	1.000	-1.082	-0.258	178	  56	 100	1	12	 inf	   17.229	   6.906	   3.667	  10.586	 2	357	6	0	0	0	0
0.260	0.500	1.000	-1.082	-0.258	178	  56	 100	1	12	 inf	   17.229	   7.026	   3.728	  10.776	 2	357	6	0	1	0	0
0.260	0.500	1.000	-1.082	-0.258	178	  56	 100	1	12	 inf	   17.229	   3.543	   3.662	  7.225	 2	357	6	1	0	0	0
0.260	0.500	1.000	-1.082	-0.258	178	  56	 100	1	12	 inf	   17.229	   3.545	   3.667	  7.225	 2	357	6	1	1	0	0
0.260	0.500	1.000	-1.082	-0.258	178	  56	 100	2	6	 inf	   17.163	   6.939	   3.664	  10.624	 2	357	6	0	0	0	0
0.260	0.500	1.000	-1.082	-0.258	178	  56	 100	2	6	 inf	   17.163	   6.957	   3.668	  10.647	 2	357	6	0	1	0	0
0.260	0.500	1.000	-1.082	-0.258	178	  56	 100	2	6	 inf	   17.163	   3.564	   3.666	  7.251	 2	357	6	1	0	0	0
0.260	0.500	1.000	-1.082	-0.258	178	  56	 100	2	6	 inf	   17.163	   3.550	   3.672	  7.243	 2	357	6	1	1	0	0
0.260	0.500	1.000	-1.082	-0.258	178	  56	 100	2	12	 inf	   17.163	   6.939	   3.667	  10.620	 2	357	6	0	0	0	0
0.260	0.500	1.000	-1.082	-0.258	178	  56	 100	2	12	 inf	   17.163	   6.943	   3.674	  10.630	 2	357	6	0	1	0	0
0.260	0.500	1.000	-1.082	-0.258	178	  56	 100	2	12	 inf	   17.163	   3.551	   3.671	  7.236	 2	357	6	1	0	0	0
0.260	0.500	1.000	-1.082	-0.258	178	  56	 100	2	12	 inf	   17.163	   3.543	   3.663	  7.219	 2	357	6	1	1	0	0
0.260	0.500	1.000	-1.082	-0.258	298	  8	 1	0	6	 inf	   47.917	   2.819	   3.665	  6.504	 2	571	0	0	0	0	0
0.260	0.500	1.000	-1.082	-0.258	298	  8	 1	0	6	 inf	   47.917	   2.737	   3.602	  6.353	 2	571	0	0	1	0	0
0.260	0.500	1.000	-1.082	-0.258	298	  8	 1	0	6	 inf	   47.917	   2.324	   3.606	  5.944	 2	571	0	1	0	0	0
0.260	0.500	1.000	-1.082	-0.258	298	  8	 1	0	6	 inf	   47.917	   2.364	   3.587	  5.965	 2	571	0	1	1	0	0
0.260	0.500	1.000	-1.082	-0.258	298	  8	 1	0	12	 inf	   47.917	   3.785	   3.585	  7.391	 3	571	0	0	0	0	0
0.260	0.500	1.000	-1.082	-0.258	298	  8	 1	0	12	 inf	   47.917	   4.711	   3.607	  8.340	 4	571	0	0	1	0	0
0.260	0.500	1.000	-1.082	-0.258	298	  8	 1	0	12	 inf	   47.917	   3.180	   3.633	  6.835	 3	571	0	1	0	0	0
0.260	0.500	1.000	-1.082	-0.258	298	  8	 1	0	12	 inf	   47.917	   2.984	   3.659	  6.665	 4	571	0	1	1	0	0
0.260	0.500	1.000	-1.082	-0.258	298	  8	 1	1	6	 inf	   47.917	   3.783	   3.661	  7.457	 4	571	0	0	0	0	0
0.260	0.500	1.000	-1.082	-0.258	298	  8	 1	1	6	 inf	   47.917	   4.727	   3.664	  8.405	 4	571	0	0	1	0	0
0.260	0.500	1.000	-1.082	-0.258	298	  8	 1	1	6	 inf	   47.917	   3.021	   3.656	  6.691	 4	571	0	1	0	0	0
0.260	0.500	1.000	-1.082	-0.258	298	  8	 1	1	6	 inf	   47.917	   3.731	   3.660	  7.405	 4	571	0	1	1	0	0
0.260	0.500	1.000	-1.082	-0.258	298	  8	 1	1	12	 inf	   47.917	   5.682	   3.658	  9.354	 5	571	0	0	0	0	0
0.260	0.500	1.000	-1.082	-0.258	298	  8	 1	1	12	 inf	   47.917	   8.385	   3.659	  12.059	 9	571	0	0	1	0	0
0.260	0.500	1.000	-1.082	-0.258	298	  8	 1	1	12	 inf	   47.917	   4.435	   3.662	  8.110	 5	571	0	1	0	0	0
0.260	0.500	1.000	-1.082	-0.258	298	  8	 1	1	12	 inf	   47.917	   6.535	   3.664	  10.213	 9	571	0	1	1	0	0
0.260	0.500	1.000	-1.082	-0.258	298	  8	 1	2	6	 inf	   47.917	   3.750	   3.662	  7.425	 3	571	0	0	0	0	0
0.260	0.500	1.000	-1.082	-0.258	298	  8	 1	2	6	 inf	   47.917	   3.765	   3.658	  7.444	 3	571	0	0	1	0	0
0.260	0.500	1.000	-1.082	-0.258	298	  8	 1	2	6	 inf	   47.917	   3.029	   3.660	  6.703	 3	571	0	1	0	0	0
0.260	0.500	1.000	-1.082	-0.258	298	  8	 1	2	6	 inf	   47.917	   3.057	   3.663	  6.742	 3	571	0	1	1	0	0
0.260	0.500	1.000	-1.082	-0.258	298	  8	 1	2	12	 inf	   47.917	   5.591	   3.663	  9.268	 5	571	0	0	0	0	0
0.260	0.500	1.000	-1.082	-0.258	298	  8	 1	2	12	 inf	   47.917	   6.534	   3.671	  10.226	 7	571	0	0	1	0	0
0.260	0.500	1.000	-1.082	-0.258	298	  8	 1	2	12	 inf	   47.917	   4.448	   3.661	  8.123	 5	571	0	1	0	0	0
0.260	0.500	1.000	-1.082	-0.258	298	  8	 1	2	12	 inf	   47.917	   5.050	   3.662	  8.734	 7	571	0	1	1	0	0
0.260	0.500	1.000	-1.082	-0.258	298	  8	 100	0	6	 inf	   47.917	   4.662	   3.659	  8.335	 4	571	0	0	0	0	0
0.260	0.500	1.000	-1.082	-0.258	298	  8	 100	0	6	 inf	   47.917	   4.710	   3.658	  8.382	 6	571	0	0	1	0	0
0.260	0.500	1.000	-1.082	-0.258	298	  8	 100	0	6	 inf	   47.917	   3.703	   3.658	  7.375	 4	571	0	1	0	0	0
0.260	0.500	1.000	-1.082	-0.258	298	  8	 100	0	6	 inf	   47.917	   3.718	   3.657	  7.389	 6	571	0	1	1	0	0
0.260	0.500	1.000	-1.082	-0.258	298	  8	 100	0	12	 inf	   47.917	   6.557	   3.660	  10.230	 7	571	0	0	0	0	0
0.260	0.500	1.000	-1.082	-0.258	298	  8	 100	0	12	 inf	   47.917	   9.420	   3.659	  13.092	 12	571	0	0	1	0	0
0.260	0.500	1.000	-1.082	-0.258	298	  8	 100	0	12	 inf	   47.917	   5.063	   3.659	  8.736	 7	571	0	1	0	0	0
0.260	0.500	1.000	-1.082	-0.258	298	  8	 100	0	12	 inf	   47.917	   7.150	   3.668	  10.832	 12	571	0	1	1	0	0
0.260	0.500	1.000	-1.082	-0.258	298	  8	 100	1	6	 inf	   47.923	   13.121	   3.667	  16.802	 13	571	0	0	0	0	0
0.260	0.500	1.000	-1.082	-0.258	298	  8	 100	1	6	 inf	   47.917	   19.612	   3.658	  23.284	 20	571	4	0	1	0	0
0.260	0.500	1.000	-1.082	-0.258	298	  8	 100	1	6	 inf	   47.923	   9.879	   3.670	  13.570	 13	571	0	1	0	0	0
0.260	0.500	1.000	-1.082	-0.258	298	  8	 100	1	6	 inf	   47.917	   14.723	   3.663	  18.408	 20	571	4	1	1	0	0
0.260	0.500	1.000	-1.082	-0.258	298	  8	 100	1	12	 inf	   47.917	   19.678	   3.663	  23.363	 20	571	4	0	0	0	0
0.260	0.500	1.000	-1.082	-0.258	298	  8	 100	1	12	 inf	   47.917	   19.530	   3.657	  23.209	 20	571	4	0	1	0	0
0.260	0.500	1.000	-1.082	-0.258	298	  8	 100	1	12	 inf	   47.917	   14.759	   3.665	  18.445	 20	571	4	1	0	0	0
0.260	0.500	1.000	-1.082	-0.258	298	  8	 100	1	12	 inf	   47.917	   14.935	   3.662	  18.619	 20	571	4	1	1	0	0
0.260	0.500	1.000	-1.082	-0.258	298	  8	 100	2	6	 inf	   47.917	   3.759	   3.660	  7.440	 3	571	0	0	0	0	0
0.260	0.500	1.000	-1.082	-0.258	298	  8	 100	2	6	 inf	   47.917	   3.726	   3.661	  7.408	 3	571	0	0	1	0	0
0.260	0.500	1.000	-1.082	-0.258	298	  8	 100	2	6	 inf	   47.917	   3.066	   3.657	  6.737	 3	571	0	1	0	0	0
0.260	0.500	1.000	-1.082	-0.258	298	  8	 100	2	6	 inf	   47.917	   3.041	   3.661	  6.724	 3	571	0	1	1	0	0
0.260	0.500	1.000	-1.082	-0.258	298	  8	 100	2	12	 inf	   47.917	   5.626	   3.660	  9.300	 5	571	0	0	0	0	0
0.260	0.500	1.000	-1.082	-0.258	298	  8	 100	2	12	 inf	   47.917	   6.583	   3.661	  10.266	 7	571	0	0	1	0	0
0.260	0.500	1.000	-1.082	-0.258	298	  8	 100	2	12	 inf	   47.917	   4.433	   3.658	  8.105	 5	571	0	1	0	0	0
0.260	0.500	1.000	-1.082	-0.258	298	  8	 100	2	12	 inf	   47.917	   5.080	   3.671	  8.765	 7	571	0	1	1	0	0
0.260	0.500	1.000	-1.082	-0.258	298	  56	 1	0	6	 inf	   47.917	   8.274	   3.659	  11.946	 2	571	0	0	0	0	0
0.260	0.500	1.000	-1.082	-0.258	298	  56	 1	0	6	 inf	   47.917	   2.842	   3.659	  6.515	 0	571	0	0	1	0	0
0.260	0.500	1.000	-1.082	-0.258	298	  56	 1	0	6	 inf	   47.917	   3.888	   3.664	  7.573	 1	571	0	1	0	0	0
0.260	0.500	1.000	-1.082	-0.258	298	  56	 1	0	6	 inf	   47.917	   3.853	   3.659	  7.534	 0	571	0	1	1	0	0
0.260	0.500	1.000	-1.082	-0.258	298	  56	 1	0	12	 inf	   47.917	   8.327	   3.655	  12.003	 2	571	0	0	0	0	0
0.260	0.500	1.000	-1.082	-0.258	298	  56	 1	0	12	 inf	   47.917	   5.606	   3.818	  9.442	 1	571	0	0	1	0	0
0.260	0.500	1.000	-1.082	-0.258	298	  56	 1	0	12	 inf	   47.917	   4.868	   3.656	  8.538	 2	571	0	1	0	0	0
0.260	0.500	1.000	-1.082	-0.258	298	  56	 1	0	12	 inf	   47.917	   3.857	   3.660	  7.531	 1	571	0	1	1	0	0
0.260	0.500	1.000	-1.082	-0.258	298	  56	 1	1	6	 inf	   47.917	   5.558	   3.658	  9.237	 1	571	0	0	0	0	0
0.260	0.500	1.000	-1.082	-0.258	298	  56	 1	1	6	 inf	   47.917	   5.578	   3.645	  9.236	 1	571	0	0	1	0	0
0.260	0.500	1.000	-1.082	-0.258	298	  56	 1	1	6	 inf	   47.917	   3.860	   3.660	  7.534	 1	571	0	1	0	0	0
0.260	0.500	1.000	-1.082	-0.258	298	  56	 1	1	6	 inf	   47.917	   2.895	   3.666	  6.575	 0	571	0	1	1	0	0
0.260	0.500	1.000	-1.082	-0.258	298	  56	 1	1	12	 inf	   47.917	   8.314	   3.666	  12.001	 2	571	0	0	0	0	0
0.260	0.500	1.000	-1.082	-0.258	298	  56	 1	1	12	 inf	   47.917	   5.586	   3.658	  9.257	 1	571	0	0	1	0	0
0.260	0.500	1.000	-1.082	-0.258	298	  56	 1	1	12	 inf	   47.917	   4.866	   3.659	  8.538	 2	571	0	1	0	0	0
0.260	0.500	1.000	-1.082	-0.258	298	  56	 1	1	12	 inf	   47.917	   3.929	   3.660	  7.603	 1	571	0	1	1	0	0
0.260	0.500	1.000	-1.082	-0.258	298	  56	 1	2	6	 inf	   47.917	   5.495	   3.661	  9.177	 1	571	0	0	0	0	0
0.260	0.500	1.000	-1.082	-0.258	298	  56	 1	2	6	 inf	   47.917	   2.803	   3.657	  6.474	 0	571	0	0	1	0	0
0.260	0.500	1.000	-1.082	-0.258	298	  56	 1	2	6	 inf	   47.917	   3.818	   3.661	  7.500	 1	571	0	1	0	0	0
0.260	0.500	1.000	-1.082	-0.258	298	  56	 1	2	6	 inf	   47.917	   2.880	   3.660	  6.562	 0	571	0	1	1	0	0
0.260	0.500	1.000	-1.082	-0.258	298	  56	 1	2	12	 inf	   47.917	   10.919	   3.661	  14.601	 2	571	0	0	0	0	0
0.260	0.500	1.000	-1.082	-0.258	298	  56	 1	2	12	 inf	   47.917	   5.496	   3.654	  9.171	 0	571	0	0	1	0	0
0.260	0.500	1.000	-1.082	-0.258	298	  56	 1	2	12	 inf	   47.917	   4.825	   3.657	  8.504	 1	571	0	1	0	0	0
0.260	0.500	1.000	-1.082	-0.258	298	  56	 1	2	12	 inf	   47.917	   3.848	   3.661	  7.531	 0	571	0	1	1	0	0
0.260	0.500	1.000	-1.082	-0.258	298	  56	 100	0	6	 inf	   47.917	   8.475	   3.668	  12.165	 2	571	0	0	0	0	0
0.260	0.500	1.000	-1.082	-0.258	298	  56	 100	0	6	 inf	   47.917	   5.696	   3.661	  9.379	 1	571	0	0	1	0	0
0.260	0.500	1.000	-1.082	-0.258	298	  56	 100	0	6	 inf	   47.917	   5.110	   3.658	  8.782	 2	571	0	1	0	0	0
0.260	0.500	1.000	-1.082	-0.258	298	  56	 100	0	6	 inf	   47.917	   3.989	   3.658	  7.669	 1	571	0	1	1	0	0
0.260	0.500	1.000	-1.082	-0.258	298	  56	 100	0	12	 inf	   47.917	   8.425	   3.660	  12.099	 2	571	0	0	0	0	0
0.260	0.500	1.000	-1.082	-0.258	298	  56	 100	0	12	 inf	   47.917	   5.662	   3.662	  9.345	 1	571	0	0	1	0	0
0.260	0.500	1.000	-1.082	-0.258	298	  56	 100	0	12	 inf	   47.917	   5.162	   3.664	  8.839	 2	571	0	1	0	0	0
0.260	0.500	1.000	-1.082	-0.258	298	  56	 100	0	12	 inf	   47.917	   4.022	   3.658	  7.702	 1	571	0	1	1	0	0
0.260	0.500	1.000	-1.082	-0.258	298	  56	 100	1	6	 inf	   47.917	   8.567	   3.658	  12.239	 2	571	0	0	0	0	0
0.260	0.500	1.000	-1.082	-0.258	298	  56	 100	1	6	 inf	   47.917	   8.510	   3.658	  12.182	 3	571	0	0	1	0	0
0.260	0.500	1.000	-1.082	-0.258	298	  56	 100	1	6	 inf	   47.917	   5.164	   3.660	  8.838	 2	571	0	1	0	0	0
0.260	0.500	1.000	-1.082	-0.258	298	  56	 100	1	6	 inf	   47.917	   5.171	   3.658	  8.843	 3	571	0	1	1	0	0
0.260	0.500	1.000	-1.082	-0.258	298	  56	 100	1	12	 inf	   47.917	   14.215	   3.662	  17.892	 4	571	0	0	0	0	0
0.260	0.500	1.000	-1.082	-0.258	298	  56	 100	1	12	 inf	   47.917	   17.041	   3.672	  20.727	 6	571	0	0	1	0	0
0.260	0.500	1.000	-1.082	-0.258	298	  56	 100	1	12	 inf	   47.917	   7.376	   3.661	  11.058	 4	571	0	1	0	0	0
0.260	0.500	1.000	-1.082	-0.258	298	  56	 100	1	12	 inf	   47.917	   8.604	   3.662	  12.280	 6	571	0	1	1	0	0
0.260	0.500	1.000	-1.082	-0.258	298	  56	 100	2	6	 inf	   47.917	   5.522	   3.659	  9.194	 1	571	0	0	0	0	0
0.260	0.500	1.000	-1.082	-0.258	298	  56	 100	2	6	 inf	   47.917	   2.814	   3.661	  6.488	 0	571	0	0	1	0	0
0.260	0.500	1.000	-1.082	-0.258	298	  56	 100	2	6	 inf	   47.917	   4.837	   3.658	  8.516	 1	571	0	1	0	0	0
0.260	0.500	1.000	-1.082	-0.258	298	  56	 100	2	6	 inf	   47.917	   2.883	   3.658	  6.563	 0	571	0	1	1	0	0
0.260	0.500	1.000	-1.082	-0.258	298	  56	 100	2	12	 inf	   47.917	   5.515	   3.661	  9.197	 1	571	0	0	0	0	0
0.260	0.500	1.000	-1.082	-0.258	298	  56	 100	2	12	 inf	   47.917	   5.501	   3.661	  9.183	 1	571	0	0	1	0	0
0.260	0.500	1.000	-1.082	-0.258	298	  56	 100	2	12	 inf	   47.917	   4.809	   3.658	  8.481	 1	571	0	1	0	0	0
0.260	0.500	1.000	-1.082	-0.258	298	  56	 100	2	12	 inf	   47.917	   3.840	   3.659	  7.520	 0	571	0	1	1	0	0
0.260	0.500	1.000	-1.082	-0.258	417	  8	 1	0	6	 inf	   47.917	   2.560	   3.659	  6.241	 1	571	0	0	0	0	0
0.260	0.500	1.000	-1.082	-0.258	417	  8	 1	0	6	 inf	   47.917	   2.458	   3.599	  6.071	 1	571	0	0	1	0	0
0.260	0.500	1.000	-1.082	-0.258	417	  8	 1	0	6	 inf	   47.917	   2.014	   3.595	  5.622	 1	571	0	1	0	0	0
0.260	0.500	1.000	-1.082	-0.258	417	  8	 1	0	6	 inf	   47.917	   2.035	   3.583	  5.631	 1	571	0	1	1	0	0
0.260	0.500	1.000	-1.082	-0.258	417	  8	 1	0	12	 inf	   47.917	   3.822	   3.585	  7.421	 2	571	0	0	0	0	0
0.260	0.500	1.000	-1.082	-0.258	417	  8	 1	0	12	 inf	   47.917	   3.841	   3.596	  7.459	 4	571	0	0	1	0	0
0.260	0.500	1.000	-1.082	-0.258	417	  8	 1	0	12	 inf	   47.917	   3.301	   3.597	  6.912	 2	571	0	1	0	0	0
0.260	0.500	1.000	-1.082	-0.258	417	  8	 1	0	12	 inf	   47.917	   2.942	   3.653	  6.616	 3	571	0	1	1	0	0
0.260	0.500	1.000	-1.082	-0.258	417	  8	 1	1	6	 inf	   47.917	   2.596	   3.654	  6.264	 1	571	0	0	0	0	0
0.260	0.500	1.000	-1.082	-0.258	417	  8	 1	1	6	 inf	   47.917	   2.556	   3.657	  6.226	 1	571	0	0	1	0	0
0.260	0.500	1.000	-1.082	-0.258	417	  8	 1	1	6	 inf	   47.917	   2.333	   3.657	  6.004	 1	571	0	1	0	0	0
0.260	0.500	1.000	-1.082	-0.258	417	  8	 1	1	6	 inf	   47.917	   2.340	   3.657	  6.010	 1	571	0	1	1	0	0
0.260	0.500	1.000	-1.082	-0.258	417	  8	 1	1	12	 inf	   47.917	   3.840	   3.669	  7.522	 2	571	0	0	0	0	0
0.260	0.500	1.000	-1.082	-0.258	417	  8	 1	1	12	 inf	   47.917	   3.848	   3.661	  7.530	 2	571	0	0	1	0	0
0.260	0.500	1.000	-1.082	-0.258	417	  8	 1	1	12	 inf	   47.917	   3.363	   3.656	  7.041	 2	571	0	1	0	0	0
0.260	0.500	1.000	-1.082	-0.258	417	  8	 1	1	12	 inf	   47.917	   3.337	   3.655	  7.014	 2	571	0	1	1	0	0
0.260	0.500	1.000	-1.082	-0.258	417	  8	 1	2	6	 inf	   47.917	   5.112	   3.658	  8.792	 3	571	0	0	0	0	0
0.260	0.500	1.000	-1.082	-0.258	417	  8	 1	2	6	 inf	   47.917	   5.114	   3.648	  8.776	 3	571	0	0	1	0	0
0.260	0.500	1.000	-1.082	-0.258	417	  8	 1	2	6	 inf	   47.917	   4.379	   3.657	  8.049	 3	571	0	1	0	0	0
0.260	0.500	1.000	-1.082	-0.258	417	  8	 1	2	6	 inf	   47.917	   4.378	   3.656	  8.047	 3	571	0	1	1	0	0
0.260	0.500	1.000	-1.082	-0.258	417	  8	 1	2	12	 inf	   47.917	   6.348	   3.655	  10.017	 4	571	0	0	0	0	0
0.260	0.500	1.000	-1.082	-0.258	417	  8	 1	2	12	 inf	   47.917	   8.882	   3.643	  12.538	 6	571	0	0	1	0	0
0.260	0.500	1.000	-1.082	-0.258	417	  8	 1	2	12	 inf	   47.917	   5.372	   3.659	  9.045	 4	571	0	1	0	0	0
0.260	0.500	1.000	-1.082	-0.258	417	  8	 1	2	12	 inf	   47.917	   7.413	   3.658	  11.085	 6	571	0	1	1	0	0
0.260	0.500	1.000	-1.082	-0.258	417	  8	 100	0	6	 inf	   47.917	   3.817	   3.656	  7.486	 2	571	0	0	0	0	0
0.260	0.500	1.000	-1.082	-0.258	417	  8	 100	0	6	 inf	   47.917	   3.817	   3.721	  7.553	 2	571	0	0	1	0	0
0.260	0.500	1.000	-1.082	-0.258	417	  8	 100	0	6	 inf	   47.917	   3.332	   3.657	  7.010	 2	571	0	1	0	0	0
0.260	0.500	1.000	-1.082	-0.258	417	  8	 100	0	6	 inf	   47.917	   3.302	   3.648	  6.964	 2	571	0	1	1	0	0
0.260	0.500	1.000	-1.082	-0.258	417	  8	 100	0	12	 inf	   47.917	   5.116	   3.656	  8.793	 3	571	0	0	0	0	0
0.260	0.500	1.000	-1.082	-0.258	417	  8	 100	0	12	 inf	   47.917	   5.083	   3.649	  8.754	 3	571	0	0	1	0	0
0.260	0.500	1.000	-1.082	-0.258	417	  8	 100	0	12	 inf	   47.917	   4.329	   3.640	  7.983	 3	571	0	1	0	0	0
0.260	0.500	1.000	-1.082	-0.258	417	  8	 100	0	12	 inf	   47.917	   4.330	   3.658	  8.010	 3	571	0	1	1	0	0
0.260	0.500	1.000	-1.082	-0.258	417	  8	 100	1	6	 inf	   47.917	   5.098	   3.641	  8.752	 2	571	0	0	0	0	0
0.260	0.500	1.000	-1.082	-0.258	417	  8	 100	1	6	 inf	   47.917	   5.139	   3.653	  8.814	 3	571	0	0	1	0	0
0.260	0.500	1.000	-1.082	-0.258	417	  8	 100	1	6	 inf	   47.917	   4.380	   3.665	  8.066	 2	571	0	1	0	0	0
0.260	0.500	1.000	-1.082	-0.258	417	  8	 100	1	6	 inf	   47.917	   4.346	   3.652	  8.019	 3	571	0	1	1	0	0
0.260	0.500	1.000	-1.082	-0.258	417	  8	 100	1	12	 inf	   47.917	   6.339	   3.656	  10.016	 3	571	0	0	0	0	0
0.260	0.500	1.000	-1.082	-0.258	417	  8	 100	1	12	 inf	   47.917	   10.149	   3.651	  13.822	 6	571	0	0	1	0	0
0.260	0.500	1.000	-1.082	-0.258	417	  8	 100	1	12	 inf	   47.917	   5.347	   3.654	  9.022	 3	571	0	1	0	0	0
0.260	0.500	1.000	-1.082	-0.258	417	  8	 100	1	12	 inf	   47.917	   8.343	   3.653	  12.017	 6	571	0	1	1	0	0
0.260	0.500	1.000	-1.082	-0.258	417	  8	 100	2	6	 inf	   47.917	   5.098	   3.651	  8.770	 3	571	0	0	0	0	0
0.260	0.500	1.000	-1.082	-0.258	417	  8	 100	2	6	 inf	   47.917	   5.079	   3.652	  8.744	 3	571	0	0	1	0	0
0.260	0.500	1.000	-1.082	-0.258	417	  8	 100	2	6	 inf	   47.917	   4.370	   3.650	  8.037	 3	571	0	1	0	0	0
0.260	0.500	1.000	-1.082	-0.258	417	  8	 100	2	6	 inf	   47.917	   4.348	   3.652	  8.013	 3	571	0	1	1	0	0
0.260	0.500	1.000	-1.082	-0.258	417	  8	 100	2	12	 inf	   47.917	   6.350	   3.653	  10.016	 4	571	0	0	0	0	0
0.260	0.500	1.000	-1.082	-0.258	417	  8	 100	2	12	 inf	   47.917	   8.896	   3.666	  12.583	 7	571	0	0	1	0	0
0.260	0.500	1.000	-1.082	-0.258	417	  8	 100	2	12	 inf	   47.917	   5.349	   3.653	  9.016	 4	571	0	1	0	0	0
0.260	0.500	1.000	-1.082	-0.258	417	  8	 100	2	12	 inf	   47.917	   7.340	   3.651	  11.012	 6	571	0	1	1	0	0
0.260	0.500	1.000	-1.082	-0.258	417	  56	 1	0	6	 inf	   47.917	   8.717	   3.655	  12.384	 1	571	0	0	0	0	0
0.260	0.500	1.000	-1.082	-0.258	417	  56	 1	0	6	 inf	   47.917	   5.931	   3.651	  9.603	 0	571	0	0	1	0	0
0.260	0.500	1.000	-1.082	-0.258	417	  56	 1	0	6	 inf	   47.917	   5.263	   3.654	  8.939	 2	571	0	1	0	0	0
0.260	0.500	1.000	-1.082	-0.258	417	  56	 1	0	6	 inf	   47.917	   5.291	   3.651	  8.964	 1	571	0	1	1	0	0
0.260	0.500	1.000	-1.082	-0.258	417	  56	 1	0	12	 inf	   47.917	   8.732	   3.647	  12.400	 2	571	0	0	0	0	0
0.260	0.500	1.000	-1.082	-0.258	417	  56	 1	0	12	 inf	   47.917	   39.384	   3.649	  43.047	 7	571	0	0	1	0	0
0.260	0.500	1.000	-1.082	-0.258	417	  56	 1	0	12	 inf	   47.917	   5.335	   3.654	  9.011	 2	571	0	1	0	0	0
0.260	0.500	1.000	-1.082	-0.258	417	  56	 1	0	12	 inf	   47.917	   4.264	   3.650	  7.935	 1	571	0	1	1	0	0
0.260	0.500	1.000	-1.082	-0.258	417	  56	 1	1	6	 inf	   47.917	   5.981	   3.662	  9.665	 1	571	0	0	0	0	0
0.260	0.500	1.000	-1.082	-0.258	417	  56	 1	1	6	 inf	   47.917	   3.169	   3.655	  6.846	 0	571	0	0	1	0	0
0.260	0.500	1.000	-1.082	-0.258	417	  56	 1	1	6	 inf	   47.917	   4.309	   3.649	  7.971	 1	571	0	1	0	0	0
0.260	0.500	1.000	-1.082	-0.258	417	  56	 1	1	6	 inf	   47.917	   3.217	   3.650	  6.880	 0	571	0	1	1	0	0
0.260	0.500	1.000	-1.082	-0.258	417	  56	 1	1	12	 inf	   47.917	   8.743	   3.646	  12.410	 2	571	0	0	0	0	0
0.260	0.500	1.000	-1.082	-0.258	417	  56	 1	1	12	 inf	   47.917	   5.941	   3.647	  9.609	 1	571	0	0	1	0	0
0.260	0.500	1.000	-1.082	-0.258	417	  56	 1	1	12	 inf	   47.917	   5.337	   3.643	  9.001	 2	571	0	1	0	0	0
0.260	0.500	1.000	-1.082	-0.258	417	  56	 1	1	12	 inf	   47.917	   4.272	   3.645	  7.938	 1	571	0	1	1	0	0
0.260	0.500	1.000	-1.082	-0.258	417	  56	 1	2	6	 inf	   47.917	   8.656	   3.645	  12.323	 1	571	0	0	0	0	0
0.260	0.500	1.000	-1.082	-0.258	417	  56	 1	2	6	 inf	   47.917	   3.161	   3.644	  6.826	 0	571	0	0	1	0	0
0.260	0.500	1.000	-1.082	-0.258	417	  56	 1	2	6	 inf	   47.917	   5.256	   3.647	  8.925	 1	571	0	1	0	0	0
0.260	0.500	1.000	-1.082	-0.258	417	  56	 1	2	6	 inf	   47.917	   3.213	   3.660	  6.895	 0	571	0	1	1	0	0
0.260	0.500	1.000	-1.082	-0.258	417	  56	 1	2	12	 inf	   47.917	   5.914	   3.652	  9.587	 1	571	0	0	0	0	0
0.260	0.500	1.000	-1.082	-0.258	417	  56	 1	2	12	 inf	   47.917	   5.869	   3.645	  9.527	 1	571	0	0	1	0	0
0.260	0.500	1.000	-1.082	-0.258	417	  56	 1	2	12	 inf	   47.917	   5.248	   3.644	  8.913	 2	571	0	1	0	0	0
0.260	0.500	1.000	-1.082	-0.258	417	  56	 1	2	12	 inf	   47.917	   6.291	   3.646	  9.958	 1	571	0	1	1	0	0
0.260	0.500	1.000	-1.082	-0.258	417	  56	 100	0	6	 inf	   47.917	   8.948	   3.642	  12.611	 2	571	0	0	0	0	0
0.260	0.500	1.000	-1.082	-0.258	417	  56	 100	0	6	 inf	   47.917	   6.065	   3.644	  9.731	 1	571	0	0	1	0	0
0.260	0.500	1.000	-1.082	-0.258	417	  56	 100	0	6	 inf	   47.917	   5.582	   3.647	  9.250	 2	571	0	1	0	0	0
0.260	0.500	1.000	-1.082	-0.258	417	  56	 100	0	6	 inf	   47.917	   4.404	   3.645	  8.070	 1	571	0	1	1	0	0
0.260	0.500	1.000	-1.082	-0.258	417	  56	 100	0	12	 inf	   47.917	   8.909	   3.647	  12.578	 2	571	0	0	0	0	0
0.260	0.500	1.000	-1.082	-0.258	417	  56	 100	0	12	 inf	   47.917	   6.069	   3.652	  9.743	 1	571	0	0	1	0	0
0.260	0.500	1.000	-1.082	-0.258	417	  56	 100	0	12	 inf	   47.917	   5.549	   3.661	  9.224	 2	571	0	1	0	0	0
0.260	0.500	1.000	-1.082	-0.258	417	  56	 100	0	12	 inf	   47.917	   4.381	   3.653	  8.056	 1	571	0	1	1	0	0
0.260	0.500	1.000	-1.082	-0.258	417	  56	 100	1	6	 inf	   47.917	   9.401	   3.644	  13.058	 2	571	0	0	0	0	0
0.260	0.500	1.000	-1.082	-0.258	417	  56	 100	1	6	 inf	   47.917	   6.343	   3.650	  10.015	 1	571	0	0	1	0	0
0.260	0.500	1.000	-1.082	-0.258	417	  56	 100	1	6	 inf	   47.917	   6.002	   3.648	  9.663	 2	571	0	1	0	0	0
0.260	0.500	1.000	-1.082	-0.258	417	  56	 100	1	6	 inf	   47.917	   4.705	   3.649	  8.376	 1	571	0	1	1	0	0
0.260	0.500	1.000	-1.082	-0.258	417	  56	 100	1	12	 inf	   47.917	   9.396	   3.642	  13.053	 2	571	0	0	0	0	0
0.260	0.500	1.000	-1.082	-0.258	417	  56	 100	1	12	 inf	   47.917	   6.328	   3.651	  10.000	 1	571	0	0	1	0	0
0.260	0.500	1.000	-1.082	-0.258	417	  56	 100	1	12	 inf	   47.917	   6.019	   3.648	  9.681	 2	571	0	1	0	0	0
0.260	0.500	1.000	-1.082	-0.258	417	  56	 100	1	12	 inf	   47.917	   4.634	   3.649	  8.305	 1	571	0	1	1	0	0
0.260	0.500	1.000	-1.082	-0.258	417	  56	 100	2	6	 inf	   47.917	   5.892	   3.654	  9.560	 1	571	0	0	0	0	0
0.260	0.500	1.000	-1.082	-0.258	417	  56	 100	2	6	 inf	   47.917	   3.128	   3.662	  6.812	 0	571	0	0	1	0	0
0.260	0.500	1.000	-1.082	-0.258	417	  56	 100	2	6	 inf	   47.917	   4.510	   3.662	  8.193	 1	571	0	1	0	0	0
0.260	0.500	1.000	-1.082	-0.258	417	  56	 100	2	6	 inf	   47.917	   3.194	   3.650	  6.866	 0	571	0	1	1	0	0
0.260	0.500	1.000	-1.082	-0.258	417	  56	 100	2	12	 inf	   47.917	   8.659	   3.650	  12.330	 2	571	0	0	0	0	0
0.260	0.500	1.000	-1.082	-0.258	417	  56	 100	2	12	 inf	   47.917	   5.928	   3.688	  9.639	 0	571	0	0	1	0	0
0.260	0.500	1.000	-1.082	-0.258	417	  56	 100	2	12	 inf	   47.917	   5.288	   3.648	  8.958	 2	571	0	1	0	0	0
0.260	0.500	1.000	-1.082	-0.258	417	  56	 100	2	12	 inf	   47.917	   4.219	   3.646	  7.887	 1	571	0	1	1	0	0
0.260	0.500	1.000	-1.082	-0.258	536	  8	 1	0	6	 inf	   47.917	   4.022	   3.649	  7.693	 2	571	0	0	0	0	0
0.260	0.500	1.000	-1.082	-0.258	536	  8	 1	0	6	 inf	   47.917	   3.067	   3.595	  6.684	 1	571	0	0	1	0	0
0.260	0.500	1.000	-1.082	-0.258	536	  8	 1	0	6	 inf	   47.917	   3.926	   3.594	  7.533	 2	571	0	1	0	0	0
0.260	0.500	1.000	-1.082	-0.258	536	  8	 1	0	6	 inf	   47.917	   2.800	   3.568	  6.390	 1	571	0	1	1	0	0
0.260	0.500	1.000	-1.082	-0.258	536	  8	 1	0	12	 inf	   47.917	   3.999	   3.594	  7.615	 2	571	0	0	0	0	0
0.260	0.500	1.000	-1.082	-0.258	536	  8	 1	0	12	 inf	   47.917	   4.006	   3.591	  7.618	 5	571	0	0	1	0	0
0.260	0.500	1.000	-1.082	-0.258	536	  8	 1	0	12	 inf	   47.917	   3.772	   3.599	  7.385	 2	571	0	1	0	0	0
0.260	0.500	1.000	-1.082	-0.258	536	  8	 1	0	12	 inf	   47.917	   3.913	   3.648	  7.582	 3	571	0	1	1	0	0
0.260	0.500	1.000	-1.082	-0.258	536	  8	 1	1	6	 inf	   47.917	   3.808	   3.644	  7.465	 2	571	0	0	0	0	0
0.260	0.500	1.000	-1.082	-0.258	536	  8	 1	1	6	 inf	   47.917	   2.596	   3.648	  6.265	 1	571	0	0	1	0	0
0.260	0.500	1.000	-1.082	-0.258	536	  8	 1	1	6	 inf	   47.917	   3.366	   3.645	  7.024	 2	571	0	1	0	0	0
0.260	0.500	1.000	-1.082	-0.258	536	  8	 1	1	6	 inf	   47.917	   2.362	   3.647	  6.030	 1	571	0	1	1	0	0
0.260	0.500	1.000	-1.082	-0.258	536	  8	 1	1	12	 inf	   47.917	   3.867	   3.645	  7.526	 2	571	0	0	0	0	0
0.260	0.500	1.000	-1.082	-0.258	536	  8	 1	1	12	 inf	   47.917	   3.915	   3.650	  7.587	 4	571	0	0	1	0	0
0.260	0.500	1.000	-1.082	-0.258	536	  8	 1	1	12	 inf	   47.917	   3.420	   3.648	  7.082	 2	571	0	1	0	0	0
0.260	0.500	1.000	-1.082	-0.258	536	  8	 1	1	12	 inf	   47.917	   3.400	   3.647	  7.069	 2	571	0	1	1	0	0
0.260	0.500	1.000	-1.082	-0.258	536	  8	 1	2	6	 inf	   47.917	   6.475	   3.651	  10.147	 3	571	0	0	0	0	0
0.260	0.500	1.000	-1.082	-0.258	536	  8	 1	2	6	 inf	   47.917	   5.727	   3.644	  9.385	 3	571	0	0	1	0	0
0.260	0.500	1.000	-1.082	-0.258	536	  8	 1	2	6	 inf	   47.917	   5.089	   3.647	  8.751	 3	571	0	1	0	0	0
0.260	0.500	1.000	-1.082	-0.258	536	  8	 1	2	6	 inf	   47.917	   4.987	   3.652	  8.653	 3	571	0	1	1	0	0
0.260	0.500	1.000	-1.082	-0.258	536	  8	 1	2	12	 inf	   47.917	   7.088	   3.646	  10.748	 4	571	0	0	0	0	0
0.260	0.500	1.000	-1.082	-0.258	536	  8	 1	2	12	 inf	   47.917	   10.087	   3.647	  13.748	 6	571	0	0	1	0	0
0.260	0.500	1.000	-1.082	-0.258	536	  8	 1	2	12	 inf	   47.917	   6.338	   3.657	  10.008	 4	571	0	1	0	0	0
0.260	0.500	1.000	-1.082	-0.258	536	  8	 1	2	12	 inf	   47.917	   8.582	   3.646	  12.241	 6	571	0	1	1	0	0
0.260	0.500	1.000	-1.082	-0.258	536	  8	 100	0	6	 inf	   47.917	   4.233	   3.647	  7.893	 2	571	0	0	0	0	0
0.260	0.500	1.000	-1.082	-0.258	536	  8	 100	0	6	 inf	   47.917	   2.921	   3.647	  6.582	 1	571	0	0	1	0	0
0.260	0.500	1.000	-1.082	-0.258	536	  8	 100	0	6	 inf	   47.917	   3.890	   3.645	  7.549	 2	571	0	1	0	0	0
0.260	0.500	1.000	-1.082	-0.258	536	  8	 100	0	6	 inf	   47.917	   2.606	   3.647	  6.267	 1	571	0	1	1	0	0
0.260	0.500	1.000	-1.082	-0.258	536	  8	 100	0	12	 inf	   47.917	   4.288	   3.650	  7.952	 2	571	0	0	0	0	0
0.260	0.500	1.000	-1.082	-0.258	536	  8	 100	0	12	 inf	   47.917	   5.719	   3.648	  9.380	 2	571	0	0	1	0	0
0.260	0.500	1.000	-1.082	-0.258	536	  8	 100	0	12	 inf	   47.917	   3.904	   3.645	  7.571	 2	571	0	1	0	0	0
0.260	0.500	1.000	-1.082	-0.258	536	  8	 100	0	12	 inf	   47.917	   5.116	   3.662	  8.799	 2	571	0	1	1	0	0
0.260	0.500	1.000	-1.082	-0.258	536	  8	 100	1	6	 inf	   47.917	   4.364	   3.645	  8.031	 2	571	0	0	0	0	0
0.260	0.500	1.000	-1.082	-0.258	536	  8	 100	1	6	 inf	   47.917	   4.333	   3.645	  7.992	 2	571	0	0	1	0	0
0.260	0.500	1.000	-1.082	-0.258	536	  8	 100	1	6	 inf	   47.917	   3.887	   3.645	  7.546	 2	571	0	1	0	0	0
0.260	0.500	1.000	-1.082	-0.258	536	  8	 100	1	6	 inf	   47.917	   3.798	   3.646	  7.458	 2	571	0	1	1	0	0
0.260	0.500	1.000	-1.082	-0.258	536	  8	 100	1	12	 inf	   47.917	   5.695	   3.645	  9.354	 2	571	0	0	0	0	0
0.260	0.500	1.000	-1.082	-0.258	536	  8	 100	1	12	 inf	   47.917	   7.179	   3.646	  10.847	 3	571	0	0	1	0	0
0.260	0.500	1.000	-1.082	-0.258	536	  8	 100	1	12	 inf	   47.917	   5.106	   3.644	  8.772	 2	571	0	1	0	0	0
0.260	0.500	1.000	-1.082	-0.258	536	  8	 100	1	12	 inf	   47.917	   6.326	   3.643	  9.991	 3	571	0	1	1	0	0
0.260	0.500	1.000	-1.082	-0.258	536	  8	 100	2	6	 inf	   47.917	   5.773	   3.659	  9.454	 3	571	0	0	0	0	0
0.260	0.500	1.000	-1.082	-0.258	536	  8	 100	2	6	 inf	   47.917	   5.730	   3.647	  9.391	 3	571	0	0	1	0	0
0.260	0.500	1.000	-1.082	-0.258	536	  8	 100	2	6	 inf	   47.917	   5.084	   3.648	  8.745	 3	571	0	1	0	0	0
0.260	0.500	1.000	-1.082	-0.258	536	  8	 100	2	6	 inf	   47.917	   4.987	   3.648	  8.648	 3	571	0	1	1	0	0
0.260	0.500	1.000	-1.082	-0.258	536	  8	 100	2	12	 inf	   47.917	   7.097	   3.639	  10.750	 4	571	0	0	0	0	0
0.260	0.500	1.000	-1.082	-0.258	536	  8	 100	2	12	 inf	   47.917	   9.982	   3.648	  13.644	 6	571	0	0	1	0	0
0.260	0.500	1.000	-1.082	-0.258	536	  8	 100	2	12	 inf	   47.917	   6.299	   3.647	  9.959	 4	571	0	1	0	0	0
0.260	0.500	1.000	-1.082	-0.258	536	  8	 100	2	12	 inf	   47.917	   8.565	   3.650	  12.229	 6	571	0	1	1	0	0
0.260	0.500	1.000	-1.082	-0.258	536	  56	 1	0	6	 inf	   47.917	   8.657	   3.647	  12.318	 1	571	0	0	0	0	0
0.260	0.500	1.000	-1.082	-0.258	536	  56	 1	0	6	 inf	   47.917	   5.989	   3.646	  9.657	 0	571	0	0	1	0	0
0.260	0.500	1.000	-1.082	-0.258	536	  56	 1	0	6	 inf	   47.917	   4.349	   3.649	  8.020	 1	571	0	1	0	0	0
0.260	0.500	1.000	-1.082	-0.258	536	  56	 1	0	6	 inf	   47.917	   4.327	   3.646	  7.987	 0	571	0	1	1	0	0
0.260	0.500	1.000	-1.082	-0.258	536	  56	 1	0	12	 inf	   47.917	   8.664	   3.646	  12.332	 2	571	0	0	0	0	0
0.260	0.500	1.000	-1.082	-0.258	536	  56	 1	0	12	 inf	   47.917	   5.988	   3.650	  9.652	 1	571	0	0	1	0	0
0.260	0.500	1.000	-1.082	-0.258	536	  56	 1	0	12	 inf	   47.917	   5.231	   3.647	  8.892	 1	571	0	1	0	0	0
0.260	0.500	1.000	-1.082	-0.258	536	  56	 1	0	12	 inf	   47.917	   5.231	   3.647	  8.900	 1	571	0	1	1	0	0
0.260	0.500	1.000	-1.082	-0.258	536	  56	 1	1	6	 inf	   47.917	   8.637	   3.646	  12.304	 1	571	0	0	0	0	0
0.260	0.500	1.000	-1.082	-0.258	536	  56	 1	1	6	 inf	   47.917	   6.003	   3.643	  9.668	 0	571	0	0	1	0	0
0.260	0.500	1.000	-1.082	-0.258	536	  56	 1	1	6	 inf	   47.917	   5.259	   3.651	  8.931	 1	571	0	1	0	0	0
0.260	0.500	1.000	-1.082	-0.258	536	  56	 1	1	6	 inf	   47.917	   3.438	   3.654	  7.114	 0	571	0	1	1	0	0
0.260	0.500	1.000	-1.082	-0.258	536	  56	 1	1	12	 inf	   47.917	   8.641	   3.654	  12.309	 2	571	0	0	0	0	0
0.260	0.500	1.000	-1.082	-0.258	536	  56	 1	1	12	 inf	   47.917	   6.028	   3.644	  9.686	 1	571	0	0	1	0	0
0.260	0.500	1.000	-1.082	-0.258	536	  56	 1	1	12	 inf	   47.917	   5.281	   3.648	  8.943	 2	571	0	1	0	0	0
0.260	0.500	1.000	-1.082	-0.258	536	  56	 1	1	12	 inf	   47.917	   4.412	   3.645	  8.071	 1	571	0	1	1	0	0
0.260	0.500	1.000	-1.082	-0.258	536	  56	 1	2	6	 inf	   47.917	   8.601	   3.647	  12.262	 2	571	0	0	0	0	0
0.260	0.500	1.000	-1.082	-0.258	536	  56	 1	2	6	 inf	   47.917	   3.317	   3.647	  6.978	 0	571	0	0	1	0	0
0.260	0.500	1.000	-1.082	-0.258	536	  56	 1	2	6	 inf	   47.917	   5.250	   3.649	  8.921	 2	571	0	1	0	0	0
0.260	0.500	1.000	-1.082	-0.258	536	  56	 1	2	6	 inf	   47.917	   3.408	   3.651	  7.073	 0	571	0	1	1	0	0
0.260	0.500	1.000	-1.082	-0.258	536	  56	 1	2	12	 inf	   47.917	   8.570	   3.667	  12.259	 1	571	0	0	0	0	0
0.260	0.500	1.000	-1.082	-0.258	536	  56	 1	2	12	 inf	   47.917	   5.951	   3.645	  9.618	 0	571	0	0	1	0	0
0.260	0.500	1.000	-1.082	-0.258	536	  56	 1	2	12	 inf	   47.917	   5.242	   3.648	  8.912	 1	571	0	1	0	0	0
0.260	0.500	1.000	-1.082	-0.258	536	  56	 1	2	12	 inf	   47.917	   4.329	   3.650	  8.001	 1	571	0	1	1	0	0
0.260	0.500	1.000	-1.082	-0.258	536	  56	 100	0	6	 inf	   47.917	   8.715	   3.648	  12.377	 2	571	0	0	0	0	0
0.260	0.500	1.000	-1.082	-0.258	536	  56	 100	0	6	 inf	   47.917	   6.054	   3.649	  9.716	 1	571	0	0	1	0	0
0.260	0.500	1.000	-1.082	-0.258	536	  56	 100	0	6	 inf	   47.917	   5.390	   3.644	  9.048	 2	571	0	1	0	0	0
0.260	0.500	1.000	-1.082	-0.258	536	  56	 100	0	6	 inf	   47.917	   4.395	   3.644	  8.053	 1	571	0	1	1	0	0
0.260	0.500	1.000	-1.082	-0.258	536	  56	 100	0	12	 inf	   47.917	   8.769	   3.648	  12.431	 2	571	0	0	0	0	0
0.260	0.500	1.000	-1.082	-0.258	536	  56	 100	0	12	 inf	   47.917	   6.070	   3.667	  9.759	 1	571	0	0	1	0	0
0.260	0.500	1.000	-1.082	-0.258	536	  56	 100	0	12	 inf	   47.917	   5.397	   3.651	  9.070	 2	571	0	1	0	0	0
0.260	0.500	1.000	-1.082	-0.258	536	  56	 100	0	12	 inf	   47.917	   5.398	   3.648	  9.061	 2	571	0	1	1	0	0
0.260	0.500	1.000	-1.082	-0.258	536	  56	 100	1	6	 inf	   47.917	   9.276	   3.652	  12.941	 2	571	0	0	0	0	0
0.260	0.500	1.000	-1.082	-0.258	536	  56	 100	1	6	 inf	   47.917	   6.367	   3.653	  10.033	 1	571	0	0	1	0	0
0.260	0.500	1.000	-1.082	-0.258	536	  56	 100	1	6	 inf	   47.917	   5.918	   3.648	  9.581	 2	571	0	1	0	0	0
0.260	0.500	1.000	-1.082	-0.258	536	  56	 100	1	6	 inf	   47.917	   4.713	   3.652	  8.379	 0	571	0	1	1	0	0
0.260	0.500	1.000	-1.082	-0.258	536	  56	 100	1	12	 inf	   47.917	   9.300	   3.650	  12.972	 2	571	0	0	0	0	0
0.260	0.500	1.000	-1.082	-0.258	536	  56	 100	1	12	 inf	   47.917	   6.373	   3.648	  10.035	 1	571	0	0	1	0	0
0.260	0.500	1.000	-1.082	-0.258	536	  56	 100	1	12	 inf	   47.917	   5.940	   3.650	  9.604	 2	571	0	1	0	0	0
0.260	0.500	1.000	-1.082	-0.258	536	  56	 100	1	12	 inf	   47.917	   5.937	   3.653	  9.604	 2	571	0	1	1	0	0
0.260	0.500	1.000	-1.082	-0.258	536	  56	 100	2	6	 inf	   47.917	   5.963	   3.647	  9.624	 1	571	0	0	0	0	0
0.260	0.500	1.000	-1.082	-0.258	536	  56	 100	2	6	 inf	   47.917	   3.363	   3.650	  7.033	 0	571	0	0	1	0	0
0.260	0.500	1.000	-1.082	-0.258	536	  56	 100	2	6	 inf	   47.917	   5.242	   3.648	  8.912	 1	571	0	1	0	0	0
0.260	0.500	1.000	-1.082	-0.258	536	  56	 100	2	6	 inf	   47.917	   3.395	   3.646	  7.063	 0	571	0	1	1	0	0
0.260	0.500	1.000	-1.082	-0.258	536	  56	 100	2	12	 inf	   47.917	   8.567	   3.649	  12.237	 2	571	0	0	0	0	0
0.260	0.500	1.000	-1.082	-0.258	536	  56	 100	2	12	 inf	   47.917	   5.966	   3.649	  9.628	 0	571	0	0	1	0	0
0.260	0.500	1.000	-1.082	-0.258	536	  56	 100	2	12	 inf	   47.917	   6.180	   3.651	  9.853	 2	571	0	1	0	0	0
0.260	0.500	1.000	-1.082	-0.258	536	  56	 100	2	12	 inf	   47.917	   4.329	   3.651	  8.001	 0	571	0	1	1	0	0

Warrning : M0_Total = 597  Please change your input attributs  such that : 0 < n <  2 with  1500 > m0 > 250



                            The run.sh command was:                                 
##########################################################################################
#!/bin/bash
#SBATCH --account=k1251
#SBATCH --job-name=pfeast_nc32
#SBATCH --output=./sensTV/32/pfeast_nc_32-%j.out
#SBATCH --error=./sensTV/32/errors/pfeast_nc_32-%j.err
#SBATCH --nodes=1
#SBATCH --time=23:59:00


export MKL_NUM_THREADS=32 OMP_NUM_THREADS=32
echo " Scan The fastest combinaison 32"
echo""
echo " MKL_NUM_THREADS=32 OMP_NUM_THREADS=32"
echo""
echo""

srun --ntasks=1 --ntasks-per-node=1   ./SCSA_2D2D_dfeast_parallel   -nc 8  --data ../dat_data/img32_Lena32.dat ../dat_data/img32_Lena32.dat  -N 32 -h 0.26 -gm 0.5
srun --ntasks=2 --ntasks-per-node=2 --ntasks-per-socket=1   ./SCSA_2D2D_dfeast_parallel   -nc 8  --data ../dat_data/img32_Lena32.dat ../dat_data/img32_Lena32.dat  -N 32 -h 0.26 -gm 0.5
srun --ntasks=4 --ntasks-per-node=4 --ntasks-per-socket=2   ./SCSA_2D2D_dfeast_parallel   -nc 8  --data ../dat_data/img32_Lena32.dat ../dat_data/img32_Lena32.dat  -N 32 -h 0.26 -gm 0.5

echo""
echo""
echo "                            The run.sh command was:                                 "
echo "##########################################################################################"
cat run_32.sh
