 Scan The fastest combinaison 64

 MKL_NUM_THREADS=32 OMP_NUM_THREADS=32




Feast 3.0:  image size = 64 X 64  ,   # Sub-Intervals= 8

| Sub-Intervals| 		| -1.09 -- -0.556 -- -0.454 -- -0.366 -- -0.285 -- -0.209 -- -0.138 -- -0.0689 -- 0 |
| List M0 |   		          | 337 -- 325 -- 334 -- 332 -- 331 -- 344 -- 339 -- 338 |


Parallel Feast Double

h 	 gm 	 fe 	 Emin 	 Emax 	 M0 	 #cnt 	 ratio 	 Meth 	 eps 	 PSNR0  	 PSNR 	 eig(s) 	 Split(s) 	 Total(s) 	 #iter 	 Nh % 	 info	 store_fact 	 cnvgce_trace_Resdl 	 guess_M0 % 	  Run_Q_M0
0.260	0.500	1.000	-1.087	-0.556	539	  8	 1	0	6	 inf	   50.615	   102.548	   462.701	  565.528	 2	2560	0	0	0	0	0
0.260	0.500	1.000	-1.087	-0.556	539	  8	 1	0	6	 inf	   50.615	   76.639	   467.686	  544.607	 1	2560	0	1	0	0	0
0.260	0.500	1.000	-1.087	-0.556	539	  8	 1	0	6	 inf	   50.615	   104.548	   467.883	  572.706	 1	2560	0	0	1	0	0
0.260	0.500	1.000	-1.087	-0.556	539	  8	 1	0	6	 inf	   50.615	   76.648	   467.944	  544.790	 1	2560	0	1	1	0	0
0.260	0.500	1.000	-1.087	-0.556	539	  8	 1	0	12	 inf	   50.615	   145.924	   469.958	  616.128	 2	2560	0	0	0	0	0
0.260	0.500	1.000	-1.087	-0.556	539	  8	 1	0	12	 inf	   50.615	   93.759	   470.829	  564.899	 2	2560	0	1	0	0	0
0.260	0.500	1.000	-1.087	-0.556	539	  8	 1	0	12	 inf	   50.615	   156.811	   473.239	  630.351	 5	2560	0	0	1	0	0
0.260	0.500	1.000	-1.087	-0.556	539	  8	 1	0	12	 inf	   50.615	   97.600	   477.039	  574.837	 5	2560	0	1	1	0	0
0.260	0.500	1.000	-1.087	-0.556	539	  8	 1	1	6	 inf	   50.615	   107.384	   477.975	  585.655	 1	2560	0	0	0	0	0
0.260	0.500	1.000	-1.087	-0.556	539	  8	 1	1	6	 inf	   50.615	   76.728	   475.695	  552.623	 1	2560	0	1	0	0	0
0.260	0.500	1.000	-1.087	-0.556	539	  8	 1	1	6	 inf	   50.615	   107.393	   478.038	  585.692	 1	2560	0	0	1	0	0
0.260	0.500	1.000	-1.087	-0.556	539	  8	 1	1	6	 inf	   50.615	   75.941	   476.252	  552.393	 1	2560	0	1	1	0	0
0.260	0.500	1.000	-1.087	-0.556	539	  8	 1	1	12	 inf	   50.615	   141.789	   478.362	  620.351	 2	2560	0	0	0	0	0
0.260	0.500	1.000	-1.087	-0.556	539	  8	 1	1	12	 inf	   50.615	   93.510	   477.840	  571.656	 2	2560	0	1	0	0	0
0.260	0.500	1.000	-1.087	-0.556	539	  8	 1	1	12	 inf	   50.615	   149.469	   477.265	  627.058	 4	2560	0	0	1	0	0
0.260	0.500	1.000	-1.087	-0.556	539	  8	 1	1	12	 inf	   50.615	   94.534	   478.697	  573.527	 3	2560	0	1	1	0	0
0.260	0.500	1.000	-1.087	-0.556	539	  8	 1	2	6	 inf	   50.615	   197.058	   477.279	  674.570	 3	2560	0	0	0	0	0
0.260	0.500	1.000	-1.087	-0.556	539	  8	 1	2	6	 inf	   50.615	   119.110	   477.052	  596.366	 3	2560	0	1	0	0	0
0.260	0.500	1.000	-1.087	-0.556	539	  8	 1	2	6	 inf	   50.615	   197.001	   475.345	  672.572	 4	2560	0	0	1	0	0
0.260	0.500	1.000	-1.087	-0.556	539	  8	 1	2	6	 inf	   50.615	   119.825	   475.095	  595.142	 4	2560	0	1	1	0	0
0.260	0.500	1.000	-1.087	-0.556	539	  8	 1	2	12	 inf	   50.615	   242.523	   475.852	  718.710	 4	2560	0	0	0	0	0
0.260	0.500	1.000	-1.087	-0.556	539	  8	 1	2	12	 inf	   50.615	   138.326	   475.869	  614.488	 4	2560	0	1	0	0	0
0.260	0.500	1.000	-1.087	-0.556	539	  8	 1	2	12	 inf	   50.615	   341.182	   477.642	  819.094	 8	2560	0	0	1	0	0
0.260	0.500	1.000	-1.087	-0.556	539	  8	 1	2	12	 inf	   50.615	   187.151	   477.285	  664.714	 8	2560	0	1	1	0	0
0.260	0.500	1.000	-1.087	-0.556	539	  8	 100	0	6	 inf	   50.615	   148.410	   480.437	  629.127	 2	2560	0	0	0	0	0
0.260	0.500	1.000	-1.087	-0.556	539	  8	 100	0	6	 inf	   50.615	   96.146	   480.142	  576.538	 2	2560	0	1	0	0	0
0.260	0.500	1.000	-1.087	-0.556	539	  8	 100	0	6	 inf	   50.615	   148.002	   478.934	  627.177	 2	2560	0	0	1	0	0
0.260	0.500	1.000	-1.087	-0.556	539	  8	 100	0	6	 inf	   50.615	   95.656	   479.095	  575.020	 2	2560	0	1	1	0	0
0.260	0.500	1.000	-1.087	-0.556	539	  8	 100	0	12	 inf	   50.615	   170.576	   479.815	  650.635	 2	2560	0	0	0	0	0
0.260	0.500	1.000	-1.087	-0.556	539	  8	 100	0	12	 inf	   50.615	   111.165	   478.143	  589.570	 2	2560	0	1	0	0	0
0.260	0.500	1.000	-1.087	-0.556	539	  8	 100	0	12	 inf	   50.615	   223.403	   479.852	  703.556	 3	2560	0	0	1	0	0
0.260	0.500	1.000	-1.087	-0.556	539	  8	 100	0	12	 inf	   50.615	   135.108	   477.879	  613.331	 3	2560	0	1	1	0	0
0.260	0.500	1.000	-1.087	-0.556	539	  8	 100	1	6	 inf	   50.615	   186.259	   478.970	  665.531	 2	2560	0	0	0	0	0
0.260	0.500	1.000	-1.087	-0.556	539	  8	 100	1	6	 inf	   50.615	   115.605	   480.783	  596.718	 2	2560	0	1	0	0	0
0.260	0.500	1.000	-1.087	-0.556	539	  8	 100	1	6	 inf	   50.615	   169.716	   482.365	  652.279	 2	2560	0	0	1	0	0
0.260	0.500	1.000	-1.087	-0.556	539	  8	 100	1	6	 inf	   50.615	   112.068	   481.265	  593.613	 2	2560	0	1	1	0	0
0.260	0.500	1.000	-1.087	-0.556	539	  8	 100	1	12	 inf	   50.615	   226.859	   479.624	  706.779	 2	2560	0	0	0	0	0
0.260	0.500	1.000	-1.087	-0.556	539	  8	 100	1	12	 inf	   50.615	   147.435	   477.154	  624.918	 2	2560	0	1	0	0	0
0.260	0.500	1.000	-1.087	-0.556	539	  8	 100	1	12	 inf	   50.615	   324.461	   476.964	  801.692	 4	2560	0	0	1	0	0
0.260	0.500	1.000	-1.087	-0.556	539	  8	 100	1	12	 inf	   50.615	   205.287	   476.013	  681.569	 4	2560	0	1	1	0	0
0.260	0.500	1.000	-1.087	-0.556	539	  8	 100	2	6	 inf	   50.615	   197.349	   477.118	  674.732	 3	2560	0	0	0	0	0
0.260	0.500	1.000	-1.087	-0.556	539	  8	 100	2	6	 inf	   50.615	   118.611	   476.364	  595.174	 3	2560	0	1	0	0	0
0.260	0.500	1.000	-1.087	-0.556	539	  8	 100	2	6	 inf	   50.615	   199.784	   477.845	  677.875	 4	2560	0	0	1	0	0
0.260	0.500	1.000	-1.087	-0.556	539	  8	 100	2	6	 inf	   50.615	   119.000	   478.943	  598.170	 4	2560	0	1	1	0	0
0.260	0.500	1.000	-1.087	-0.556	539	  8	 100	2	12	 inf	   50.615	   246.794	   482.374	  729.370	 4	2560	0	0	0	0	0
0.260	0.500	1.000	-1.087	-0.556	539	  8	 100	2	12	 inf	   50.615	   139.614	   480.751	  620.731	 4	2560	0	1	0	0	0
0.260	0.500	1.000	-1.087	-0.556	539	  8	 100	2	12	 inf	   50.615	   345.034	   482.951	  828.279	 10	2560	2	0	1	0	0
0.260	0.500	1.000	-1.087	-0.556	539	  8	 100	2	12	 inf	   50.615	   188.801	   482.939	  671.957	 9	2560	2	1	1	0	0
0.260	0.500	1.000	-1.087	-0.556	539	  56	 1	0	6	 inf	   50.615	   562.482	   481.089	  1043.769	 1	2560	0	0	0	0	0
0.260	0.500	1.000	-1.087	-0.556	539	  56	 1	0	6	 inf	   50.615	   311.939	   480.408	  792.655	 1	2560	0	1	0	0	0
0.260	0.500	1.000	-1.087	-0.556	539	  56	 1	0	6	 inf	   50.615	   258.934	   480.278	  739.432	 0	2560	0	0	1	0	0
0.260	0.500	1.000	-1.087	-0.556	539	  56	 1	0	6	 inf	   50.615	   260.837	   480.800	  741.833	 0	2560	0	1	1	0	0
0.260	0.500	1.000	-1.087	-0.556	539	  56	 1	0	12	 inf	   50.615	   748.043	   480.945	  1229.186	 2	2560	0	0	0	0	0
0.260	0.500	1.000	-1.087	-0.556	539	  56	 1	0	12	 inf	   50.615	   364.170	   484.144	  848.637	 2	2560	0	1	0	0	0
0.260	0.500	1.000	-1.087	-0.556	539	  56	 1	0	12	 inf	   50.615	   503.954	   482.190	  986.348	 1	2560	0	0	1	0	0
0.260	0.500	1.000	-1.087	-0.556	539	  56	 1	0	12	 inf	   50.615	   311.758	   481.602	  793.561	 1	2560	0	1	1	0	0
0.260	0.500	1.000	-1.087	-0.556	539	  56	 1	1	6	 inf	   50.615	   681.950	   480.799	  1162.948	 1	2560	0	0	0	0	0
0.260	0.500	1.000	-1.087	-0.556	539	  56	 1	1	6	 inf	   50.615	   364.012	   482.886	  847.141	 1	2560	0	1	0	0	0
0.260	0.500	1.000	-1.087	-0.556	539	  56	 1	1	6	 inf	   50.615	   375.931	   480.682	  856.831	 0	2560	0	0	1	0	0
0.260	0.500	1.000	-1.087	-0.556	539	  56	 1	1	6	 inf	   50.615	   312.305	   483.292	  795.820	 0	2560	0	1	1	0	0
0.260	0.500	1.000	-1.087	-0.556	539	  56	 1	1	12	 inf	   50.615	   743.197	   482.472	  1225.867	 2	2560	0	0	0	0	0
0.260	0.500	1.000	-1.087	-0.556	539	  56	 1	1	12	 inf	   50.615	   366.609	   483.305	  850.180	 1	2560	0	1	0	0	0
0.260	0.500	1.000	-1.087	-0.556	539	  56	 1	1	12	 inf	   50.615	   502.676	   484.419	  987.358	 1	2560	0	0	1	0	0
0.260	0.500	1.000	-1.087	-0.556	539	  56	 1	1	12	 inf	   50.615	   313.621	   483.285	  797.159	 1	2560	0	1	1	0	0
0.260	0.500	1.000	-1.087	-0.556	539	  56	 1	2	6	 inf	   50.615	   498.332	   484.199	  982.729	 1	2560	0	0	0	0	0
0.260	0.500	1.000	-1.087	-0.556	539	  56	 1	2	6	 inf	   50.615	   332.652	   481.555	  814.401	 1	2560	0	1	0	0	0
0.260	0.500	1.000	-1.087	-0.556	539	  56	 1	2	6	 inf	   50.615	   259.144	   480.079	  739.422	 0	2560	0	0	1	0	0
0.260	0.500	1.000	-1.087	-0.556	539	  56	 1	2	6	 inf	   50.615	   280.389	   480.683	  761.267	 0	2560	0	1	1	0	0
0.260	0.500	1.000	-1.087	-0.556	539	  56	 1	2	12	 inf	   50.615	   736.433	   482.161	  1218.792	 1	2560	0	0	0	0	0
0.260	0.500	1.000	-1.087	-0.556	539	  56	 1	2	12	 inf	   50.615	   365.126	   483.555	  849.010	 2	2560	0	1	0	0	0
0.260	0.500	1.000	-1.087	-0.556	539	  56	 1	2	12	 inf	   50.615	   499.198	   482.054	  981.452	 0	2560	0	0	1	0	0
0.260	0.500	1.000	-1.087	-0.556	539	  56	 1	2	12	 inf	   50.615	   302.019	   483.196	  785.481	 3	2560	2	1	1	0	0
0.260	0.500	1.000	-1.087	-0.556	539	  56	 100	0	6	 inf	   50.615	   735.697	   480.954	  1216.848	 2	2560	0	0	0	0	0
0.260	0.500	1.000	-1.087	-0.556	539	  56	 100	0	6	 inf	   50.615	   358.706	   481.116	  840.018	 1	2560	0	1	0	0	0
0.260	0.500	1.000	-1.087	-0.556	539	  56	 100	0	6	 inf	   50.615	   504.355	   481.613	  986.182	 1	2560	0	0	1	0	0
0.260	0.500	1.000	-1.087	-0.556	539	  56	 100	0	6	 inf	   50.615	   306.125	   480.101	  786.500	 1	2560	0	1	1	0	0
0.260	0.500	1.000	-1.087	-0.556	539	  56	 100	0	12	 inf	   50.615	   735.485	   481.349	  1217.032	 2	2560	0	0	0	0	0
0.260	0.500	1.000	-1.087	-0.556	539	  56	 100	0	12	 inf	   50.615	   368.837	   480.486	  849.598	 2	2560	0	1	0	0	0
0.260	0.500	1.000	-1.087	-0.556	539	  56	 100	0	12	 inf	   50.615	   496.893	   481.568	  978.662	 1	2560	0	0	1	0	0
0.260	0.500	1.000	-1.087	-0.556	539	  56	 100	0	12	 inf	   50.615	   317.233	   481.751	  799.202	 1	2560	0	1	1	0	0
0.260	0.500	1.000	-1.087	-0.556	539	  56	 100	1	6	 inf	   50.615	   743.251	   483.006	  1226.457	 2	2560	0	0	0	0	0
0.260	0.500	1.000	-1.087	-0.556	539	  56	 100	1	6	 inf	   50.615	   385.130	   483.929	  869.252	 2	2560	0	1	0	0	0
0.260	0.500	1.000	-1.087	-0.556	539	  56	 100	1	6	 inf	   50.615	   513.626	   483.188	  997.056	 1	2560	0	0	1	0	0
0.260	0.500	1.000	-1.087	-0.556	539	  56	 100	1	6	 inf	   50.615	   339.361	   484.518	  824.102	 1	2560	0	1	1	0	0
0.260	0.500	1.000	-1.087	-0.556	539	  56	 100	1	12	 inf	   50.615	   749.899	   484.490	  1234.590	 2	2560	0	0	0	0	0
0.260	0.500	1.000	-1.087	-0.556	539	  56	 100	1	12	 inf	   50.615	   383.073	   483.389	  866.760	 2	2560	0	1	0	0	0
0.260	0.500	1.000	-1.087	-0.556	539	  56	 100	1	12	 inf	   50.615	   690.894	   485.747	  1176.838	 1	2560	0	0	1	0	0
0.260	0.500	1.000	-1.087	-0.556	539	  56	 100	1	12	 inf	   50.615	   359.551	   484.711	  844.456	 1	2560	0	1	1	0	0
0.260	0.500	1.000	-1.087	-0.556	539	  56	 100	2	6	 inf	   50.615	   498.526	   484.403	  983.153	 1	2560	0	0	0	0	0
0.260	0.500	1.000	-1.087	-0.556	539	  56	 100	2	6	 inf	   50.615	   312.569	   483.679	  796.444	 1	2560	0	1	0	0	0
0.260	0.500	1.000	-1.087	-0.556	539	  56	 100	2	6	 inf	   50.615	   319.102	   483.608	  802.910	 0	2560	0	0	1	0	0
0.260	0.500	1.000	-1.087	-0.556	539	  56	 100	2	6	 inf	   50.615	   281.287	   482.042	  763.524	 0	2560	0	1	1	0	0
0.260	0.500	1.000	-1.087	-0.556	539	  56	 100	2	12	 inf	   50.615	   735.225	   482.819	  1218.242	 1	2560	0	0	0	0	0
0.260	0.500	1.000	-1.087	-0.556	539	  56	 100	2	12	 inf	   50.615	   365.160	   480.886	  846.325	 1	2560	0	1	0	0	0
0.260	0.500	1.000	-1.087	-0.556	539	  56	 100	2	12	 inf	   50.615	   498.090	   480.838	  979.126	 0	2560	0	0	1	0	0
0.260	0.500	1.000	-1.087	-0.556	539	  56	 100	2	12	 inf	   50.615	   322.399	   481.673	  804.319	 1	2560	0	1	1	0	0

                            The run.sh command was:                                 
##########################################################################################
#!/bin/bash
#SBATCH --account=k1251
#SBATCH --job-name=pfeast_nc64
#SBATCH --output=./sensTV/64/3pfeast_nc_64-%j.out
#SBATCH --error=./sensTV/64/errors/pfeast_nc_64-%j.err
#SBATCH --nodes=1
#SBATCH --time=23:30:00

export MKL_NUM_THREADS=32 OMP_NUM_THREADS=32
echo " Scan The fastest combinaison 64"
echo""
echo " MKL_NUM_THREADS=32 OMP_NUM_THREADS=32"
echo""
echo""

#srun --ntasks=1 --ntasks-per-node=1    ./SCSA_2D2D_dfeast_parallel   -nc 8 --data ../dat_data/img64_Lena64.dat ../dat_data/img64_Lena64.dat  -N 64 -h 0.26 -gm 0.5
#srun --ntasks=4 --ntasks-per-node=4  --ntasks-per-socket=2  ./SCSA_2D2D_dfeast_parallel   -nc 8 --data ../dat_data/img64_Lena64.dat ../dat_data/img64_Lena64.dat  -N 64 -h 0.26 -gm 0.5
srun --ntasks=8 --ntasks-per-node=8  --ntasks-per-socket=4  ./SCSA_2D2D_dfeast_parallel   -nc 8 --data ../dat_data/img64_Lena64.dat ../dat_data/img64_Lena64.dat  -N 64 -h 0.26 -gm 0.5
#srun --ntasks=12 --ntasks-per-node=12  --ntasks-per-socket=6  ./SCSA_2D2D_dfeast_parallel   -nc 8 --data ../dat_data/img64_Lena64.dat ../dat_data/img64_Lena64.dat  -N 64 -h 0.26 -gm 0.5

echo""
echo "                            The run.sh command was:                                 "
echo "##########################################################################################"
cat run_64.sh
