 Scan The fastest combinaison 64

 MKL_NUM_THREADS=32 OMP_NUM_THREADS=32




Feast 3.0:  image size = 64 X 64  ,   # Sub-Intervals= 8

| Sub-Intervals| 		| -1.09 -- -0.556 -- -0.454 -- -0.366 -- -0.285 -- -0.209 -- -0.138 -- -0.0689 -- 0 |
| List M0 |   		          | 337 -- 325 -- 334 -- 332 -- 331 -- 344 -- 339 -- 338 |


Parallel Feast Double

h 	 gm 	 fe 	 Emin 	 Emax 	 M0 	 #cnt 	 ratio 	 Meth 	 eps 	 PSNR0  	 PSNR 	 eig(s) 	 Split(s) 	 Total(s) 	 #iter 	 Nh % 	 info	 store_fact 	 cnvgce_trace_Resdl 	 guess_M0 % 	  Run_Q_M0
0.260	0.500	1.000	-1.087	-0.556	471	  8	 1	0	6	 inf	   50.615	   92.270	   457.369	  549.861	 1	2560	0	0	0	0	0
0.260	0.500	1.000	-1.087	-0.556	471	  8	 1	0	6	 inf	   50.615	   69.034	   461.828	  531.115	 1	2560	0	1	0	0	0
0.260	0.500	1.000	-1.087	-0.556	471	  8	 1	0	6	 inf	   50.615	   95.815	   465.339	  561.427	 1	2560	0	0	1	0	0
0.260	0.500	1.000	-1.087	-0.556	471	  8	 1	0	6	 inf	   50.615	   68.087	   469.716	  538.023	 1	2560	0	1	1	0	0
0.260	0.500	1.000	-1.087	-0.556	471	  8	 1	0	12	 inf	   50.615	   139.174	   467.265	  606.640	 2	2560	0	0	0	0	0
0.260	0.500	1.000	-1.087	-0.556	471	  8	 1	0	12	 inf	   50.615	   88.258	   464.927	  553.498	 2	2560	0	1	0	0	0
0.260	0.500	1.000	-1.087	-0.556	471	  8	 1	0	12	 inf	   50.615	   140.563	   466.829	  607.716	 5	2560	0	0	1	0	0
0.260	0.500	1.000	-1.087	-0.556	471	  8	 1	0	12	 inf	   50.615	   89.059	   468.127	  557.497	 5	2560	0	1	1	0	0
0.260	0.500	1.000	-1.087	-0.556	471	  8	 1	1	6	 inf	   50.615	   97.084	   470.283	  567.590	 1	2560	0	0	0	0	0
0.260	0.500	1.000	-1.087	-0.556	471	  8	 1	1	6	 inf	   50.615	   69.984	   474.203	  544.430	 1	2560	0	1	0	0	0
0.260	0.500	1.000	-1.087	-0.556	471	  8	 1	1	6	 inf	   50.615	   96.727	   476.224	  573.213	 1	2560	0	0	1	0	0
0.260	0.500	1.000	-1.087	-0.556	471	  8	 1	1	6	 inf	   50.615	   70.495	   476.966	  547.706	 1	2560	0	1	1	0	0
0.260	0.500	1.000	-1.087	-0.556	471	  8	 1	1	12	 inf	   50.615	   140.283	   476.745	  617.225	 2	2560	0	0	0	0	0
0.260	0.500	1.000	-1.087	-0.556	471	  8	 1	1	12	 inf	   50.615	   87.395	   475.441	  563.099	 2	2560	0	1	0	0	0
0.260	0.500	1.000	-1.087	-0.556	471	  8	 1	1	12	 inf	   50.615	   186.591	   473.698	  660.532	 5	2560	0	0	1	0	0
0.260	0.500	1.000	-1.087	-0.556	471	  8	 1	1	12	 inf	   50.615	   105.008	   473.921	  579.185	 5	2560	0	1	1	0	0
0.260	0.500	1.000	-1.087	-0.556	471	  8	 1	2	6	 inf	   50.615	   187.202	   475.806	  663.255	 3	2560	0	0	0	0	0
0.260	0.500	1.000	-1.087	-0.556	471	  8	 1	2	6	 inf	   50.615	   108.042	   473.663	  581.915	 3	2560	0	1	0	0	0
0.260	0.500	1.000	-1.087	-0.556	471	  8	 1	2	6	 inf	   50.615	   189.441	   475.170	  664.855	 3	2560	0	0	1	0	0
0.260	0.500	1.000	-1.087	-0.556	471	  8	 1	2	6	 inf	   50.615	   108.901	   476.202	  585.349	 3	2560	0	1	1	0	0
0.260	0.500	1.000	-1.087	-0.556	471	  8	 1	2	12	 inf	   50.615	   230.325	   474.323	  704.850	 4	2560	0	0	0	0	0
0.260	0.500	1.000	-1.087	-0.556	471	  8	 1	2	12	 inf	   50.615	   127.979	   473.437	  601.723	 4	2560	0	1	0	0	0
0.260	0.500	1.000	-1.087	-0.556	471	  8	 1	2	12	 inf	   50.615	   319.373	   472.881	  792.553	 7	2560	0	0	1	0	0
0.260	0.500	1.000	-1.087	-0.556	471	  8	 1	2	12	 inf	   50.615	   162.062	   476.810	  639.201	 8	2560	0	1	1	0	0
0.260	0.500	1.000	-1.087	-0.556	471	  8	 100	0	6	 inf	   50.615	   141.891	   476.720	  618.816	 2	2560	0	0	0	0	0
0.260	0.500	1.000	-1.087	-0.556	471	  8	 100	0	6	 inf	   50.615	   87.889	   478.592	  566.836	 2	2560	0	1	0	0	0
0.260	0.500	1.000	-1.087	-0.556	471	  8	 100	0	6	 inf	   50.615	   140.096	   477.715	  618.011	 2	2560	0	0	1	0	0
0.260	0.500	1.000	-1.087	-0.556	471	  8	 100	0	6	 inf	   50.615	   88.907	   478.688	  567.933	 2	2560	0	1	1	0	0
0.260	0.500	1.000	-1.087	-0.556	471	  8	 100	0	12	 inf	   50.615	   168.352	   477.024	  645.645	 2	2560	0	0	0	0	0
0.260	0.500	1.000	-1.087	-0.556	471	  8	 100	0	12	 inf	   50.615	   101.344	   475.832	  577.426	 2	2560	0	1	0	0	0
0.260	0.500	1.000	-1.087	-0.556	471	  8	 100	0	12	 inf	   50.615	   238.223	   476.043	  714.463	 3	2560	0	0	1	0	0
0.260	0.500	1.000	-1.087	-0.556	471	  8	 100	0	12	 inf	   50.615	   139.934	   475.512	  615.758	 3	2560	0	1	1	0	0
0.260	0.500	1.000	-1.087	-0.556	471	  8	 100	1	6	 inf	   50.615	   206.576	   474.155	  680.991	 3	2560	0	0	0	0	0
0.260	0.500	1.000	-1.087	-0.556	471	  8	 100	1	6	 inf	   50.615	   121.409	   472.950	  594.614	 3	2560	0	1	0	0	0
0.260	0.500	1.000	-1.087	-0.556	471	  8	 100	1	6	 inf	   50.615	   217.088	   475.569	  692.935	 2	2560	0	0	1	0	0
0.260	0.500	1.000	-1.087	-0.556	471	  8	 100	1	6	 inf	   50.615	   132.299	   473.749	  606.313	 2	2560	0	1	1	0	0
0.260	0.500	1.000	-1.087	-0.556	471	  8	 100	1	12	 inf	   50.615	   265.680	   474.994	  740.892	 3	2560	0	0	0	0	0
0.260	0.500	1.000	-1.087	-0.556	471	  8	 100	1	12	 inf	   50.615	   162.417	   474.008	  636.697	 3	2560	0	1	0	0	0
0.260	0.500	1.000	-1.087	-0.556	471	  8	 100	1	12	 inf	   50.615	   383.933	   473.811	  858.028	 5	2560	0	0	1	0	0
0.260	0.500	1.000	-1.087	-0.556	471	  8	 100	1	12	 inf	   50.615	   226.130	   474.358	  700.777	 5	2560	0	1	1	0	0
0.260	0.500	1.000	-1.087	-0.556	471	  8	 100	2	6	 inf	   50.615	   184.813	   470.401	  655.448	 3	2560	0	0	0	0	0
0.260	0.500	1.000	-1.087	-0.556	471	  8	 100	2	6	 inf	   50.615	   107.758	   472.364	  580.386	 3	2560	0	1	0	0	0
0.260	0.500	1.000	-1.087	-0.556	471	  8	 100	2	6	 inf	   50.615	   185.021	   471.443	  656.683	 3	2560	0	0	1	0	0
0.260	0.500	1.000	-1.087	-0.556	471	  8	 100	2	6	 inf	   50.615	   109.576	   475.441	  585.237	 3	2560	0	1	1	0	0
0.260	0.500	1.000	-1.087	-0.556	471	  8	 100	2	12	 inf	   50.615	   227.750	   474.998	  702.980	 4	2560	0	0	0	0	0
0.260	0.500	1.000	-1.087	-0.556	471	  8	 100	2	12	 inf	   50.615	   127.778	   475.356	  603.456	 4	2560	0	1	0	0	0
0.260	0.500	1.000	-1.087	-0.556	471	  8	 100	2	12	 inf	   50.615	   314.272	   471.168	  785.661	 8	2560	0	0	1	0	0
0.260	0.500	1.000	-1.087	-0.556	471	  8	 100	2	12	 inf	   50.615	   166.877	   470.873	  638.123	 7	2560	0	1	1	0	0
0.260	0.500	1.000	-1.087	-0.556	471	  56	 1	0	6	 inf	   50.615	   554.787	   473.039	  1028.025	 1	2560	0	0	0	0	0
0.260	0.500	1.000	-1.087	-0.556	471	  56	 1	0	6	 inf	   50.615	   340.694	   472.555	  813.536	 1	2560	0	1	0	0	0
0.260	0.500	1.000	-1.087	-0.556	471	  56	 1	0	6	 inf	   50.615	   367.527	   470.360	  838.084	 0	2560	0	0	1	0	0
0.260	0.500	1.000	-1.087	-0.556	471	  56	 1	0	6	 inf	   50.615	   275.838	   472.496	  748.528	 0	2560	0	1	1	0	0
0.260	0.500	1.000	-1.087	-0.556	471	  56	 1	0	12	 inf	   50.615	   727.673	   473.319	  1201.209	 2	2560	0	0	0	0	0
0.260	0.500	1.000	-1.087	-0.556	471	  56	 1	0	12	 inf	   50.615	   360.957	   473.808	  835.026	 2	2560	0	1	0	0	0
0.260	0.500	1.000	-1.087	-0.556	471	  56	 1	0	12	 inf	   50.615	   491.199	   475.064	  966.458	 1	2560	0	0	1	0	0
0.260	0.500	1.000	-1.087	-0.556	471	  56	 1	0	12	 inf	   50.615	   307.045	   474.776	  782.148	 1	2560	0	1	1	0	0
0.260	0.500	1.000	-1.087	-0.556	471	  56	 1	1	6	 inf	   50.615	   615.508	   476.181	  1091.908	 1	2560	0	0	0	0	0
0.260	0.500	1.000	-1.087	-0.556	471	  56	 1	1	6	 inf	   50.615	   351.545	   478.452	  830.333	 1	2560	0	1	0	0	0
0.260	0.500	1.000	-1.087	-0.556	471	  56	 1	1	6	 inf	   50.615	   433.626	   477.542	  911.389	 0	2560	0	0	1	0	0
0.260	0.500	1.000	-1.087	-0.556	471	  56	 1	1	6	 inf	   50.615	   301.394	   479.377	  781.080	 0	2560	0	1	1	0	0
0.260	0.500	1.000	-1.087	-0.556	471	  56	 1	1	12	 inf	   50.615	   679.188	   478.267	  1157.652	 1	2560	0	0	0	0	0
0.260	0.500	1.000	-1.087	-0.556	471	  56	 1	1	12	 inf	   50.615	   363.757	   478.828	  842.780	 2	2560	0	1	0	0	0
0.260	0.500	1.000	-1.087	-0.556	471	  56	 1	1	12	 inf	   50.615	   498.145	   479.605	  977.948	 1	2560	0	0	1	0	0
0.260	0.500	1.000	-1.087	-0.556	471	  56	 1	1	12	 inf	   50.615	   333.674	   477.542	  811.412	 1	2560	0	1	1	0	0
0.260	0.500	1.000	-1.087	-0.556	471	  56	 1	2	6	 inf	   50.615	   555.804	   479.322	  1035.326	 1	2560	0	0	0	0	0
0.260	0.500	1.000	-1.087	-0.556	471	  56	 1	2	6	 inf	   50.615	   330.118	   477.030	  807.443	 1	2560	0	1	0	0	0
0.260	0.500	1.000	-1.087	-0.556	471	  56	 1	2	6	 inf	   50.615	   256.578	   475.297	  732.109	 0	2560	0	0	1	0	0
0.260	0.500	1.000	-1.087	-0.556	471	  56	 1	2	6	 inf	   50.615	   276.238	   476.968	  753.458	 0	2560	0	1	1	0	0
0.260	0.500	1.000	-1.087	-0.556	471	  56	 1	2	12	 inf	   50.615	   736.581	   476.635	  1213.417	 2	2560	0	0	0	0	0
0.260	0.500	1.000	-1.087	-0.556	471	  56	 1	2	12	 inf	   50.615	   348.098	   477.047	  825.402	 1	2560	0	1	0	0	0
0.260	0.500	1.000	-1.087	-0.556	471	  56	 1	2	12	 inf	   50.615	   491.230	   477.808	  969.237	 1	2560	0	0	1	0	0
0.260	0.500	1.000	-1.087	-0.556	471	  56	 1	2	12	 inf	   50.615	   305.914	   475.490	  781.759	 1	2560	0	1	1	0	0
0.260	0.500	1.000	-1.087	-0.556	471	  56	 100	0	6	 inf	   50.615	   670.207	   477.868	  1148.293	 1	2560	0	0	0	0	0
0.260	0.500	1.000	-1.087	-0.556	471	  56	 100	0	6	 inf	   50.615	   349.992	   477.092	  827.277	 1	2560	0	1	0	0	0
0.260	0.500	1.000	-1.087	-0.556	471	  56	 100	0	6	 inf	   50.615	   496.278	   479.544	  976.064	 1	2560	0	0	1	0	0
0.260	0.500	1.000	-1.087	-0.556	471	  56	 100	0	6	 inf	   50.615	   256.276	   482.512	  739.106	 0	2560	0	1	1	0	0
0.260	0.500	1.000	-1.087	-0.556	471	  56	 100	0	12	 inf	   50.615	   730.944	   481.286	  1212.428	 2	2560	0	0	0	0	0
0.260	0.500	1.000	-1.087	-0.556	471	  56	 100	0	12	 inf	   50.615	   361.199	   479.833	  841.342	 2	2560	0	1	0	0	0
0.260	0.500	1.000	-1.087	-0.556	471	  56	 100	0	12	 inf	   50.615	   489.428	   480.891	  970.548	 1	2560	0	0	1	0	0
0.260	0.500	1.000	-1.087	-0.556	471	  56	 100	0	12	 inf	   50.615	   316.552	   475.810	  792.616	 1	2560	0	1	1	0	0
0.260	0.500	1.000	-1.087	-0.556	471	  56	 100	1	6	 inf	   50.615	   744.397	   476.998	  1221.596	 2	2560	0	0	0	0	0
0.260	0.500	1.000	-1.087	-0.556	471	  56	 100	1	6	 inf	   50.615	   377.571	   481.969	  859.810	 2	2560	0	1	0	0	0
0.260	0.500	1.000	-1.087	-0.556	471	  56	 100	1	6	 inf	   50.615	   502.976	   480.426	  983.652	 1	2560	0	0	1	0	0
0.260	0.500	1.000	-1.087	-0.556	471	  56	 100	1	6	 inf	   50.615	   324.278	   480.969	  805.482	 1	2560	0	1	1	0	0
0.260	0.500	1.000	-1.087	-0.556	471	  56	 100	1	12	 inf	   50.615	   754.415	   483.479	  1238.092	 2	2560	0	0	0	0	0
0.260	0.500	1.000	-1.087	-0.556	471	  56	 100	1	12	 inf	   50.615	   379.712	   484.756	  864.794	 2	2560	0	1	0	0	0
0.260	0.500	1.000	-1.087	-0.556	471	  56	 100	1	12	 inf	   50.615	   507.545	   485.204	  992.958	 1	2560	0	0	1	0	0
0.260	0.500	1.000	-1.087	-0.556	471	  56	 100	1	12	 inf	   50.615	   321.345	   484.408	  806.007	 1	2560	0	1	1	0	0
0.260	0.500	1.000	-1.087	-0.556	471	  56	 100	2	6	 inf	   50.615	   496.383	   484.389	  980.972	 1	2560	0	0	0	0	0
0.260	0.500	1.000	-1.087	-0.556	471	  56	 100	2	6	 inf	   50.615	   307.862	   485.707	  793.763	 1	2560	0	1	0	0	0
0.260	0.500	1.000	-1.087	-0.556	471	  56	 100	2	6	 inf	   50.615	   317.752	   483.090	  801.040	 0	2560	0	0	1	0	0
0.260	0.500	1.000	-1.087	-0.556	471	  56	 100	2	6	 inf	   50.615	   258.128	   483.701	  742.152	 0	2560	0	1	1	0	0
0.260	0.500	1.000	-1.087	-0.556	471	  56	 100	2	12	 inf	   50.615	   730.075	   485.606	  1215.881	 1	2560	0	0	0	0	0
0.260	0.500	1.000	-1.087	-0.556	471	  56	 100	2	12	 inf	   50.615	   360.065	   485.596	  845.941	 2	2560	0	1	0	0	0
0.260	0.500	1.000	-1.087	-0.556	471	  56	 100	2	12	 inf	   50.615	   610.445	   484.031	  1094.675	 1	2560	0	0	1	0	0
0.260	0.500	1.000	-1.087	-0.556	471	  56	 100	2	12	 inf	   50.615	   298.197	   485.447	  783.971	 0	2560	0	1	1	0	0

                            The run.sh command was:                                 
##########################################################################################
#!/bin/bash
#SBATCH --account=k1251
#SBATCH --job-name=pfeast_nc64
#SBATCH --output=./sensTV/64/3pfeast_nc_64-%j.out
#SBATCH --error=./sensTV/64/errors/pfeast_nc_64-%j.err
#SBATCH --nodes=1
#SBATCH --time=23:30:00

export MKL_NUM_THREADS=32 OMP_NUM_THREADS=32
echo " Scan The fastest combinaison 64"
echo""
echo " MKL_NUM_THREADS=32 OMP_NUM_THREADS=32"
echo""
echo""

#srun --ntasks=1 --ntasks-per-node=1    ./SCSA_2D2D_dfeast_parallel   -nc 8 --data ../dat_data/img64_Lena64.dat ../dat_data/img64_Lena64.dat  -N 64 -h 0.26 -gm 0.5
#srun --ntasks=4 --ntasks-per-node=4  --ntasks-per-socket=2  ./SCSA_2D2D_dfeast_parallel   -nc 8 --data ../dat_data/img64_Lena64.dat ../dat_data/img64_Lena64.dat  -N 64 -h 0.26 -gm 0.5
srun --ntasks=8 --ntasks-per-node=8  --ntasks-per-socket=4  ./SCSA_2D2D_dfeast_parallel   -nc 8 --data ../dat_data/img64_Lena64.dat ../dat_data/img64_Lena64.dat  -N 64 -h 0.26 -gm 0.5
#srun --ntasks=12 --ntasks-per-node=12  --ntasks-per-socket=6  ./SCSA_2D2D_dfeast_parallel   -nc 8 --data ../dat_data/img64_Lena64.dat ../dat_data/img64_Lena64.dat  -N 64 -h 0.26 -gm 0.5

echo""
echo "                            The run.sh command was:                                 "
echo "##########################################################################################"
cat run_64.sh
