 Scan The fastest combinaison 64

 MKL_NUM_THREADS=32 OMP_NUM_THREADS=32




Feast 3.0:  image size = 64 X 64  ,   # Sub-Intervals= 8

| Sub-Intervals| 		| -1.09 -- -0.556 -- -0.454 -- -0.366 -- -0.285 -- -0.209 -- -0.138 -- -0.0689 -- 0 |
| List M0 |   		          | 337 -- 325 -- 334 -- 332 -- 331 -- 344 -- 339 -- 338 |


Parallel Feast Double

h 	 gm 	 fe 	 Emin 	 Emax 	 M0 	 #cnt 	 ratio 	 Meth 	 eps 	 PSNR0  	 PSNR 	 eig(s) 	 Split(s) 	 Total(s) 	 #iter 	 Nh % 	 info	 store_fact 	 cnvgce_trace_Resdl 	 guess_M0 % 	  Run_Q_M0
0.260	0.500	1.000	-1.087	-0.556	202	  56	 100	0	6	 inf	   16.369	   635.256	   453.481	  1088.937	 2	1605	24	0	1	0	0
0.260	0.500	1.000	-1.087	-0.556	202	  56	 100	0	6	 inf	   16.369	   294.056	   462.096	  756.342	 2	1605	24	1	1	0	0
0.260	0.500	1.000	-1.087	-0.556	337	  56	 100	0	6	 inf	   50.615	   408.284	   466.833	  875.317	 1	2560	0	0	1	0	0
0.260	0.500	1.000	-1.087	-0.556	337	  56	 100	0	6	 inf	   50.615	   287.157	   463.396	  750.775	 1	2560	0	1	1	0	0
0.260	0.500	1.000	-1.087	-0.556	471	  56	 100	0	6	 inf	   50.615	   478.805	   463.102	  942.131	 1	2560	0	0	1	0	0
0.260	0.500	1.000	-1.087	-0.556	471	  56	 100	0	6	 inf	   50.615	   299.540	   465.461	  765.312	 1	2560	0	1	1	0	0
0.260	0.500	1.000	-1.087	-0.556	606	  56	 100	0	6	 inf	   50.615	   436.552	   467.763	  904.545	 0	2560	0	0	1	0	0
0.260	0.500	1.000	-1.087	-0.556	606	  56	 100	0	6	 inf	   50.615	   303.617	   466.407	  770.229	 1	2560	0	1	1	0	0

                            The run.sh command was:                                 
##########################################################################################
#!/bin/bash
#SBATCH --account=k1251
#SBATCH --job-name=pfeast_nc64
#SBATCH --output=./sensTV/64/3pfeast_nc_64-%j.out
#SBATCH --error=./sensTV/64/errors/pfeast_nc_64-%j.err
#SBATCH --nodes=1
#SBATCH --time=23:30:00

export MKL_NUM_THREADS=32 OMP_NUM_THREADS=32
echo " Scan The fastest combinaison 64"
echo""
echo " MKL_NUM_THREADS=32 OMP_NUM_THREADS=32"
echo""
echo""

#srun --ntasks=1 --ntasks-per-node=1    ./SCSA_2D2D_dfeast_parallel   -nc 8 --data ../dat_data/img64_Lena64.dat ../dat_data/img64_Lena64.dat  -N 64 -h 0.26 -gm 0.5
#srun --ntasks=4 --ntasks-per-node=4  --ntasks-per-socket=2  ./SCSA_2D2D_dfeast_parallel   -nc 8 --data ../dat_data/img64_Lena64.dat ../dat_data/img64_Lena64.dat  -N 64 -h 0.26 -gm 0.5
srun --ntasks=8 --ntasks-per-node=8  --ntasks-per-socket=4  ./SCSA_2D2D_dfeast_parallel   -nc 8 --data ../dat_data/img64_Lena64.dat ../dat_data/img64_Lena64.dat  -N 64 -h 0.26 -gm 0.5
#srun --ntasks=12 --ntasks-per-node=12  --ntasks-per-socket=6  ./SCSA_2D2D_dfeast_parallel   -nc 8 --data ../dat_data/img64_Lena64.dat ../dat_data/img64_Lena64.dat  -N 64 -h 0.26 -gm 0.5

echo""
echo "                            The run.sh command was:                                 "
echo "##########################################################################################"
cat run_64.sh
