*** glibc detected *** /lustre/project/k1251/Workspace/Script_in_Process/./SCSA_2D2D_dfeast_parallel: malloc(): memory corruption: 0x000000000f092250 ***
*** glibc detected *** /lustre/project/k1251/Workspace/Script_in_Process/./SCSA_2D2D_dfeast_parallel: malloc(): memory corruption: 0x000000000b779960 ***
*** glibc detected *** /lustre/project/k1251/Workspace/Script_in_Process/./SCSA_2D2D_dfeast_parallel: malloc(): memory corruption: 0x0000000008a376f0 ***
======= Backtrace: =========
[0x4d7b464]
[0x4d7e2d5]
[0x4d8035f]
[0x4aeeb3c]
[0x4aef776]
[0x4070b6]
[0x4017d8]
[0x4d476e1]
[0x400fd1]
======= Memory map: ========
00400000-05232000 r-xp 00000000 54c:efa30 144145435903220549             /lustre/project/k1251/Workspace/Script_in_Process/SCSA_2D2D_dfeast_parallel
05432000-0553d000 rwxp 04e32000 54c:efa30 144145435903220549             /lustre/project/k1251/Workspace/Script_in_Process/SCSA_2D2D_dfeast_parallel
0553d000-42516000 rwxp 00000000 00:00 0                                  [heap]
2aaaaaaab000-2aaaaaaac000 r-xp 00000000 00:00 0                          [vdso]
2aaaaaaac000-2aaaaaac4000 rwxs 00000000 00:04 187635                     /dev/zero (deleted)
2aaaaaac4000-2aaaaaec5000 rwxp 00000000 00:00 0 
2aaaaaec5000-2aaaaaec6000 rwxs 00000000 00:00 0 
2aaaaaec6000-2aaaaaec8000 rwxs 00000000 00:00 0 
2aaaaaec8000-2aaaaaec9000 r-xs 00000000 00:00 0 
2aaaaaec9000-2aaaaaecb000 rwxs 00000000 00:00 0 
2aaaaaecb000-2aaaaaecc000 r-xs 00000000 00:00 0 
2aaaaaecc000-2aaaaaecf000 rwxp 00000000 00:00 0 
2aaaaaecf000-2aaaaaed3000 rwxp 00000000 00:00 0 
2aaaaaed3000-2aaaaaed4000 rwxs 00000000 00:00 0 
2aaaaaed4000-2aaaaaed5000 r-xs 00000000 00:00 0 
2aaaaaed5000-2aaaaaed6000 r-xs ff5e2e000 00:04 187640                    /dev/zero (deleted)
2aaaaaed6000-2aaaaaf89000 rwxp 00000000 00:00 0 
2aaaaaf89000-2aaaaaf8a000 ---p 00000000 00:00 0 
2aaaaaf8a000-2aaaab1db000 rwxp 00000000 00:00 0 
2aaaab1db000-2aaaab1dc000 rwxs 00000000 00:00 0 
2aaaab1dc000-2aaaab1ed000 rwxp 00000000 00:00 0 
2aaaab1ed000-2aaaab1ee000 rwxs 00000000 00:00 0 
2aaaab200000-2aaaab600000 rwxs 00000000 00:1c 187641                     /var/lib/hugetlbfs/global/pagesize-2097152/hugepagefile.MPICH.0.58258.kvs_4469492 (deleted)
2aaaab600000-2aaaab832000 rwxp 00000000 00:00 0 
2aaaab832000-2aaaab833000 rwxs 00000000 00:00 0 
2aaaab833000-2aaaab944000 rwxp 00000000 00:00 0 
2aaaab944000-2aaaab94c000 rwxs 00000000 00:00 0 
2aaaab94c000-2aaaab954000 rwxs 00000000 00:00 0 
2aaaab954000-2aaaab955000 rwxs 00000000 00:00 0 
2aaaab955000-2aaaab984000 rwxp 00000000 00:00 0 
2aaaaba00000-2aaaabe00000 rwxs 00000000 00:1c 187642                     /var/lib/hugetlbfs/global/pagesize-2097152/hugepagefile.MPICH.1.58258.kvs_4469492 (deleted)
2aaaabe00000-2aaab3941000 rwxp 00000000 00:00 0 
2aaab47a8000-2aaab4dd4000 rwxp 00000000 00:00 0 
2aaad65d8000-2aaad65d9000 ---p 00000000 00:00 0 
2aaad65d9000-2aaad65e9000 rwxp 00000000 00:00 0 
2aaad65e9000-2aaad65ea000 ---p 00000000 00:00 0 
2aaad65ea000-2aaad69ea000 rwxp 00000000 00:00 0 
2aaad69ea000-2aaad69eb000 ---p 00000000 00:00 0 
2aaad69eb000-2aaad6deb000 rwxp 00000000 00:00 0 
2aaad6deb000-2aaad6dec000 ---p 00000000 00:00 0 
2aaad6dec000-2aaad71ec000 rwxp 00000000 00:00 0 
2aaad71ec000-2aaad71ed000 ---p 00000000 00:00 0 
2aaad71ed000-2aaad75ed000 rwxp 00000000 00:00 0 
2aaad75ed000-2aaad75ee000 ---p 00000000 00:00 0 
2aaad75ee000-2aaad79ee000 rwxp 00000000 00:00 0 
2aaad79ee000-2aaad79ef000 ---p 00000000 00:00 0 
2aaad79ef000-2aaad7def000 rwxp 00000000 00:00 0 
2aaad7def000-2aaad7df0000 ---p 00000000 00:00 0 
2aaad7df0000-2aaad81f0000 rwxp 00000000 00:00 0 
2aaad81f0000-2aaad81f1000 ---p 00000000 00:00 0 
2aaad81f1000-2aaad85f1000 rwxp 00000000 00:00 0 
2aaad85f1000-2aaad85f2000 ---p 00000000 00:00 0 
2aaad85f2000-2aaad89f2000 rwxp 00000000 00:00 0 
2aaad89f2000-2aaad89f3000 ---p 00000000 00:00 0 
2aaad89f3000-2aaad8df3000 rwxp 00000000 00:00 0 
2aaad8df3000-2aaad8df4000 ---p 00000000 00:00 0 
2aaad8df4000-2aaad91f4000 rwxp 00000000 00:00 0 
2aaad91f4000-2aaad91f5000 ---p 00000000 00:00 0 
2aaad91f5000-2aaad95f5000 rwxp 00000000 00:00 0 
2aaad95f5000-2aaad95f6000 ---p 00000000 00:00 0 
2aaad95f6000-2aaad99f6000 rwxp 00000000 00:00 0 
2aaad99f6000-2aaad99f7000 ---p 00000000 00:00 0 
2aaad99f7000-2aaad9df7000 rwxp 00000000 00:00 0 
2aaad9df7000-2aaad9df8000 ---p 00000000 00:00 0 
2aaad9df8000-2aaada1f8000 rwxp 00000000 00:00 0 
2aaada1f8000-2aaada1f9000 ---p 00000000 00:00 0 
2aaada1f9000-2aaada9f9000 rwxp 00000000 00:00 0 
2aaada9f9000-2aaada9fa000 ---p 00000000 00:00 0 
2aaada9fa000-2aaadadfa000 rwxp 00000000 00:00 0 
2aaadadfa000-2aaadadfb000 ---p 00000000 00:00 0 
2aaadadfb000-2aaadb1fb000 rwxp 00000000 00:00 0 
2aaadb1fb000-2aaadb1fc000 ---p 00000000 00:00 0 
2aaadb1fc000-2aaadb5fc000 rwxp 00000000 00:00 0 
2aaadb5fc000-2aaadb5fd000 ---p 00000000 00:00 0 
2aaadb5fd000-2aaadb9fd000 rwxp 00000000 00:00 0 
2aaadb9fd000-2aaadb9fe000 ---p 00000000 00:00 0 
2aaadb9fe000-2aaadbdfe000 rwxp 00000000 00:00 0 
2aaadbdfe000-2aaadbdff000 ---p 00000000 00:00 0 
2aaadbdff000-2aaadc1ff000 rwxp 00000000 00:00 0 
2aaadc1ff000-2aaadc200000 ---p 00000000 00:00 0 
2aaadc200000-2aaadc600000 rwxp 00000000 00:00 0 
2aaadc600000-2aaadc601000 ---p 00000000 00:00 0 
2aaadc601000-2aaadca01000 rwxp 00000000 00:00 0 
2aaadca01000-2aaadca02000 ---p 00000000 00:00 0 
2aaadca02000-2aaadce02000 rwxp 00000000 00:00 0 
2aaadce02000-2aaadce03000 ---p 00000000 00:00 0 
2aaadce03000-2aaadd203000 rwxp 00000000 00:00 0 
2aaadd203000-2aaadd204000 ---p 00000000 00:00 0 
2aaadd204000-2aaadd604000 rwxp 00000000 00:00 0 
2aaadd604000-2aaadd605000 ---p 00000000 00:00 0 
2aaadd605000-2aaadda05000 rwxp 00000000 00:00 0 
2aaadda05000-2aaadda06000 ---p 00000000 00:00 0 
2aaadda06000-2aaadde06000 rwxp 00000000 00:00 0 
2aaadde06000-2aaadde07000 ---p 00000000 00:00 0 
2aaadde07000-2aaade207000 rwxp 00000000 00:00 0 
2aaade207000-2aaade208000 ---p 00000000 00:00 0 
2aaade208000-2aaade608000 rwxp 00000000 00:00 0 
2aab84000000-2aab87b87000 rwxp 00000000 00:00 0 
2aab87b87000-2aab88000000 ---p 00000000 00:00 0 
2aab88000000-2aab8bb09000 rwxp 00000000 00:00 0 
2aab8bb09000-2aab8c000000 ---p 00000000 00:00 0 
2aab8c000000-2aab8ffe8000 rwxp 00000000 00:00 0 
2aab8ffe8000-2aab90000000 ---p 00000000 00:00 0 
2aab90000000-2aab93d46000 rwxp 00000000 00:00 0 
2aab93d46000-2aab94000000 ---p 00000000 00:00 0 
2aab94000000-2aab978a4000 rwxp 00000000 00:00 0 
2aab978a4000-2aab98000000 ---p 00000000 00:00 0 
2aab98000000-2aab9bdb9000 rwxp 00000000 00:00 0 
2aab9bdb9000-2aab9c000000 ---p 00000000 00:00 0 
2aab9c000000-2aab9ff41000 rwxp 00000000 00:00 0 
2aab9ff41000-2aaba0000000 ---p 00000000 00:00 0 
2aaba0000000-2aaba3d02000 rwxp 00000000 00:00 0 
2aaba3d02000-2aaba4000000 ---p 00000000 00:00 0 
2aaba4000000-2aaba7f82000 rwxp 00000000 00:00 0 
2aaba7f82000-2aaba8000000 ---p 00000000 00:00 0 
2aaba8000000-2aababea6000 rwxp 00000000 00:00 0 
2aababea6000-2aabac000000 ---p 00000000 00:00 0 
2aabac000000-2aabafd70000 rwxp 00000000 00:00 0 
2aabafd70000-2aabb0000000 ---p 00000000 00:00 0 
2aabb0000000-2aabb3a27000 rwxp 00000000 00:00 0 
2aabb3a27000-2aabb4000000 ---p 00000000 00:00 0 
2aabb4000000-2aabb7caf000 rwxp 00000000 00:00 0 
2aabb7caf000-2aabb8000000 ---p 00000000 00:00 0 
2aabb8000000-2aabba40e000 rwxp 00000000 00:00 0 
2aabba40e000-2aabbc000000 ---p 00000000 00:00 0 
2aabbc000000-2aabbfad5000 rwxp 00000000 00:00 0 
2aabbfad5000-2aabc0000000 ---p 00000000 00:00 0 
2aabc0000000-2aabc2d0b000 rwxp 00000000 00:00 0 
2aabc2d0b000-2aabc4000000 ---p 00000000 00:00 0 
2aabc4000000-2aabc75fd000 rwxp 00000000 00:00 0 
2aabc75fd000-2aabc8000000 ---p 00000000 00:00 0 
2aabc8000000-2aabcad02000 rwxp 00000000 00:00 0 
2aabcad02000-2aabcc000000 ---p 00000000 00:00 0 
2aabcc000000-2aabcf5ea000 rwxp 00000000 00:00 0 
2aabcf5ea000-2aabd0000000 ---p 00000000 00:00 0 
2aabd0000000-2aabd1b07000 rwxp 00000000 00:00 0 
2aabd1b07000-2aabd4000000 ---p 00000000 00:00 0 
7ffffdfb2000-7ffffffff000 rwxp 00000000 00:00 0                          [stack]
ffffffffff600000-ffffffffff601000 r-xp 00000000 00:00 0                  [vsyscall]
======= Backtrace: =========
[0x4d7b464]
[0x4d7e2d5]
[0x4d8035f]
[0x4aeeb3c]
[0x4aef776]
[0x4070b6]
[0x4017d8]
[0x4d476e1]
[0x400fd1]
======= Memory map: ========
00400000-05232000 r-xp 00000000 54c:efa30 144145435903220549             /lustre/project/k1251/Workspace/Script_in_Process/SCSA_2D2D_dfeast_parallel
05432000-0553d000 rwxp 04e32000 54c:efa30 144145435903220549             /lustre/project/k1251/Workspace/Script_in_Process/SCSA_2D2D_dfeast_parallel
0553d000-44a54000 rwxp 00000000 00:00 0                                  [heap]
2aaaaaaab000-2aaaaaaac000 r-xp 00000000 00:00 0                          [vdso]
2aaaaaaac000-2aaaaaac4000 rwxs 00000000 00:04 166388                     /dev/zero (deleted)
2aaaaaac4000-2aaaaaec5000 rwxp 00000000 00:00 0 
2aaaaaec5000-2aaaaaec6000 rwxs 00000000 00:00 0 
2aaaaaec6000-2aaaaaec8000 rwxs 00000000 00:00 0 
2aaaaaec8000-2aaaaaec9000 r-xs 00000000 00:00 0 
2aaaaaec9000-2aaaaaecb000 rwxs 00000000 00:00 0 
2aaaaaecb000-2aaaaaecc000 r-xs 00000000 00:00 0 
2aaaaaecc000-2aaaaaecf000 rwxp 00000000 00:00 0 
2aaaaaecf000-2aaaaaed3000 rwxp 00000000 00:00 0 
2aaaaaed3000-2aaaaaed4000 rwxs 00000000 00:00 0 
2aaaaaed4000-2aaaaaed5000 r-xs 00000000 00:00 0 
2aaaaaed5000-2aaaaaed6000 r-xs f8ffa1000 00:04 166393                    /dev/zero (deleted)
2aaaaaed6000-2aaaaaf89000 rwxp 00000000 00:00 0 
2aaaaaf89000-2aaaaaf8a000 ---p 00000000 00:00 0 
2aaaaaf8a000-2aaaab1db000 rwxp 00000000 00:00 0 
2aaaab1db000-2aaaab1dc000 rwxs 00000000 00:00 0 
2aaaab1dc000-2aaaab1ed000 rwxp 00000000 00:00 0 
2aaaab1ed000-2aaaab1ee000 rwxs 00000000 00:00 0 
2aaaab200000-2aaaab600000 rwxs 00000000 00:1c 166394                     /var/lib/hugetlbfs/global/pagesize-2097152/hugepagefile.MPICH.0.48409.kvs_4469492 (deleted)
2aaaab600000-2aaaab832000 rwxp 00000000 00:00 0 
2aaaab832000-2aaaab833000 rwxs 00000000 00:00 0 
2aaaab833000-2aaaab944000 rwxp 00000000 00:00 0 
2aaaab944000-2aaaab94c000 rwxs 00000000 00:00 0 
2aaaab94c000-2aaaab954000 rwxs 00000000 00:00 0 
2aaaab954000-2aaaab955000 rwxs 00000000 00:00 0 
2aaaab955000-2aaaab984000 rwxp 00000000 00:00 0 
2aaaaba00000-2aaaabe00000 rwxs 00000000 00:1c 166395                     /var/lib/hugetlbfs/global/pagesize-2097152/hugepagefile.MPICH.1.48409.kvs_4469492 (deleted)
2aaaabe00000-2aaab0140000 rwxp 00000000 00:00 0 
2aaab47a8000-2aaab49c8000 rwxp 00000000 00:00 0 
2aaab628f000-2aaab6290000 ---p 00000000 00:00 0 
2aaab6290000-2aaab62a0000 rwxp 00000000 00:00 0 
2aaab62a0000-2aaab62a1000 ---p 00000000 00:00 0 
2aaab62a1000-2aaab66a1000 rwxp 00000000 00:00 0 
2aaab66a1000-2aaab66a2000 ---p 00000000 00:00 0 
2aaab66a2000-2aaab6aa2000 rwxp 00000000 00:00 0 
2aaab6aa2000-2aaab6aa3000 ---p 00000000 00:00 0 
2aaab6aa3000-2aaab6ea3000 rwxp 00000000 00:00 0 
2aaab6ea3000-2aaab6ea4000 ---p 00000000 00:00 0 
2aaab6ea4000-2aaab72a4000 rwxp 00000000 00:00 0 
2aaab72a4000-2aaab72a5000 ---p 00000000 00:00 0 
2aaab72a5000-2aaab76a5000 rwxp 00000000 00:00 0 
2aaab76a5000-2aaab76a6000 ---p 00000000 00:00 0 
2aaab76a6000-2aaab7aa6000 rwxp 00000000 00:00 0 
2aaab7aa6000-2aaab7aa7000 ---p 00000000 00:00 0 
2aaab7aa7000-2aaab7ea7000 rwxp 00000000 00:00 0 
2aaab7ea7000-2aaab7ea8000 ---p 00000000 00:00 0 
2aaab7ea8000-2aaab82a8000 rwxp 00000000 00:00 0 
2aaab82a8000-2aaab82a9000 ---p 00000000 00:00 0 
2aaab82a9000-2aaab86a9000 rwxp 00000000 00:00 0 
2aaab86a9000-2aaab86aa000 ---p 00000000 00:00 0 
2aaab86aa000-2aaab8aaa000 rwxp 00000000 00:00 0 
2aaab8aaa000-2aaab8aab000 ---p 00000000 00:00 0 
2aaab8aab000-2aaab8eab000 rwxp 00000000 00:00 0 
2aaab8eab000-2aaab8eac000 ---p 00000000 00:00 0 
2aaab8eac000-2aaab92ac000 rwxp 00000000 00:00 0 
2aaab92ac000-2aaab92ad000 ---p 00000000 00:00 0 
2aaab92ad000-2aaab96ad000 rwxp 00000000 00:00 0 
2aaab96ad000-2aaab96ae000 ---p 00000000 00:00 0 
2aaab96ae000-2aaab9aae000 rwxp 00000000 00:00 0 
2aaab9aae000-2aaab9aaf000 ---p 00000000 00:00 0 
2aaab9aaf000-2aaab9eaf000 rwxp 00000000 00:00 0 
2aaab9eaf000-2aaab9eb0000 ---p 00000000 00:00 0 
2aaab9eb0000-2aaaba4b0000 rwxp 00000000 00:00 0 
2aaaba4b0000-2aaaba4b1000 ---p 00000000 00:00 0 
2aaaba4b1000-2aaabaab1000 rwxp 00000000 00:00 0 
2aaabaab1000-2aaabaab2000 ---p 00000000 00:00 0 
2aaabaab2000-2aaabaeb2000 rwxp 00000000 00:00 0 
2aaabaeb2000-2aaabaeb3000 ---p 00000000 00:00 0 
2aaabaeb3000-2aaabb2b3000 rwxp 00000000 00:00 0 
2aaabb2b3000-2aaabb2b4000 ---p 00000000 00:00 0 
2aaabb2b4000-2aaabb6b4000 rwxp 00000000 00:00 0 
2aaabb6b4000-2aaabb6b5000 ---p 00000000 00:00 0 
2aaabb6b5000-2aaabbab5000 rwxp 00000000 00:00 0 
2aaabbab5000-2aaabbab6000 ---p 00000000 00:00 0 
2aaabbab6000-2aaabbeb6000 rwxp 00000000 00:00 0 
2aaabbeb6000-2aaabbeb7000 ---p 00000000 00:00 0 
2aaabbeb7000-2aaabc2b7000 rwxp 00000000 00:00 0 
2aaabc2b7000-2aaabc2b8000 ---p 00000000 00:00 0 
2aaabc2b8000-2aaabc6b8000 rwxp 00000000 00:00 0 
2aaabc6b8000-2aaabc6b9000 ---p 00000000 00:00 0 
2aaabc6b9000-2aaabcab9000 rwxp 00000000 00:00 0 
2aaabcab9000-2aaabcaba000 ---p 00000000 00:00 0 
2aaabcaba000-2aaabceba000 rwxp 00000000 00:00 0 
2aaabceba000-2aaabcebb000 ---p 00000000 00:00 0 
2aaabcebb000-2aaabd2bb000 rwxp 00000000 00:00 0 
2aaabd2bb000-2aaabd2bc000 ---p 00000000 00:00 0 
2aaabd2bc000-2aaabd6bc000 rwxp 00000000 00:00 0 
2aaabd6bc000-2aaabd6bd000 ---p 00000000 00:00 0 
2aaabd6bd000-2aaabdabd000 rwxp 00000000 00:00 0 
2aaabdabd000-2aaabdabe000 ---p 00000000 00:00 0 
2aaabdabe000-2aaabdebe000 rwxp 00000000 00:00 0 
2aaabdebe000-2aaabdebf000 ---p 00000000 00:00 0 
2aaabdebf000-2aaabe2bf000 rwxp 00000000 00:00 0 
2aaac0000000-2aaac3fd8000 rwxp 00000000 00:00 0 
2aaac3fd8000-2aaac4000000 ---p 00000000 00:00 0 
2aaac4000000-2aaac7541000 rwxp 00000000 00:00 0 
2aab68000000-2aab6bc00000 rwxp 00000000 00:00 0 
2aab6bc00000-2aab6c000000 ---p 00000000 00:00 0 
2aab6c000000-2aab6fe23000 rwxp 00000000 00:00 0 
2aab6fe23000-2aab70000000 ---p 00000000 00:00 0 
2aab70000000-2aab73c29000 rwxp 00000000 00:00 0 
2aab73c29000-2aab74000000 ---p 00000000 00:00 0 
2aab74000000-2aab77962000 rwxp 00000000 00:00 0 
2aab77962000-2aab78000000 ---p 00000000 00:00 0 
2aab78000000-2aab7bd24000 rwxp 00000000 00:00 0 
2aab7bd24000-2aab7c000000 ---p 00000000 00:00 0 
2aab7c000000-2aab7fe01000 rwxp 00000000 00:00 0 
2aab7fe01000-2aab80000000 ---p 00000000 00:00 0 
2aab80000000-2aab83f58000 rwxp 00000000 00:00 0 
======= Backtrace: =========
[0x4d7b464]
[0x4d7e2d5]
[0x4d8035f]
[0x4aeeb3c]
[0x4aef776]
[0x4070b6]
[0x4017d8]
[0x4d476e1]
[0x400fd1]
======= Memory map: ========
2aab83f58000-2aab84000000 ---p 00000000 00:00 0 
2aab84000000-2aab87daf000 rwxp 00000000 00:00 0 
2aab87daf000-2aab88000000 ---p 00000000 00:00 0 
2aab88000000-2aab8bd94000 rwxp 00000000 00:00 0 
2aab8bd94000-2aab8c000000 ---p 00000000 00:00 0 
2aab8c000000-2aab8fd36000 rwxp 00000000 00:00 0 
2aab8fd36000-2aab90000000 ---p 00000000 00:00 0 
2aab90000000-2aab93fec000 rwxp 00000000 00:00 0 
2aab93fec000-2aab94000000 ---p 00000000 00:00 0 
2aab94000000-2aab97f4d000 rwxp 00000000 00:00 0 
2aab97f4d000-2aab98000000 ---p 00000000 00:00 0 
2aab98000000-2aab9b9e9000 rwxp 00000000 00:00 0 
2aab9b9e9000-2aab9c000000 ---p 00000000 00:00 0 
2aab9c000000-2aab9fb67000 rwxp 00000000 00:00 0 
2aab9fb67000-2aaba0000000 ---p 00000000 00:00 0 
2aaba0000000-2aaba36c3000 rwxp 00000000 00:00 0 
2aaba36c3000-2aaba4000000 ---p 00000000 00:00 0 
2aaba4000000-2aaba5b08000 rwxp 00000000 00:00 0 
2aaba5b08000-2aaba8000000 ---p 00000000 00:00 0 
2aabac000000-2aabac926000 rwxp 00000000 00:00 0 
00400000-05232000 r-xp 00000000 54c:efa30 144145435903220549             /lustre/project/k1251/Workspace/Script_in_Process/SCSA_2D2D_dfeast_parallel
05432000-0553d000 rwxp 04e32000 54c:efa30 144145435903220549             /lustre/project/k1251/Workspace/Script_in_Process/SCSA_2D2D_dfeast_parallel
0553d000-4128f000 rwxp 00000000 00:00 0                                  [heap]
2aaaaaaab000-2aaaaaaac000 r-xp 00000000 00:00 0                          [vdso]
2aaaaaaac000-2aaaaaac4000 rwxs 00000000 00:04 160941                     /dev/zero (deleted)
2aaaaaac4000-2aaaaaec5000 rwxp 00000000 00:00 0 
2aaaaaec5000-2aaaaaec6000 rwxs 00000000 00:00 0 
2aaaaaec6000-2aaaaaec8000 rwxs 00000000 00:00 0 
2aaaaaec8000-2aaaaaec9000 r-xs 00000000 00:00 0 
2aaaaaec9000-2aaaaaecb000 rwxs 00000000 00:00 0 
2aaaaaecb000-2aaaaaecc000 r-xs 00000000 00:00 0 
2aaaaaecc000-2aaaaaecf000 rwxp 00000000 00:00 0 
2aaaaaecf000-2aaaaaed3000 rwxp 00000000 00:00 0 
2aaaaaed3000-2aaaaaed4000 rwxs 00000000 00:00 0 
2aabac926000-2aabb0000000 ---p 00000000 00:00 0 
2aabb0000000-2aabb120c000 rwxp 00000000 00:00 0 
2aabb120c000-2aabb4000000 ---p 00000000 00:00 0 
7fffffed7000-7ffffffff000 rwxp 00000000 00:00 0                          [stack]
ffffffffff600000-ffffffffff601000 r-xp 00000000 00:00 0                  [vsyscall]
2aaaaaed4000-2aaaaaed5000 r-xs 00000000 00:00 0 
2aaaaaed5000-2aaaaaed6000 r-xs fee265000 00:04 160946                    /dev/zero (deleted)
2aaaaaed6000-2aaaaaf89000 rwxp 00000000 00:00 0 
2aaaaaf89000-2aaaaaf8a000 ---p 00000000 00:00 0 
2aaaaaf8a000-2aaaab1db000 rwxp 00000000 00:00 0 
2aaaab1db000-2aaaab1dc000 rwxs 00000000 00:00 0 
2aaaab1dc000-2aaaab1ed000 rwxp 00000000 00:00 0 
2aaaab1ed000-2aaaab1ee000 rwxs 00000000 00:00 0 
2aaaab200000-2aaaab600000 rwxs 00000000 00:1c 160947                     /var/lib/hugetlbfs/global/pagesize-2097152/hugepagefile.MPICH.0.48368.kvs_4469492 (deleted)
2aaaab600000-2aaaab832000 rwxp 00000000 00:00 0 
2aaaab832000-2aaaab833000 rwxs 00000000 00:00 0 
2aaaab833000-2aaaab944000 rwxp 00000000 00:00 0 
2aaaab944000-2aaaab94c000 rwxs 00000000 00:00 0 
2aaaab94c000-2aaaab954000 rwxs 00000000 00:00 0 
2aaaab954000-2aaaab955000 rwxs 00000000 00:00 0 
2aaaab955000-2aaaab984000 rwxp 00000000 00:00 0 
2aaaaba00000-2aaaabe00000 rwxs 00000000 00:1c 160948                     /var/lib/hugetlbfs/global/pagesize-2097152/hugepagefile.MPICH.1.48368.kvs_4469492 (deleted)
2aaaabe00000-2aaab3e01000 rwxp 00000000 00:00 0 
2aaab47a8000-2aaab49c8000 rwxp 00000000 00:00 0 
2aaab62b0000-2aaab62b1000 ---p 00000000 00:00 0 
2aaab62b1000-2aaab62c1000 rwxp 00000000 00:00 0 
2aaab62c1000-2aaab62c2000 ---p 00000000 00:00 0 
2aaab62c2000-2aaab66c2000 rwxp 00000000 00:00 0 
2aaab66c2000-2aaab66c3000 ---p 00000000 00:00 0 
2aaab66c3000-2aaab6ac3000 rwxp 00000000 00:00 0 
2aaab6ac3000-2aaab6ac4000 ---p 00000000 00:00 0 
2aaab6ac4000-2aaab6ec4000 rwxp 00000000 00:00 0 
2aaab6ec4000-2aaab6ec5000 ---p 00000000 00:00 0 
2aaab6ec5000-2aaab72c5000 rwxp 00000000 00:00 0 
2aaab72c5000-2aaab72c6000 ---p 00000000 00:00 0 
2aaab72c6000-2aaab76c6000 rwxp 00000000 00:00 0 
2aaab76c6000-2aaab76c7000 ---p 00000000 00:00 0 
2aaab76c7000-2aaab7ac7000 rwxp 00000000 00:00 0 
2aaab7ac7000-2aaab7ac8000 ---p 00000000 00:00 0 
2aaab7ac8000-2aaab7ec8000 rwxp 00000000 00:00 0 
2aaab7ec8000-2aaab7ec9000 ---p 00000000 00:00 0 
2aaab7ec9000-2aaab82c9000 rwxp 00000000 00:00 0 
2aaab82c9000-2aaab82ca000 ---p 00000000 00:00 0 
2aaab82ca000-2aaab86ca000 rwxp 00000000 00:00 0 
2aaab86ca000-2aaab86cb000 ---p 00000000 00:00 0 
2aaab86cb000-2aaab8acb000 rwxp 00000000 00:00 0 
2aaab8acb000-2aaab8acc000 ---p 00000000 00:00 0 
2aaab8acc000-2aaab8ecc000 rwxp 00000000 00:00 0 
2aaab8ecc000-2aaab8ecd000 ---p 00000000 00:00 0 
2aaab8ecd000-2aaab92cd000 rwxp 00000000 00:00 0 
2aaab92cd000-2aaab92ce000 ---p 00000000 00:00 0 
2aaab92ce000-2aaab96ce000 rwxp 00000000 00:00 0 
2aaab96ce000-2aaab96cf000 ---p 00000000 00:00 0 
2aaab96cf000-2aaab9acf000 rwxp 00000000 00:00 0 
2aaab9acf000-2aaab9ad0000 ---p 00000000 00:00 0 
2aaab9ad0000-2aaab9ed0000 rwxp 00000000 00:00 0 
2aaab9ed0000-2aaab9ed1000 ---p 00000000 00:00 0 
2aaab9ed1000-2aaaba4d1000 rwxp 00000000 00:00 0 
2aaaba4d1000-2aaaba4d2000 ---p 00000000 00:00 0 
2aaaba4d2000-2aaabaad2000 rwxp 00000000 00:00 0 
2aaabaad2000-2aaabaad3000 ---p 00000000 00:00 0 
2aaabaad3000-2aaabaed3000 rwxp 00000000 00:00 0 
2aaabaed3000-2aaabaed4000 ---p 00000000 00:00 0 
2aaabaed4000-2aaabb2d4000 rwxp 00000000 00:00 0 
2aaabb2d4000-2aaabb2d5000 ---p 00000000 00:00 0 
2aaabb2d5000-2aaabb6d5000 rwxp 00000000 00:00 0 
2aaabb6d5000-2aaabb6d6000 ---p 00000000 00:00 0 
2aaabb6d6000-2aaabbad6000 rwxp 00000000 00:00 0 
2aaabbad6000-2aaabbad7000 ---p 00000000 00:00 0 
2aaabbad7000-2aaabbed7000 rwxp 00000000 00:00 0 
2aaabc000000-2aaabfba1000 rwxp 00000000 00:00 0 
2aaabfba1000-2aaac0000000 ---p 00000000 00:00 0 
2aaac0000000-2aaac0001000 ---p 00000000 00:00 0 
2aaac0001000-2aaac0401000 rwxp 00000000 00:00 0 
2aaac0401000-2aaac0402000 ---p 00000000 00:00 0 
2aaac0402000-2aaac0802000 rwxp 00000000 00:00 0 
2aaac0802000-2aaac0803000 ---p 00000000 00:00 0 
2aaac0803000-2aaac0c03000 rwxp 00000000 00:00 0 
2aaac0c03000-2aaac0c04000 ---p 00000000 00:00 0 
2aaac0c04000-2aaac1004000 rwxp 00000000 00:00 0 
2aaac1004000-2aaac1005000 ---p 00000000 00:00 0 
2aaac1005000-2aaac1405000 rwxp 00000000 00:00 0 
2aaac1405000-2aaac1406000 ---p 00000000 00:00 0 
2aaac1406000-2aaac1806000 rwxp 00000000 00:00 0 
2aaac1806000-2aaac1807000 ---p 00000000 00:00 0 
2aaac1807000-2aaac1c07000 rwxp 00000000 00:00 0 
2aaac1c07000-2aaac1c08000 ---p 00000000 00:00 0 
2aaac1c08000-2aaac2008000 rwxp 00000000 00:00 0 
2aaac2008000-2aaac2009000 ---p 00000000 00:00 0 
2aaac2009000-2aaac2409000 rwxp 00000000 00:00 0 
2aab68000000-2aab6bde7000 rwxp 00000000 00:00 0 
2aab6bde7000-2aab6c000000 ---p 00000000 00:00 0 
2aab6c000000-2aab6feaa000 rwxp 00000000 00:00 0 
2aab6feaa000-2aab70000000 ---p 00000000 00:00 0 
2aab70000000-2aab73a1a000 rwxp 00000000 00:00 0 
2aab73a1a000-2aab74000000 ---p 00000000 00:00 0 
2aab74000000-2aab77e65000 rwxp 00000000 00:00 0 
2aab77e65000-2aab78000000 ---p 00000000 00:00 0 
2aab78000000-2aab7bfd3000 rwxp 00000000 00:00 0 
2aab7bfd3000-2aab7c000000 ---p 00000000 00:00 0 
2aab7c000000-2aab7f9b9000 rwxp 00000000 00:00 0 
2aab7f9b9000-2aab80000000 ---p 00000000 00:00 0 
2aab80000000-2aab839ae000 rwxp 00000000 00:00 0 
2aab839ae000-2aab84000000 ---p 00000000 00:00 0 
2aab84000000-2aab87df5000 rwxp 00000000 00:00 0 
2aab87df5000-2aab88000000 ---p 00000000 00:00 0 
2aab88000000-2aab8bcd0000 rwxp 00000000 00:00 0 
2aab8bcd0000-2aab8c000000 ---p 00000000 00:00 0 
2aab8c000000-2aab8fcbb000 rwxp 00000000 00:00 0 
2aab8fcbb000-2aab90000000 ---p 00000000 00:00 0 
2aab90000000-2aab93c7e000 rwxp 00000000 00:00 0 
2aab93c7e000-2aab94000000 ---p 00000000 00:00 0 
2aab94000000-2aab9780b000 rwxp 00000000 00:00 0 
2aab9780b000-2aab98000000 ---p 00000000 00:00 0 
2aab98000000-2aab9b3fc000 rwxp 00000000 00:00 0 
2aab9b3fc000-2aab9c000000 ---p 00000000 00:00 0 
2aab9c000000-2aab9ff99000 rwxp 00000000 00:00 0 
2aab9ff99000-2aaba0000000 ---p 00000000 00:00 0 
2aaba0000000-2aaba3917000 rwxp 00000000 00:00 0 
2aaba3917000-2aaba4000000 ---p 00000000 00:00 0 
2aaba4000000-2aaba7ede000 rwxp 00000000 00:00 0 
2aaba7ede000-2aaba8000000 ---p 00000000 00:00 0 
2aaba8000000-2aabaacff000 rwxp 00000000 00:00 0 
2aabaacff000-2aabac000000 ---p 00000000 00:00 0 
2aabac000000-2aabafef6000 rwxp 00000000 00:00 0 
2aabafef6000-2aabb0000000 ---p 00000000 00:00 0 
2aabb0000000-2aabb2403000 rwxp 00000000 00:00 0 
2aabb2403000-2aabb4000000 ---p 00000000 00:00 0 
2aabb8000000-2aabba404000 rwxp 00000000 00:00 0 
2aabba404000-2aabbc000000 ---p 00000000 00:00 0 
2aabbc000000-2aabbc926000 rwxp 00000000 00:00 0 
2aabbc926000-2aabc0000000 ---p 00000000 00:00 0 
7fffffed7000-7ffffffff000 rwxp 00000000 00:00 0                          [stack]
ffffffffff600000-ffffffffff601000 r-xp 00000000 00:00 0                  [vsyscall]
srun: error: nid04976: task 5: Aborted
srun: Terminating job step 4469492.0
slurmstepd: error: *** STEP 4469492.0 ON nid00633 CANCELLED AT 2017-11-27T17:01:32 ***
srun: Job step aborted: Waiting up to 302 seconds for job step to finish.
srun: error: nid04974: task 3: Aborted
srun: error: nid04979: task 8: Aborted
srun: error: nid00633: task 0: Killed
srun: error: nid04981: task 10: Killed
srun: error: nid04983: task 12: Killed
srun: error: nid04980: task 9: Killed
srun: error: nid04977: task 6: Killed
srun: error: nid04985: task 14: Killed
srun: error: nid04982: task 11: Killed
srun: error: nid04975: task 4: Killed
srun: error: nid04986: task 15: Killed
srun: error: nid04984: task 13: Killed
srun: error: nid04978: task 7: Killed
srun: error: nid04973: task 2: Killed
srun: error: nid00634: task 1: Killed
MPICH2 ERROR [Rank 0] [job id 10004469492] [Mon Nov 27 19:09:28 2017] [c3-0c0s14n1] [nid00633] - MPID_nem_gni_check_localCQ(): GNI_CQ_EVENT_TYPE_POST had error (SOURCE_SSID:AT_PF_INV:CPLTN_SRSP)
MPICH2 ERROR [Rank 0] [job id 10004469492] [Mon Nov 27 19:09:38 2017] [c3-0c0s14n1] [nid00633] - MPID_nem_gni_check_localCQ(): GNI_CQ_EVENT_TYPE_POST had error (SOURCE_SSID:AT_PF_INV:CPLTN_SRSP)
MPICH2 ERROR [Rank 0] [job id 10004469492] [Mon Nov 27 19:09:48 2017] [c3-0c0s14n1] [nid00633] - MPID_nem_gni_check_localCQ(): GNI_CQ_EVENT_TYPE_POST had error (SOURCE_SSID:AT_PF_INV:CPLTN_SRSP)
MPICH2 ERROR [Rank 0] [job id 10004469492] [Mon Nov 27 19:09:58 2017] [c3-0c0s14n1] [nid00633] - MPID_nem_gni_check_localCQ(): GNI_CQ_EVENT_TYPE_POST had error (SOURCE_SSID:AT_PF_INV:CPLTN_SRSP)
srun: Job step aborted: Waiting up to 302 seconds for job step to finish.
slurmstepd: error: *** JOB 4469492 ON nid00633 CANCELLED AT 2017-11-28T14:35:53 DUE TO TIME LIMIT ***
slurmstepd: error: *** STEP 4469492.1 ON nid00633 CANCELLED AT 2017-11-28T14:35:53 DUE TO TIME LIMIT ***
srun: got SIGCONT
srun: got SIGCONT
srun: forcing job termination
